INFO - 2023-07-02 20:48:35 --> Session: Class initialized using 'CodeIgniter\Session\Handlers\FileHandler' driver.
CRITICAL - 2023-07-02 20:49:50 --> Attempt to read property "state" on null
in APPPATH\Controllers\Sensor.php on line 76.
 1 APPPATH\Controllers\Sensor.php(76): CodeIgniter\Debug\Exceptions->errorHandler(2, 'Attempt to read property "state" on null', 'D:\\Tugas Akhir\\Codeigniter\\monelis\\app\\Controllers\\Sensor.php', 76)
 2 SYSTEMPATH\CodeIgniter.php(934): App\Controllers\Sensor->get_data_sensor('192.168.137.95', 'kwh')
 3 SYSTEMPATH\CodeIgniter.php(499): CodeIgniter\CodeIgniter->runController(Object(App\Controllers\Sensor))
 4 SYSTEMPATH\CodeIgniter.php(368): CodeIgniter\CodeIgniter->handleRequest(null, Object(Config\Cache), false)
 5 FCPATH\index.php(67): CodeIgniter\CodeIgniter->run()
 6 SYSTEMPATH\Commands\Server\rewrite.php(47): require_once('D:\\Tugas Akhir\\Codeigniter\\monelis\\public\\index.php')
CRITICAL - 2023-07-02 20:50:12 --> Attempt to read property "state" on null
in APPPATH\Controllers\Sensor.php on line 76.
 1 APPPATH\Controllers\Sensor.php(76): CodeIgniter\Debug\Exceptions->errorHandler(2, 'Attempt to read property "state" on null', 'D:\\Tugas Akhir\\Codeigniter\\monelis\\app\\Controllers\\Sensor.php', 76)
 2 SYSTEMPATH\CodeIgniter.php(934): App\Controllers\Sensor->get_data_sensor('192.168.137.95', 'voltage')
 3 SYSTEMPATH\CodeIgniter.php(499): CodeIgniter\CodeIgniter->runController(Object(App\Controllers\Sensor))
 4 SYSTEMPATH\CodeIgniter.php(368): CodeIgniter\CodeIgniter->handleRequest(null, Object(Config\Cache), false)
 5 FCPATH\index.php(67): CodeIgniter\CodeIgniter->run()
 6 SYSTEMPATH\Commands\Server\rewrite.php(47): require_once('D:\\Tugas Akhir\\Codeigniter\\monelis\\public\\index.php')
CRITICAL - 2023-07-02 20:50:33 --> Attempt to read property "state" on null
in APPPATH\Controllers\Sensor.php on line 76.
 1 APPPATH\Controllers\Sensor.php(76): CodeIgniter\Debug\Exceptions->errorHandler(2, 'Attempt to read property "state" on null', 'D:\\Tugas Akhir\\Codeigniter\\monelis\\app\\Controllers\\Sensor.php', 76)
 2 SYSTEMPATH\CodeIgniter.php(934): App\Controllers\Sensor->get_data_sensor('192.168.137.95', 'watt')
 3 SYSTEMPATH\CodeIgniter.php(499): CodeIgniter\CodeIgniter->runController(Object(App\Controllers\Sensor))
 4 SYSTEMPATH\CodeIgniter.php(368): CodeIgniter\CodeIgniter->handleRequest(null, Object(Config\Cache), false)
 5 FCPATH\index.php(67): CodeIgniter\CodeIgniter->run()
 6 SYSTEMPATH\Commands\Server\rewrite.php(47): require_once('D:\\Tugas Akhir\\Codeigniter\\monelis\\public\\index.php')
CRITICAL - 2023-07-02 20:50:55 --> Attempt to read property "state" on null
in APPPATH\Controllers\Sensor.php on line 76.
 1 APPPATH\Controllers\Sensor.php(76): CodeIgniter\Debug\Exceptions->errorHandler(2, 'Attempt to read property "state" on null', 'D:\\Tugas Akhir\\Codeigniter\\monelis\\app\\Controllers\\Sensor.php', 76)
 2 SYSTEMPATH\CodeIgniter.php(934): App\Controllers\Sensor->get_data_sensor('192.168.137.95', 'current')
 3 SYSTEMPATH\CodeIgniter.php(499): CodeIgniter\CodeIgniter->runController(Object(App\Controllers\Sensor))
 4 SYSTEMPATH\CodeIgniter.php(368): CodeIgniter\CodeIgniter->handleRequest(null, Object(Config\Cache), false)
 5 FCPATH\index.php(67): CodeIgniter\CodeIgniter->run()
 6 SYSTEMPATH\Commands\Server\rewrite.php(47): require_once('D:\\Tugas Akhir\\Codeigniter\\monelis\\public\\index.php')
CRITICAL - 2023-07-02 20:50:55 --> Updates are not allowed unless they contain a "where" or "like" clause.
in SYSTEMPATH\Model.php on line 391.
 1 SYSTEMPATH\BaseModel.php(943): CodeIgniter\Model->doUpdate(null, [...])
 2 SYSTEMPATH\Model.php(756): CodeIgniter\BaseModel->update(null, [...])
 3 APPPATH\Models\AlertModel.php(54): CodeIgniter\Model->update()
 4 APPPATH\Controllers\FuzzyLogic.php(67): App\Models\AlertModel->updateTypeAlert('Normal')
 5 SYSTEMPATH\CodeIgniter.php(934): App\Controllers\FuzzyLogic->index()
 6 SYSTEMPATH\CodeIgniter.php(499): CodeIgniter\CodeIgniter->runController(Object(App\Controllers\FuzzyLogic))
 7 SYSTEMPATH\CodeIgniter.php(368): CodeIgniter\CodeIgniter->handleRequest(null, Object(Config\Cache), false)
 8 FCPATH\index.php(67): CodeIgniter\CodeIgniter->run()
 9 SYSTEMPATH\Commands\Server\rewrite.php(47): require_once('D:\\Tugas Akhir\\Codeigniter\\monelis\\public\\index.php')
CRITICAL - 2023-07-02 20:54:57 --> Attempt to read property "state" on null
in APPPATH\Controllers\Sensor.php on line 76.
 1 APPPATH\Controllers\Sensor.php(76): CodeIgniter\Debug\Exceptions->errorHandler(2, 'Attempt to read property "state" on null', 'D:\\Tugas Akhir\\Codeigniter\\monelis\\app\\Controllers\\Sensor.php', 76)
 2 SYSTEMPATH\CodeIgniter.php(934): App\Controllers\Sensor->get_data_sensor('192.168.137.95', 'kwh')
 3 SYSTEMPATH\CodeIgniter.php(499): CodeIgniter\CodeIgniter->runController(Object(App\Controllers\Sensor))
 4 SYSTEMPATH\CodeIgniter.php(368): CodeIgniter\CodeIgniter->handleRequest(null, Object(Config\Cache), false)
 5 FCPATH\index.php(67): CodeIgniter\CodeIgniter->run()
 6 SYSTEMPATH\Commands\Server\rewrite.php(47): require_once('D:\\Tugas Akhir\\Codeigniter\\monelis\\public\\index.php')
CRITICAL - 2023-07-02 20:55:19 --> Attempt to read property "state" on null
in APPPATH\Controllers\Sensor.php on line 76.
 1 APPPATH\Controllers\Sensor.php(76): CodeIgniter\Debug\Exceptions->errorHandler(2, 'Attempt to read property "state" on null', 'D:\\Tugas Akhir\\Codeigniter\\monelis\\app\\Controllers\\Sensor.php', 76)
 2 SYSTEMPATH\CodeIgniter.php(934): App\Controllers\Sensor->get_data_sensor('192.168.137.95', 'voltage')
 3 SYSTEMPATH\CodeIgniter.php(499): CodeIgniter\CodeIgniter->runController(Object(App\Controllers\Sensor))
 4 SYSTEMPATH\CodeIgniter.php(368): CodeIgniter\CodeIgniter->handleRequest(null, Object(Config\Cache), false)
 5 FCPATH\index.php(67): CodeIgniter\CodeIgniter->run()
 6 SYSTEMPATH\Commands\Server\rewrite.php(47): require_once('D:\\Tugas Akhir\\Codeigniter\\monelis\\public\\index.php')
CRITICAL - 2023-07-02 20:55:40 --> Attempt to read property "state" on null
in APPPATH\Controllers\Sensor.php on line 76.
 1 APPPATH\Controllers\Sensor.php(76): CodeIgniter\Debug\Exceptions->errorHandler(2, 'Attempt to read property "state" on null', 'D:\\Tugas Akhir\\Codeigniter\\monelis\\app\\Controllers\\Sensor.php', 76)
 2 SYSTEMPATH\CodeIgniter.php(934): App\Controllers\Sensor->get_data_sensor('192.168.137.95', 'watt')
 3 SYSTEMPATH\CodeIgniter.php(499): CodeIgniter\CodeIgniter->runController(Object(App\Controllers\Sensor))
 4 SYSTEMPATH\CodeIgniter.php(368): CodeIgniter\CodeIgniter->handleRequest(null, Object(Config\Cache), false)
 5 FCPATH\index.php(67): CodeIgniter\CodeIgniter->run()
 6 SYSTEMPATH\Commands\Server\rewrite.php(47): require_once('D:\\Tugas Akhir\\Codeigniter\\monelis\\public\\index.php')
CRITICAL - 2023-07-02 20:55:41 --> Updates are not allowed unless they contain a "where" or "like" clause.
in SYSTEMPATH\Model.php on line 391.
 1 SYSTEMPATH\BaseModel.php(943): CodeIgniter\Model->doUpdate(null, [...])
 2 SYSTEMPATH\Model.php(756): CodeIgniter\BaseModel->update(null, [...])
 3 APPPATH\Models\AlertModel.php(54): CodeIgniter\Model->update()
 4 APPPATH\Controllers\FuzzyLogic.php(67): App\Models\AlertModel->updateTypeAlert('Normal')
 5 SYSTEMPATH\CodeIgniter.php(934): App\Controllers\FuzzyLogic->index()
 6 SYSTEMPATH\CodeIgniter.php(499): CodeIgniter\CodeIgniter->runController(Object(App\Controllers\FuzzyLogic))
 7 SYSTEMPATH\CodeIgniter.php(368): CodeIgniter\CodeIgniter->handleRequest(null, Object(Config\Cache), false)
 8 FCPATH\index.php(67): CodeIgniter\CodeIgniter->run()
 9 SYSTEMPATH\Commands\Server\rewrite.php(47): require_once('D:\\Tugas Akhir\\Codeigniter\\monelis\\public\\index.php')
CRITICAL - 2023-07-02 20:56:02 --> Attempt to read property "state" on null
in APPPATH\Controllers\Sensor.php on line 76.
 1 APPPATH\Controllers\Sensor.php(76): CodeIgniter\Debug\Exceptions->errorHandler(2, 'Attempt to read property "state" on null', 'D:\\Tugas Akhir\\Codeigniter\\monelis\\app\\Controllers\\Sensor.php', 76)
 2 SYSTEMPATH\CodeIgniter.php(934): App\Controllers\Sensor->get_data_sensor('192.168.137.95', 'current')
 3 SYSTEMPATH\CodeIgniter.php(499): CodeIgniter\CodeIgniter->runController(Object(App\Controllers\Sensor))
 4 SYSTEMPATH\CodeIgniter.php(368): CodeIgniter\CodeIgniter->handleRequest(null, Object(Config\Cache), false)
 5 FCPATH\index.php(67): CodeIgniter\CodeIgniter->run()
 6 SYSTEMPATH\Commands\Server\rewrite.php(47): require_once('D:\\Tugas Akhir\\Codeigniter\\monelis\\public\\index.php')
INFO - 2023-07-02 20:56:02 --> Session: Class initialized using 'CodeIgniter\Session\Handlers\FileHandler' driver.
INFO - 2023-07-02 20:56:37 --> Session: Class initialized using 'CodeIgniter\Session\Handlers\FileHandler' driver.
INFO - 2023-07-02 20:56:38 --> Session: Class initialized using 'CodeIgniter\Session\Handlers\FileHandler' driver.
CRITICAL - 2023-07-02 20:56:42 --> Updates are not allowed unless they contain a "where" or "like" clause.
in SYSTEMPATH\Model.php on line 391.
 1 SYSTEMPATH\BaseModel.php(943): CodeIgniter\Model->doUpdate(null, [...])
 2 SYSTEMPATH\Model.php(756): CodeIgniter\BaseModel->update(null, [...])
 3 APPPATH\Models\AlertModel.php(54): CodeIgniter\Model->update()
 4 APPPATH\Controllers\FuzzyLogic.php(67): App\Models\AlertModel->updateTypeAlert('Normal')
 5 SYSTEMPATH\CodeIgniter.php(934): App\Controllers\FuzzyLogic->index()
 6 SYSTEMPATH\CodeIgniter.php(499): CodeIgniter\CodeIgniter->runController(Object(App\Controllers\FuzzyLogic))
 7 SYSTEMPATH\CodeIgniter.php(368): CodeIgniter\CodeIgniter->handleRequest(null, Object(Config\Cache), false)
 8 FCPATH\index.php(67): CodeIgniter\CodeIgniter->run()
 9 SYSTEMPATH\Commands\Server\rewrite.php(47): require_once('D:\\Tugas Akhir\\Codeigniter\\monelis\\public\\index.php')
CRITICAL - 2023-07-02 20:56:44 --> Updates are not allowed unless they contain a "where" or "like" clause.
in SYSTEMPATH\Model.php on line 391.
 1 SYSTEMPATH\BaseModel.php(943): CodeIgniter\Model->doUpdate(null, [...])
 2 SYSTEMPATH\Model.php(756): CodeIgniter\BaseModel->update(null, [...])
 3 APPPATH\Models\AlertModel.php(54): CodeIgniter\Model->update()
 4 APPPATH\Controllers\FuzzyLogic.php(67): App\Models\AlertModel->updateTypeAlert('Normal')
 5 SYSTEMPATH\CodeIgniter.php(934): App\Controllers\FuzzyLogic->index()
 6 SYSTEMPATH\CodeIgniter.php(499): CodeIgniter\CodeIgniter->runController(Object(App\Controllers\FuzzyLogic))
 7 SYSTEMPATH\CodeIgniter.php(368): CodeIgniter\CodeIgniter->handleRequest(null, Object(Config\Cache), false)
 8 FCPATH\index.php(67): CodeIgniter\CodeIgniter->run()
 9 SYSTEMPATH\Commands\Server\rewrite.php(47): require_once('D:\\Tugas Akhir\\Codeigniter\\monelis\\public\\index.php')
CRITICAL - 2023-07-02 20:58:53 --> Updates are not allowed unless they contain a "where" or "like" clause.
in SYSTEMPATH\Model.php on line 391.
 1 SYSTEMPATH\BaseModel.php(943): CodeIgniter\Model->doUpdate(null, [...])
 2 SYSTEMPATH\Model.php(756): CodeIgniter\BaseModel->update(null, [...])
 3 APPPATH\Models\AlertModel.php(54): CodeIgniter\Model->update()
 4 APPPATH\Controllers\FuzzyLogic.php(67): App\Models\AlertModel->updateTypeAlert('Normal')
 5 SYSTEMPATH\CodeIgniter.php(934): App\Controllers\FuzzyLogic->index()
 6 SYSTEMPATH\CodeIgniter.php(499): CodeIgniter\CodeIgniter->runController(Object(App\Controllers\FuzzyLogic))
 7 SYSTEMPATH\CodeIgniter.php(368): CodeIgniter\CodeIgniter->handleRequest(null, Object(Config\Cache), false)
 8 FCPATH\index.php(67): CodeIgniter\CodeIgniter->run()
 9 SYSTEMPATH\Commands\Server\rewrite.php(47): require_once('D:\\Tugas Akhir\\Codeigniter\\monelis\\public\\index.php')
CRITICAL - 2023-07-02 20:58:57 --> Updates are not allowed unless they contain a "where" or "like" clause.
in SYSTEMPATH\Model.php on line 391.
 1 SYSTEMPATH\BaseModel.php(943): CodeIgniter\Model->doUpdate(null, [...])
 2 SYSTEMPATH\Model.php(756): CodeIgniter\BaseModel->update(null, [...])
 3 APPPATH\Models\AlertModel.php(54): CodeIgniter\Model->update()
 4 APPPATH\Controllers\FuzzyLogic.php(67): App\Models\AlertModel->updateTypeAlert('Normal')
 5 SYSTEMPATH\CodeIgniter.php(934): App\Controllers\FuzzyLogic->index()
 6 SYSTEMPATH\CodeIgniter.php(499): CodeIgniter\CodeIgniter->runController(Object(App\Controllers\FuzzyLogic))
 7 SYSTEMPATH\CodeIgniter.php(368): CodeIgniter\CodeIgniter->handleRequest(null, Object(Config\Cache), false)
 8 FCPATH\index.php(67): CodeIgniter\CodeIgniter->run()
 9 SYSTEMPATH\Commands\Server\rewrite.php(47): require_once('D:\\Tugas Akhir\\Codeigniter\\monelis\\public\\index.php')
INFO - 2023-07-02 21:40:23 --> Session: Class initialized using 'CodeIgniter\Session\Handlers\FileHandler' driver.
INFO - 2023-07-02 21:40:32 --> Session: Class initialized using 'CodeIgniter\Session\Handlers\FileHandler' driver.
INFO - 2023-07-02 21:40:37 --> Session: Class initialized using 'CodeIgniter\Session\Handlers\FileHandler' driver.
INFO - 2023-07-02 21:51:28 --> Session: Class initialized using 'CodeIgniter\Session\Handlers\FileHandler' driver.
CRITICAL - 2023-07-02 21:51:33 --> There is no data to update.
in SYSTEMPATH\BaseModel.php on line 1680.
 1 SYSTEMPATH\BaseModel.php(1680): CodeIgniter\Database\Exceptions\DataException::forEmptyDataset('update')
 2 SYSTEMPATH\BaseModel.php(910): CodeIgniter\BaseModel->transformDataToArray(null, 'update')
 3 SYSTEMPATH\Model.php(756): CodeIgniter\BaseModel->update([...], null)
 4 APPPATH\Models\AlertModel.php(40): CodeIgniter\Model->update([...])
 5 APPPATH\Controllers\Alert.php(71): App\Models\AlertModel->updateStatus('2')
 6 SYSTEMPATH\CodeIgniter.php(934): App\Controllers\Alert->updatedata()
 7 SYSTEMPATH\CodeIgniter.php(499): CodeIgniter\CodeIgniter->runController(Object(App\Controllers\Alert))
 8 SYSTEMPATH\CodeIgniter.php(368): CodeIgniter\CodeIgniter->handleRequest(null, Object(Config\Cache), false)
 9 FCPATH\index.php(67): CodeIgniter\CodeIgniter->run()
10 SYSTEMPATH\Commands\Server\rewrite.php(47): require_once('D:\\Tugas Akhir\\Codeigniter\\monelis\\public\\index.php')
INFO - 2023-07-02 21:54:53 --> Session: Class initialized using 'CodeIgniter\Session\Handlers\FileHandler' driver.
CRITICAL - 2023-07-02 21:54:57 --> There is no data to update.
in SYSTEMPATH\BaseModel.php on line 1680.
 1 SYSTEMPATH\BaseModel.php(1680): CodeIgniter\Database\Exceptions\DataException::forEmptyDataset('update')
 2 SYSTEMPATH\BaseModel.php(910): CodeIgniter\BaseModel->transformDataToArray(null, 'update')
 3 SYSTEMPATH\Model.php(756): CodeIgniter\BaseModel->update([...], null)
 4 APPPATH\Models\AlertModel.php(40): CodeIgniter\Model->update([...])
 5 APPPATH\Controllers\Alert.php(71): App\Models\AlertModel->updateStatus('2')
 6 SYSTEMPATH\CodeIgniter.php(934): App\Controllers\Alert->updatedata()
 7 SYSTEMPATH\CodeIgniter.php(499): CodeIgniter\CodeIgniter->runController(Object(App\Controllers\Alert))
 8 SYSTEMPATH\CodeIgniter.php(368): CodeIgniter\CodeIgniter->handleRequest(null, Object(Config\Cache), false)
 9 FCPATH\index.php(67): CodeIgniter\CodeIgniter->run()
10 SYSTEMPATH\Commands\Server\rewrite.php(47): require_once('D:\\Tugas Akhir\\Codeigniter\\monelis\\public\\index.php')
INFO - 2023-07-02 22:03:56 --> Session: Class initialized using 'CodeIgniter\Session\Handlers\FileHandler' driver.
INFO - 2023-07-02 22:04:02 --> Session: Class initialized using 'CodeIgniter\Session\Handlers\FileHandler' driver.
INFO - 2023-07-02 22:04:06 --> Session: Class initialized using 'CodeIgniter\Session\Handlers\FileHandler' driver.
