INFO - 2023-06-23 05:55:02 --> Session: Class initialized using 'CodeIgniter\Session\Handlers\FileHandler' driver.
CRITICAL - 2023-06-23 05:55:25 --> Attempt to read property "state" on null
in APPPATH\Controllers\Sensor.php on line 76.
 1 APPPATH\Controllers\Sensor.php(76): CodeIgniter\Debug\Exceptions->errorHandler(2, 'Attempt to read property "state" on null', 'D:\\Tugas Akhir\\Codeigniter\\monelis\\app\\Controllers\\Sensor.php', 76)
 2 SYSTEMPATH\CodeIgniter.php(934): App\Controllers\Sensor->get_data_sensor('192.168.137.76', 'kwh')
 3 SYSTEMPATH\CodeIgniter.php(499): CodeIgniter\CodeIgniter->runController(Object(App\Controllers\Sensor))
 4 SYSTEMPATH\CodeIgniter.php(368): CodeIgniter\CodeIgniter->handleRequest(null, Object(Config\Cache), false)
 5 FCPATH\index.php(67): CodeIgniter\CodeIgniter->run()
 6 SYSTEMPATH\Commands\Server\rewrite.php(47): require_once('D:\\Tugas Akhir\\Codeigniter\\monelis\\public\\index.php')
CRITICAL - 2023-06-23 05:55:46 --> Attempt to read property "state" on null
in APPPATH\Controllers\Sensor.php on line 76.
 1 APPPATH\Controllers\Sensor.php(76): CodeIgniter\Debug\Exceptions->errorHandler(2, 'Attempt to read property "state" on null', 'D:\\Tugas Akhir\\Codeigniter\\monelis\\app\\Controllers\\Sensor.php', 76)
 2 SYSTEMPATH\CodeIgniter.php(934): App\Controllers\Sensor->get_data_sensor('192.168.137.76', 'voltage')
 3 SYSTEMPATH\CodeIgniter.php(499): CodeIgniter\CodeIgniter->runController(Object(App\Controllers\Sensor))
 4 SYSTEMPATH\CodeIgniter.php(368): CodeIgniter\CodeIgniter->handleRequest(null, Object(Config\Cache), false)
 5 FCPATH\index.php(67): CodeIgniter\CodeIgniter->run()
 6 SYSTEMPATH\Commands\Server\rewrite.php(47): require_once('D:\\Tugas Akhir\\Codeigniter\\monelis\\public\\index.php')
CRITICAL - 2023-06-23 05:56:07 --> Attempt to read property "state" on null
in APPPATH\Controllers\Sensor.php on line 76.
 1 APPPATH\Controllers\Sensor.php(76): CodeIgniter\Debug\Exceptions->errorHandler(2, 'Attempt to read property "state" on null', 'D:\\Tugas Akhir\\Codeigniter\\monelis\\app\\Controllers\\Sensor.php', 76)
 2 SYSTEMPATH\CodeIgniter.php(934): App\Controllers\Sensor->get_data_sensor('192.168.137.76', 'watt')
 3 SYSTEMPATH\CodeIgniter.php(499): CodeIgniter\CodeIgniter->runController(Object(App\Controllers\Sensor))
 4 SYSTEMPATH\CodeIgniter.php(368): CodeIgniter\CodeIgniter->handleRequest(null, Object(Config\Cache), false)
 5 FCPATH\index.php(67): CodeIgniter\CodeIgniter->run()
 6 SYSTEMPATH\Commands\Server\rewrite.php(47): require_once('D:\\Tugas Akhir\\Codeigniter\\monelis\\public\\index.php')
CRITICAL - 2023-06-23 05:56:29 --> Attempt to read property "state" on null
in APPPATH\Controllers\Sensor.php on line 76.
 1 APPPATH\Controllers\Sensor.php(76): CodeIgniter\Debug\Exceptions->errorHandler(2, 'Attempt to read property "state" on null', 'D:\\Tugas Akhir\\Codeigniter\\monelis\\app\\Controllers\\Sensor.php', 76)
 2 SYSTEMPATH\CodeIgniter.php(934): App\Controllers\Sensor->get_data_sensor('192.168.137.76', 'current')
 3 SYSTEMPATH\CodeIgniter.php(499): CodeIgniter\CodeIgniter->runController(Object(App\Controllers\Sensor))
 4 SYSTEMPATH\CodeIgniter.php(368): CodeIgniter\CodeIgniter->handleRequest(null, Object(Config\Cache), false)
 5 FCPATH\index.php(67): CodeIgniter\CodeIgniter->run()
 6 SYSTEMPATH\Commands\Server\rewrite.php(47): require_once('D:\\Tugas Akhir\\Codeigniter\\monelis\\public\\index.php')
INFO - 2023-06-23 05:56:30 --> Session: Class initialized using 'CodeIgniter\Session\Handlers\FileHandler' driver.
CRITICAL - 2023-06-23 06:08:12 --> Attempt to read property "state" on null
in APPPATH\Controllers\Sensor.php on line 76.
 1 APPPATH\Controllers\Sensor.php(76): CodeIgniter\Debug\Exceptions->errorHandler(2, 'Attempt to read property "state" on null', 'D:\\Tugas Akhir\\Codeigniter\\monelis\\app\\Controllers\\Sensor.php', 76)
 2 SYSTEMPATH\CodeIgniter.php(934): App\Controllers\Sensor->get_data_sensor('192.168.137.76', 'kwh')
 3 SYSTEMPATH\CodeIgniter.php(499): CodeIgniter\CodeIgniter->runController(Object(App\Controllers\Sensor))
 4 SYSTEMPATH\CodeIgniter.php(368): CodeIgniter\CodeIgniter->handleRequest(null, Object(Config\Cache), false)
 5 FCPATH\index.php(67): CodeIgniter\CodeIgniter->run()
 6 SYSTEMPATH\Commands\Server\rewrite.php(47): require_once('D:\\Tugas Akhir\\Codeigniter\\monelis\\public\\index.php')
CRITICAL - 2023-06-23 06:08:33 --> Attempt to read property "state" on null
in APPPATH\Controllers\Sensor.php on line 76.
 1 APPPATH\Controllers\Sensor.php(76): CodeIgniter\Debug\Exceptions->errorHandler(2, 'Attempt to read property "state" on null', 'D:\\Tugas Akhir\\Codeigniter\\monelis\\app\\Controllers\\Sensor.php', 76)
 2 SYSTEMPATH\CodeIgniter.php(934): App\Controllers\Sensor->get_data_sensor('192.168.137.76', 'voltage')
 3 SYSTEMPATH\CodeIgniter.php(499): CodeIgniter\CodeIgniter->runController(Object(App\Controllers\Sensor))
 4 SYSTEMPATH\CodeIgniter.php(368): CodeIgniter\CodeIgniter->handleRequest(null, Object(Config\Cache), false)
 5 FCPATH\index.php(67): CodeIgniter\CodeIgniter->run()
 6 SYSTEMPATH\Commands\Server\rewrite.php(47): require_once('D:\\Tugas Akhir\\Codeigniter\\monelis\\public\\index.php')
CRITICAL - 2023-06-23 06:08:55 --> Attempt to read property "state" on null
in APPPATH\Controllers\Sensor.php on line 76.
 1 APPPATH\Controllers\Sensor.php(76): CodeIgniter\Debug\Exceptions->errorHandler(2, 'Attempt to read property "state" on null', 'D:\\Tugas Akhir\\Codeigniter\\monelis\\app\\Controllers\\Sensor.php', 76)
 2 SYSTEMPATH\CodeIgniter.php(934): App\Controllers\Sensor->get_data_sensor('192.168.137.76', 'watt')
 3 SYSTEMPATH\CodeIgniter.php(499): CodeIgniter\CodeIgniter->runController(Object(App\Controllers\Sensor))
 4 SYSTEMPATH\CodeIgniter.php(368): CodeIgniter\CodeIgniter->handleRequest(null, Object(Config\Cache), false)
 5 FCPATH\index.php(67): CodeIgniter\CodeIgniter->run()
 6 SYSTEMPATH\Commands\Server\rewrite.php(47): require_once('D:\\Tugas Akhir\\Codeigniter\\monelis\\public\\index.php')
CRITICAL - 2023-06-23 06:09:16 --> Attempt to read property "state" on null
in APPPATH\Controllers\Sensor.php on line 76.
 1 APPPATH\Controllers\Sensor.php(76): CodeIgniter\Debug\Exceptions->errorHandler(2, 'Attempt to read property "state" on null', 'D:\\Tugas Akhir\\Codeigniter\\monelis\\app\\Controllers\\Sensor.php', 76)
 2 SYSTEMPATH\CodeIgniter.php(934): App\Controllers\Sensor->get_data_sensor('192.168.137.76', 'current')
 3 SYSTEMPATH\CodeIgniter.php(499): CodeIgniter\CodeIgniter->runController(Object(App\Controllers\Sensor))
 4 SYSTEMPATH\CodeIgniter.php(368): CodeIgniter\CodeIgniter->handleRequest(null, Object(Config\Cache), false)
 5 FCPATH\index.php(67): CodeIgniter\CodeIgniter->run()
 6 SYSTEMPATH\Commands\Server\rewrite.php(47): require_once('D:\\Tugas Akhir\\Codeigniter\\monelis\\public\\index.php')
INFO - 2023-06-23 06:09:16 --> Session: Class initialized using 'CodeIgniter\Session\Handlers\FileHandler' driver.
INFO - 2023-06-23 06:09:16 --> Session: Class initialized using 'CodeIgniter\Session\Handlers\FileHandler' driver.
INFO - 2023-06-23 06:09:17 --> Session: Class initialized using 'CodeIgniter\Session\Handlers\FileHandler' driver.
INFO - 2023-06-23 06:09:17 --> Session: Class initialized using 'CodeIgniter\Session\Handlers\FileHandler' driver.
INFO - 2023-06-23 06:09:17 --> Session: Class initialized using 'CodeIgniter\Session\Handlers\FileHandler' driver.
CRITICAL - 2023-06-23 06:09:39 --> Attempt to read property "state" on null
in APPPATH\Controllers\Sensor.php on line 76.
 1 APPPATH\Controllers\Sensor.php(76): CodeIgniter\Debug\Exceptions->errorHandler(2, 'Attempt to read property "state" on null', 'D:\\Tugas Akhir\\Codeigniter\\monelis\\app\\Controllers\\Sensor.php', 76)
 2 SYSTEMPATH\CodeIgniter.php(934): App\Controllers\Sensor->get_data_sensor('192.168.137.76', 'kwh')
 3 SYSTEMPATH\CodeIgniter.php(499): CodeIgniter\CodeIgniter->runController(Object(App\Controllers\Sensor))
 4 SYSTEMPATH\CodeIgniter.php(368): CodeIgniter\CodeIgniter->handleRequest(null, Object(Config\Cache), false)
 5 FCPATH\index.php(67): CodeIgniter\CodeIgniter->run()
 6 SYSTEMPATH\Commands\Server\rewrite.php(47): require_once('D:\\Tugas Akhir\\Codeigniter\\monelis\\public\\index.php')
CRITICAL - 2023-06-23 06:10:00 --> Attempt to read property "state" on null
in APPPATH\Controllers\Sensor.php on line 76.
 1 APPPATH\Controllers\Sensor.php(76): CodeIgniter\Debug\Exceptions->errorHandler(2, 'Attempt to read property "state" on null', 'D:\\Tugas Akhir\\Codeigniter\\monelis\\app\\Controllers\\Sensor.php', 76)
 2 SYSTEMPATH\CodeIgniter.php(934): App\Controllers\Sensor->get_data_sensor('192.168.137.76', 'voltage')
 3 SYSTEMPATH\CodeIgniter.php(499): CodeIgniter\CodeIgniter->runController(Object(App\Controllers\Sensor))
 4 SYSTEMPATH\CodeIgniter.php(368): CodeIgniter\CodeIgniter->handleRequest(null, Object(Config\Cache), false)
 5 FCPATH\index.php(67): CodeIgniter\CodeIgniter->run()
 6 SYSTEMPATH\Commands\Server\rewrite.php(47): require_once('D:\\Tugas Akhir\\Codeigniter\\monelis\\public\\index.php')
CRITICAL - 2023-06-23 06:10:22 --> Attempt to read property "state" on null
in APPPATH\Controllers\Sensor.php on line 76.
 1 APPPATH\Controllers\Sensor.php(76): CodeIgniter\Debug\Exceptions->errorHandler(2, 'Attempt to read property "state" on null', 'D:\\Tugas Akhir\\Codeigniter\\monelis\\app\\Controllers\\Sensor.php', 76)
 2 SYSTEMPATH\CodeIgniter.php(934): App\Controllers\Sensor->get_data_sensor('192.168.137.76', 'watt')
 3 SYSTEMPATH\CodeIgniter.php(499): CodeIgniter\CodeIgniter->runController(Object(App\Controllers\Sensor))
 4 SYSTEMPATH\CodeIgniter.php(368): CodeIgniter\CodeIgniter->handleRequest(null, Object(Config\Cache), false)
 5 FCPATH\index.php(67): CodeIgniter\CodeIgniter->run()
 6 SYSTEMPATH\Commands\Server\rewrite.php(47): require_once('D:\\Tugas Akhir\\Codeigniter\\monelis\\public\\index.php')
CRITICAL - 2023-06-23 06:10:43 --> Attempt to read property "state" on null
in APPPATH\Controllers\Sensor.php on line 76.
 1 APPPATH\Controllers\Sensor.php(76): CodeIgniter\Debug\Exceptions->errorHandler(2, 'Attempt to read property "state" on null', 'D:\\Tugas Akhir\\Codeigniter\\monelis\\app\\Controllers\\Sensor.php', 76)
 2 SYSTEMPATH\CodeIgniter.php(934): App\Controllers\Sensor->get_data_sensor('192.168.137.76', 'current')
 3 SYSTEMPATH\CodeIgniter.php(499): CodeIgniter\CodeIgniter->runController(Object(App\Controllers\Sensor))
 4 SYSTEMPATH\CodeIgniter.php(368): CodeIgniter\CodeIgniter->handleRequest(null, Object(Config\Cache), false)
 5 FCPATH\index.php(67): CodeIgniter\CodeIgniter->run()
 6 SYSTEMPATH\Commands\Server\rewrite.php(47): require_once('D:\\Tugas Akhir\\Codeigniter\\monelis\\public\\index.php')
