CRITICAL - 2023-07-08 00:00:18 --> Attempt to read property "state" on null
in APPPATH\Controllers\Sensor.php on line 76.
 1 APPPATH\Controllers\Sensor.php(76): CodeIgniter\Debug\Exceptions->errorHandler(2, 'Attempt to read property "state" on null', 'D:\\Tugas Akhir\\Codeigniter\\monelis\\app\\Controllers\\Sensor.php', 76)
 2 SYSTEMPATH\CodeIgniter.php(934): App\Controllers\Sensor->get_data_sensor('192.168.137.254', 'watt')
 3 SYSTEMPATH\CodeIgniter.php(499): CodeIgniter\CodeIgniter->runController(Object(App\Controllers\Sensor))
 4 SYSTEMPATH\CodeIgniter.php(368): CodeIgniter\CodeIgniter->handleRequest(null, Object(Config\Cache), false)
 5 FCPATH\index.php(67): CodeIgniter\CodeIgniter->run()
 6 SYSTEMPATH\Commands\Server\rewrite.php(47): require_once('D:\\Tugas Akhir\\Codeigniter\\monelis\\public\\index.php')
CRITICAL - 2023-07-08 00:00:39 --> Attempt to read property "state" on null
in APPPATH\Controllers\Sensor.php on line 76.
 1 APPPATH\Controllers\Sensor.php(76): CodeIgniter\Debug\Exceptions->errorHandler(2, 'Attempt to read property "state" on null', 'D:\\Tugas Akhir\\Codeigniter\\monelis\\app\\Controllers\\Sensor.php', 76)
 2 SYSTEMPATH\CodeIgniter.php(934): App\Controllers\Sensor->get_data_sensor('192.168.137.254', 'current')
 3 SYSTEMPATH\CodeIgniter.php(499): CodeIgniter\CodeIgniter->runController(Object(App\Controllers\Sensor))
 4 SYSTEMPATH\CodeIgniter.php(368): CodeIgniter\CodeIgniter->handleRequest(null, Object(Config\Cache), false)
 5 FCPATH\index.php(67): CodeIgniter\CodeIgniter->run()
 6 SYSTEMPATH\Commands\Server\rewrite.php(47): require_once('D:\\Tugas Akhir\\Codeigniter\\monelis\\public\\index.php')
INFO - 2023-07-08 00:00:40 --> Session: Class initialized using 'CodeIgniter\Session\Handlers\FileHandler' driver.
CRITICAL - 2023-07-08 00:14:46 --> Undefined array key "kwh"
in APPPATH\Controllers\Sensor.php on line 188.
 1 APPPATH\Controllers\Sensor.php(188): CodeIgniter\Debug\Exceptions->errorHandler(2, 'Undefined array key "kwh"', 'D:\\Tugas Akhir\\Codeigniter\\monelis\\app\\Controllers\\Sensor.php', 188)
 2 SYSTEMPATH\CodeIgniter.php(934): App\Controllers\Sensor->insertData()
 3 SYSTEMPATH\CodeIgniter.php(499): CodeIgniter\CodeIgniter->runController(Object(App\Controllers\Sensor))
 4 SYSTEMPATH\CodeIgniter.php(368): CodeIgniter\CodeIgniter->handleRequest(null, Object(Config\Cache), false)
 5 FCPATH\index.php(67): CodeIgniter\CodeIgniter->run()
 6 SYSTEMPATH\Commands\Server\rewrite.php(47): require_once('D:\\Tugas Akhir\\Codeigniter\\monelis\\public\\index.php')
ERROR - 2023-07-08 11:27:33 --> Error connecting to the database: mysqli_sql_exception: No connection could be made because the target machine actively refused it in D:\Tugas Akhir\Codeigniter\monelis\system\Database\MySQLi\Connection.php:174
Stack trace:
#0 D:\Tugas Akhir\Codeigniter\monelis\system\Database\MySQLi\Connection.php(174): mysqli->real_connect('localhost', 'root', '', 'db_monelis', 3306, '', 0)
#1 D:\Tugas Akhir\Codeigniter\monelis\system\Database\BaseConnection.php(391): CodeIgniter\Database\MySQLi\Connection->connect(false)
#2 D:\Tugas Akhir\Codeigniter\monelis\system\Database\BaseConnection.php(574): CodeIgniter\Database\BaseConnection->initialize()
#3 D:\Tugas Akhir\Codeigniter\monelis\system\Database\BaseBuilder.php(1616): CodeIgniter\Database\BaseConnection->query('SELECT *\nFROM `...', Array, false)
#4 D:\Tugas Akhir\Codeigniter\monelis\app\Models\SensorModel.php(34): CodeIgniter\Database\BaseBuilder->get()
#5 D:\Tugas Akhir\Codeigniter\monelis\app\Controllers\Dashboard.php(28): App\Models\SensorModel->get_chart_data()
#6 D:\Tugas Akhir\Codeigniter\monelis\system\CodeIgniter.php(934): App\Controllers\Dashboard->index()
#7 D:\Tugas Akhir\Codeigniter\monelis\system\CodeIgniter.php(499): CodeIgniter\CodeIgniter->runController(Object(App\Controllers\Dashboard))
#8 D:\Tugas Akhir\Codeigniter\monelis\system\CodeIgniter.php(368): CodeIgniter\CodeIgniter->handleRequest(NULL, Object(Config\Cache), false)
#9 D:\Tugas Akhir\Codeigniter\monelis\public\index.php(67): CodeIgniter\CodeIgniter->run()
#10 D:\Tugas Akhir\Codeigniter\monelis\system\Commands\Server\rewrite.php(47): require_once('D:\\Tugas Akhir\\...')
#11 {main}

Next CodeIgniter\Database\Exceptions\DatabaseException: No connection could be made because the target machine actively refused it in D:\Tugas Akhir\Codeigniter\monelis\system\Database\MySQLi\Connection.php:218
Stack trace:
#0 D:\Tugas Akhir\Codeigniter\monelis\system\Database\BaseConnection.php(391): CodeIgniter\Database\MySQLi\Connection->connect(false)
#1 D:\Tugas Akhir\Codeigniter\monelis\system\Database\BaseConnection.php(574): CodeIgniter\Database\BaseConnection->initialize()
#2 D:\Tugas Akhir\Codeigniter\monelis\system\Database\BaseBuilder.php(1616): CodeIgniter\Database\BaseConnection->query('SELECT *\nFROM `...', Array, false)
#3 D:\Tugas Akhir\Codeigniter\monelis\app\Models\SensorModel.php(34): CodeIgniter\Database\BaseBuilder->get()
#4 D:\Tugas Akhir\Codeigniter\monelis\app\Controllers\Dashboard.php(28): App\Models\SensorModel->get_chart_data()
#5 D:\Tugas Akhir\Codeigniter\monelis\system\CodeIgniter.php(934): App\Controllers\Dashboard->index()
#6 D:\Tugas Akhir\Codeigniter\monelis\system\CodeIgniter.php(499): CodeIgniter\CodeIgniter->runController(Object(App\Controllers\Dashboard))
#7 D:\Tugas Akhir\Codeigniter\monelis\system\CodeIgniter.php(368): CodeIgniter\CodeIgniter->handleRequest(NULL, Object(Config\Cache), false)
#8 D:\Tugas Akhir\Codeigniter\monelis\public\index.php(67): CodeIgniter\CodeIgniter->run()
#9 D:\Tugas Akhir\Codeigniter\monelis\system\Commands\Server\rewrite.php(47): require_once('D:\\Tugas Akhir\\...')
#10 {main}
CRITICAL - 2023-07-08 11:27:33 --> Unable to connect to the database.
Main connection [MySQLi]: No connection could be made because the target machine actively refused it
in SYSTEMPATH\Database\BaseConnection.php on line 427.
 1 SYSTEMPATH\Database\BaseConnection.php(574): CodeIgniter\Database\BaseConnection->initialize()
 2 SYSTEMPATH\Database\BaseBuilder.php(1616): CodeIgniter\Database\BaseConnection->query('SELECT *
FROM `sensor`
JOIN `devices` ON `devices`.`id_device`=`sensor`.`id_device`', [], false)
 3 APPPATH\Models\SensorModel.php(34): CodeIgniter\Database\BaseBuilder->get()
 4 APPPATH\Controllers\Dashboard.php(28): App\Models\SensorModel->get_chart_data()
 5 SYSTEMPATH\CodeIgniter.php(934): App\Controllers\Dashboard->index()
 6 SYSTEMPATH\CodeIgniter.php(499): CodeIgniter\CodeIgniter->runController(Object(App\Controllers\Dashboard))
 7 SYSTEMPATH\CodeIgniter.php(368): CodeIgniter\CodeIgniter->handleRequest(null, Object(Config\Cache), false)
 8 FCPATH\index.php(67): CodeIgniter\CodeIgniter->run()
 9 SYSTEMPATH\Commands\Server\rewrite.php(47): require_once('D:\\Tugas Akhir\\Codeigniter\\monelis\\public\\index.php')
ERROR - 2023-07-08 11:27:37 --> Error connecting to the database: mysqli_sql_exception: No connection could be made because the target machine actively refused it in D:\Tugas Akhir\Codeigniter\monelis\system\Database\MySQLi\Connection.php:174
Stack trace:
#0 D:\Tugas Akhir\Codeigniter\monelis\system\Database\MySQLi\Connection.php(174): mysqli->real_connect('localhost', 'root', '', 'db_monelis', 3306, '', 0)
#1 D:\Tugas Akhir\Codeigniter\monelis\system\Database\BaseConnection.php(391): CodeIgniter\Database\MySQLi\Connection->connect(false)
#2 D:\Tugas Akhir\Codeigniter\monelis\system\Database\BaseConnection.php(574): CodeIgniter\Database\BaseConnection->initialize()
#3 D:\Tugas Akhir\Codeigniter\monelis\system\Database\BaseBuilder.php(1616): CodeIgniter\Database\BaseConnection->query('SELECT *\nFROM `...', Array, false)
#4 D:\Tugas Akhir\Codeigniter\monelis\app\Models\SensorModel.php(34): CodeIgniter\Database\BaseBuilder->get()
#5 D:\Tugas Akhir\Codeigniter\monelis\app\Controllers\Dashboard.php(28): App\Models\SensorModel->get_chart_data()
#6 D:\Tugas Akhir\Codeigniter\monelis\system\CodeIgniter.php(934): App\Controllers\Dashboard->index()
#7 D:\Tugas Akhir\Codeigniter\monelis\system\CodeIgniter.php(499): CodeIgniter\CodeIgniter->runController(Object(App\Controllers\Dashboard))
#8 D:\Tugas Akhir\Codeigniter\monelis\system\CodeIgniter.php(368): CodeIgniter\CodeIgniter->handleRequest(NULL, Object(Config\Cache), false)
#9 D:\Tugas Akhir\Codeigniter\monelis\public\index.php(67): CodeIgniter\CodeIgniter->run()
#10 D:\Tugas Akhir\Codeigniter\monelis\system\Commands\Server\rewrite.php(47): require_once('D:\\Tugas Akhir\\...')
#11 {main}

Next CodeIgniter\Database\Exceptions\DatabaseException: No connection could be made because the target machine actively refused it in D:\Tugas Akhir\Codeigniter\monelis\system\Database\MySQLi\Connection.php:218
Stack trace:
#0 D:\Tugas Akhir\Codeigniter\monelis\system\Database\BaseConnection.php(391): CodeIgniter\Database\MySQLi\Connection->connect(false)
#1 D:\Tugas Akhir\Codeigniter\monelis\system\Database\BaseConnection.php(574): CodeIgniter\Database\BaseConnection->initialize()
#2 D:\Tugas Akhir\Codeigniter\monelis\system\Database\BaseBuilder.php(1616): CodeIgniter\Database\BaseConnection->query('SELECT *\nFROM `...', Array, false)
#3 D:\Tugas Akhir\Codeigniter\monelis\app\Models\SensorModel.php(34): CodeIgniter\Database\BaseBuilder->get()
#4 D:\Tugas Akhir\Codeigniter\monelis\app\Controllers\Dashboard.php(28): App\Models\SensorModel->get_chart_data()
#5 D:\Tugas Akhir\Codeigniter\monelis\system\CodeIgniter.php(934): App\Controllers\Dashboard->index()
#6 D:\Tugas Akhir\Codeigniter\monelis\system\CodeIgniter.php(499): CodeIgniter\CodeIgniter->runController(Object(App\Controllers\Dashboard))
#7 D:\Tugas Akhir\Codeigniter\monelis\system\CodeIgniter.php(368): CodeIgniter\CodeIgniter->handleRequest(NULL, Object(Config\Cache), false)
#8 D:\Tugas Akhir\Codeigniter\monelis\public\index.php(67): CodeIgniter\CodeIgniter->run()
#9 D:\Tugas Akhir\Codeigniter\monelis\system\Commands\Server\rewrite.php(47): require_once('D:\\Tugas Akhir\\...')
#10 {main}
CRITICAL - 2023-07-08 11:27:37 --> Unable to connect to the database.
Main connection [MySQLi]: No connection could be made because the target machine actively refused it
in SYSTEMPATH\Database\BaseConnection.php on line 427.
 1 SYSTEMPATH\Database\BaseConnection.php(574): CodeIgniter\Database\BaseConnection->initialize()
 2 SYSTEMPATH\Database\BaseBuilder.php(1616): CodeIgniter\Database\BaseConnection->query('SELECT *
FROM `sensor`
JOIN `devices` ON `devices`.`id_device`=`sensor`.`id_device`', [], false)
 3 APPPATH\Models\SensorModel.php(34): CodeIgniter\Database\BaseBuilder->get()
 4 APPPATH\Controllers\Dashboard.php(28): App\Models\SensorModel->get_chart_data()
 5 SYSTEMPATH\CodeIgniter.php(934): App\Controllers\Dashboard->index()
 6 SYSTEMPATH\CodeIgniter.php(499): CodeIgniter\CodeIgniter->runController(Object(App\Controllers\Dashboard))
 7 SYSTEMPATH\CodeIgniter.php(368): CodeIgniter\CodeIgniter->handleRequest(null, Object(Config\Cache), false)
 8 FCPATH\index.php(67): CodeIgniter\CodeIgniter->run()
 9 SYSTEMPATH\Commands\Server\rewrite.php(47): require_once('D:\\Tugas Akhir\\Codeigniter\\monelis\\public\\index.php')
INFO - 2023-07-08 11:27:46 --> Session: Class initialized using 'CodeIgniter\Session\Handlers\FileHandler' driver.
INFO - 2023-07-08 11:30:24 --> Session: Class initialized using 'CodeIgniter\Session\Handlers\FileHandler' driver.
INFO - 2023-07-08 11:30:30 --> Session: Class initialized using 'CodeIgniter\Session\Handlers\FileHandler' driver.
INFO - 2023-07-08 11:30:30 --> Session: Class initialized using 'CodeIgniter\Session\Handlers\FileHandler' driver.
INFO - 2023-07-08 11:30:37 --> Session: Class initialized using 'CodeIgniter\Session\Handlers\FileHandler' driver.
INFO - 2023-07-08 11:30:52 --> Session: Class initialized using 'CodeIgniter\Session\Handlers\FileHandler' driver.
INFO - 2023-07-08 11:30:55 --> Session: Class initialized using 'CodeIgniter\Session\Handlers\FileHandler' driver.
INFO - 2023-07-08 11:31:08 --> Session: Class initialized using 'CodeIgniter\Session\Handlers\FileHandler' driver.
INFO - 2023-07-08 11:32:21 --> Session: Class initialized using 'CodeIgniter\Session\Handlers\FileHandler' driver.
CRITICAL - 2023-07-08 12:48:45 --> Call to undefined method App\Models\ModelDetailSensor::whereDate
in SYSTEMPATH\Model.php on line 842.
 1 APPPATH\Models\ModelDetailSensor.php(31): CodeIgniter\Model->__call('whereDate', [...])
 2 APPPATH\Controllers\Monitoring.php(24): App\Models\ModelDetailSensor->get_data()
 3 SYSTEMPATH\CodeIgniter.php(934): App\Controllers\Monitoring->index()
 4 SYSTEMPATH\CodeIgniter.php(499): CodeIgniter\CodeIgniter->runController(Object(App\Controllers\Monitoring))
 5 SYSTEMPATH\CodeIgniter.php(368): CodeIgniter\CodeIgniter->handleRequest(null, Object(Config\Cache), false)
 6 FCPATH\index.php(67): CodeIgniter\CodeIgniter->run()
 7 SYSTEMPATH\Commands\Server\rewrite.php(47): require_once('D:\\Tugas Akhir\\Codeigniter\\monelis\\public\\index.php')
INFO - 2023-07-08 13:53:10 --> Session: Class initialized using 'CodeIgniter\Session\Handlers\FileHandler' driver.
INFO - 2023-07-08 13:53:16 --> Session: Class initialized using 'CodeIgniter\Session\Handlers\FileHandler' driver.
INFO - 2023-07-08 13:53:17 --> Session: Class initialized using 'CodeIgniter\Session\Handlers\FileHandler' driver.
CRITICAL - 2023-07-08 14:40:36 --> Attempt to read property "state" on null
in APPPATH\Controllers\Sensor.php on line 76.
 1 APPPATH\Controllers\Sensor.php(76): CodeIgniter\Debug\Exceptions->errorHandler(2, 'Attempt to read property "state" on null', 'D:\\Tugas Akhir\\Codeigniter\\monelis\\app\\Controllers\\Sensor.php', 76)
 2 SYSTEMPATH\CodeIgniter.php(934): App\Controllers\Sensor->get_data_sensor('192.168.137.60', 'kwh')
 3 SYSTEMPATH\CodeIgniter.php(499): CodeIgniter\CodeIgniter->runController(Object(App\Controllers\Sensor))
 4 SYSTEMPATH\CodeIgniter.php(368): CodeIgniter\CodeIgniter->handleRequest(null, Object(Config\Cache), false)
 5 FCPATH\index.php(67): CodeIgniter\CodeIgniter->run()
 6 SYSTEMPATH\Commands\Server\rewrite.php(47): require_once('D:\\Tugas Akhir\\Codeigniter\\monelis\\public\\index.php')
CRITICAL - 2023-07-08 14:40:58 --> Attempt to read property "state" on null
in APPPATH\Controllers\Sensor.php on line 76.
 1 APPPATH\Controllers\Sensor.php(76): CodeIgniter\Debug\Exceptions->errorHandler(2, 'Attempt to read property "state" on null', 'D:\\Tugas Akhir\\Codeigniter\\monelis\\app\\Controllers\\Sensor.php', 76)
 2 SYSTEMPATH\CodeIgniter.php(934): App\Controllers\Sensor->get_data_sensor('192.168.137.60', 'voltage')
 3 SYSTEMPATH\CodeIgniter.php(499): CodeIgniter\CodeIgniter->runController(Object(App\Controllers\Sensor))
 4 SYSTEMPATH\CodeIgniter.php(368): CodeIgniter\CodeIgniter->handleRequest(null, Object(Config\Cache), false)
 5 FCPATH\index.php(67): CodeIgniter\CodeIgniter->run()
 6 SYSTEMPATH\Commands\Server\rewrite.php(47): require_once('D:\\Tugas Akhir\\Codeigniter\\monelis\\public\\index.php')
CRITICAL - 2023-07-08 14:41:19 --> Attempt to read property "state" on null
in APPPATH\Controllers\Sensor.php on line 76.
 1 APPPATH\Controllers\Sensor.php(76): CodeIgniter\Debug\Exceptions->errorHandler(2, 'Attempt to read property "state" on null', 'D:\\Tugas Akhir\\Codeigniter\\monelis\\app\\Controllers\\Sensor.php', 76)
 2 SYSTEMPATH\CodeIgniter.php(934): App\Controllers\Sensor->get_data_sensor('192.168.137.60', 'watt')
 3 SYSTEMPATH\CodeIgniter.php(499): CodeIgniter\CodeIgniter->runController(Object(App\Controllers\Sensor))
 4 SYSTEMPATH\CodeIgniter.php(368): CodeIgniter\CodeIgniter->handleRequest(null, Object(Config\Cache), false)
 5 FCPATH\index.php(67): CodeIgniter\CodeIgniter->run()
 6 SYSTEMPATH\Commands\Server\rewrite.php(47): require_once('D:\\Tugas Akhir\\Codeigniter\\monelis\\public\\index.php')
CRITICAL - 2023-07-08 14:41:41 --> Attempt to read property "state" on null
in APPPATH\Controllers\Sensor.php on line 76.
 1 APPPATH\Controllers\Sensor.php(76): CodeIgniter\Debug\Exceptions->errorHandler(2, 'Attempt to read property "state" on null', 'D:\\Tugas Akhir\\Codeigniter\\monelis\\app\\Controllers\\Sensor.php', 76)
 2 SYSTEMPATH\CodeIgniter.php(934): App\Controllers\Sensor->get_data_sensor('192.168.137.60', 'current')
 3 SYSTEMPATH\CodeIgniter.php(499): CodeIgniter\CodeIgniter->runController(Object(App\Controllers\Sensor))
 4 SYSTEMPATH\CodeIgniter.php(368): CodeIgniter\CodeIgniter->handleRequest(null, Object(Config\Cache), false)
 5 FCPATH\index.php(67): CodeIgniter\CodeIgniter->run()
 6 SYSTEMPATH\Commands\Server\rewrite.php(47): require_once('D:\\Tugas Akhir\\Codeigniter\\monelis\\public\\index.php')
INFO - 2023-07-08 14:58:16 --> Session: Class initialized using 'CodeIgniter\Session\Handlers\FileHandler' driver.
INFO - 2023-07-08 14:58:20 --> Session: Class initialized using 'CodeIgniter\Session\Handlers\FileHandler' driver.
INFO - 2023-07-08 14:58:21 --> Session: Class initialized using 'CodeIgniter\Session\Handlers\FileHandler' driver.
CRITICAL - 2023-07-08 15:00:00 --> Undefined array key "id_sensor"
in APPPATH\Controllers\Alert.php on line 93.
 1 APPPATH\Controllers\Alert.php(93): CodeIgniter\Debug\Exceptions->errorHandler(2, 'Undefined array key "id_sensor"', 'D:\\Tugas Akhir\\Codeigniter\\monelis\\app\\Controllers\\Alert.php', 93)
 2 SYSTEMPATH\CodeIgniter.php(934): App\Controllers\Alert->insertData()
 3 SYSTEMPATH\CodeIgniter.php(499): CodeIgniter\CodeIgniter->runController(Object(App\Controllers\Alert))
 4 SYSTEMPATH\CodeIgniter.php(368): CodeIgniter\CodeIgniter->handleRequest(null, Object(Config\Cache), false)
 5 FCPATH\index.php(67): CodeIgniter\CodeIgniter->run()
 6 SYSTEMPATH\Commands\Server\rewrite.php(47): require_once('D:\\Tugas Akhir\\Codeigniter\\monelis\\public\\index.php')
CRITICAL - 2023-07-08 15:49:30 --> Undefined array key "id_sensor"
in APPPATH\Controllers\Alert.php on line 93.
 1 APPPATH\Controllers\Alert.php(93): CodeIgniter\Debug\Exceptions->errorHandler(2, 'Undefined array key "id_sensor"', 'D:\\Tugas Akhir\\Codeigniter\\monelis\\app\\Controllers\\Alert.php', 93)
 2 SYSTEMPATH\CodeIgniter.php(934): App\Controllers\Alert->insertData()
 3 SYSTEMPATH\CodeIgniter.php(499): CodeIgniter\CodeIgniter->runController(Object(App\Controllers\Alert))
 4 SYSTEMPATH\CodeIgniter.php(368): CodeIgniter\CodeIgniter->handleRequest(null, Object(Config\Cache), false)
 5 FCPATH\index.php(67): CodeIgniter\CodeIgniter->run()
 6 SYSTEMPATH\Commands\Server\rewrite.php(47): require_once('D:\\Tugas Akhir\\Codeigniter\\monelis\\public\\index.php')
CRITICAL - 2023-07-08 15:49:35 --> Undefined array key "id_sensor"
in APPPATH\Controllers\Alert.php on line 93.
 1 APPPATH\Controllers\Alert.php(93): CodeIgniter\Debug\Exceptions->errorHandler(2, 'Undefined array key "id_sensor"', 'D:\\Tugas Akhir\\Codeigniter\\monelis\\app\\Controllers\\Alert.php', 93)
 2 SYSTEMPATH\CodeIgniter.php(934): App\Controllers\Alert->insertData()
 3 SYSTEMPATH\CodeIgniter.php(499): CodeIgniter\CodeIgniter->runController(Object(App\Controllers\Alert))
 4 SYSTEMPATH\CodeIgniter.php(368): CodeIgniter\CodeIgniter->handleRequest(null, Object(Config\Cache), false)
 5 FCPATH\index.php(67): CodeIgniter\CodeIgniter->run()
 6 SYSTEMPATH\Commands\Server\rewrite.php(47): require_once('D:\\Tugas Akhir\\Codeigniter\\monelis\\public\\index.php')
CRITICAL - 2023-07-08 15:49:40 --> Undefined array key "id_sensor"
in APPPATH\Controllers\Alert.php on line 93.
 1 APPPATH\Controllers\Alert.php(93): CodeIgniter\Debug\Exceptions->errorHandler(2, 'Undefined array key "id_sensor"', 'D:\\Tugas Akhir\\Codeigniter\\monelis\\app\\Controllers\\Alert.php', 93)
 2 SYSTEMPATH\CodeIgniter.php(934): App\Controllers\Alert->insertData()
 3 SYSTEMPATH\CodeIgniter.php(499): CodeIgniter\CodeIgniter->runController(Object(App\Controllers\Alert))
 4 SYSTEMPATH\CodeIgniter.php(368): CodeIgniter\CodeIgniter->handleRequest(null, Object(Config\Cache), false)
 5 FCPATH\index.php(67): CodeIgniter\CodeIgniter->run()
 6 SYSTEMPATH\Commands\Server\rewrite.php(47): require_once('D:\\Tugas Akhir\\Codeigniter\\monelis\\public\\index.php')
CRITICAL - 2023-07-08 15:49:45 --> Undefined array key "id_sensor"
in APPPATH\Controllers\Alert.php on line 93.
 1 APPPATH\Controllers\Alert.php(93): CodeIgniter\Debug\Exceptions->errorHandler(2, 'Undefined array key "id_sensor"', 'D:\\Tugas Akhir\\Codeigniter\\monelis\\app\\Controllers\\Alert.php', 93)
 2 SYSTEMPATH\CodeIgniter.php(934): App\Controllers\Alert->insertData()
 3 SYSTEMPATH\CodeIgniter.php(499): CodeIgniter\CodeIgniter->runController(Object(App\Controllers\Alert))
 4 SYSTEMPATH\CodeIgniter.php(368): CodeIgniter\CodeIgniter->handleRequest(null, Object(Config\Cache), false)
 5 FCPATH\index.php(67): CodeIgniter\CodeIgniter->run()
 6 SYSTEMPATH\Commands\Server\rewrite.php(47): require_once('D:\\Tugas Akhir\\Codeigniter\\monelis\\public\\index.php')
CRITICAL - 2023-07-08 15:49:50 --> Undefined array key "id_sensor"
in APPPATH\Controllers\Alert.php on line 93.
 1 APPPATH\Controllers\Alert.php(93): CodeIgniter\Debug\Exceptions->errorHandler(2, 'Undefined array key "id_sensor"', 'D:\\Tugas Akhir\\Codeigniter\\monelis\\app\\Controllers\\Alert.php', 93)
 2 SYSTEMPATH\CodeIgniter.php(934): App\Controllers\Alert->insertData()
 3 SYSTEMPATH\CodeIgniter.php(499): CodeIgniter\CodeIgniter->runController(Object(App\Controllers\Alert))
 4 SYSTEMPATH\CodeIgniter.php(368): CodeIgniter\CodeIgniter->handleRequest(null, Object(Config\Cache), false)
 5 FCPATH\index.php(67): CodeIgniter\CodeIgniter->run()
 6 SYSTEMPATH\Commands\Server\rewrite.php(47): require_once('D:\\Tugas Akhir\\Codeigniter\\monelis\\public\\index.php')
CRITICAL - 2023-07-08 15:49:55 --> Undefined array key "id_sensor"
in APPPATH\Controllers\Alert.php on line 93.
 1 APPPATH\Controllers\Alert.php(93): CodeIgniter\Debug\Exceptions->errorHandler(2, 'Undefined array key "id_sensor"', 'D:\\Tugas Akhir\\Codeigniter\\monelis\\app\\Controllers\\Alert.php', 93)
 2 SYSTEMPATH\CodeIgniter.php(934): App\Controllers\Alert->insertData()
 3 SYSTEMPATH\CodeIgniter.php(499): CodeIgniter\CodeIgniter->runController(Object(App\Controllers\Alert))
 4 SYSTEMPATH\CodeIgniter.php(368): CodeIgniter\CodeIgniter->handleRequest(null, Object(Config\Cache), false)
 5 FCPATH\index.php(67): CodeIgniter\CodeIgniter->run()
 6 SYSTEMPATH\Commands\Server\rewrite.php(47): require_once('D:\\Tugas Akhir\\Codeigniter\\monelis\\public\\index.php')
CRITICAL - 2023-07-08 15:50:00 --> Undefined array key "id_sensor"
in APPPATH\Controllers\Alert.php on line 93.
 1 APPPATH\Controllers\Alert.php(93): CodeIgniter\Debug\Exceptions->errorHandler(2, 'Undefined array key "id_sensor"', 'D:\\Tugas Akhir\\Codeigniter\\monelis\\app\\Controllers\\Alert.php', 93)
 2 SYSTEMPATH\CodeIgniter.php(934): App\Controllers\Alert->insertData()
 3 SYSTEMPATH\CodeIgniter.php(499): CodeIgniter\CodeIgniter->runController(Object(App\Controllers\Alert))
 4 SYSTEMPATH\CodeIgniter.php(368): CodeIgniter\CodeIgniter->handleRequest(null, Object(Config\Cache), false)
 5 FCPATH\index.php(67): CodeIgniter\CodeIgniter->run()
 6 SYSTEMPATH\Commands\Server\rewrite.php(47): require_once('D:\\Tugas Akhir\\Codeigniter\\monelis\\public\\index.php')
CRITICAL - 2023-07-08 15:50:05 --> Undefined array key "id_sensor"
in APPPATH\Controllers\Alert.php on line 93.
 1 APPPATH\Controllers\Alert.php(93): CodeIgniter\Debug\Exceptions->errorHandler(2, 'Undefined array key "id_sensor"', 'D:\\Tugas Akhir\\Codeigniter\\monelis\\app\\Controllers\\Alert.php', 93)
 2 SYSTEMPATH\CodeIgniter.php(934): App\Controllers\Alert->insertData()
 3 SYSTEMPATH\CodeIgniter.php(499): CodeIgniter\CodeIgniter->runController(Object(App\Controllers\Alert))
 4 SYSTEMPATH\CodeIgniter.php(368): CodeIgniter\CodeIgniter->handleRequest(null, Object(Config\Cache), false)
 5 FCPATH\index.php(67): CodeIgniter\CodeIgniter->run()
 6 SYSTEMPATH\Commands\Server\rewrite.php(47): require_once('D:\\Tugas Akhir\\Codeigniter\\monelis\\public\\index.php')
CRITICAL - 2023-07-08 15:50:10 --> Undefined array key "id_sensor"
in APPPATH\Controllers\Alert.php on line 93.
 1 APPPATH\Controllers\Alert.php(93): CodeIgniter\Debug\Exceptions->errorHandler(2, 'Undefined array key "id_sensor"', 'D:\\Tugas Akhir\\Codeigniter\\monelis\\app\\Controllers\\Alert.php', 93)
 2 SYSTEMPATH\CodeIgniter.php(934): App\Controllers\Alert->insertData()
 3 SYSTEMPATH\CodeIgniter.php(499): CodeIgniter\CodeIgniter->runController(Object(App\Controllers\Alert))
 4 SYSTEMPATH\CodeIgniter.php(368): CodeIgniter\CodeIgniter->handleRequest(null, Object(Config\Cache), false)
 5 FCPATH\index.php(67): CodeIgniter\CodeIgniter->run()
 6 SYSTEMPATH\Commands\Server\rewrite.php(47): require_once('D:\\Tugas Akhir\\Codeigniter\\monelis\\public\\index.php')
CRITICAL - 2023-07-08 15:50:15 --> Undefined array key "id_sensor"
in APPPATH\Controllers\Alert.php on line 93.
 1 APPPATH\Controllers\Alert.php(93): CodeIgniter\Debug\Exceptions->errorHandler(2, 'Undefined array key "id_sensor"', 'D:\\Tugas Akhir\\Codeigniter\\monelis\\app\\Controllers\\Alert.php', 93)
 2 SYSTEMPATH\CodeIgniter.php(934): App\Controllers\Alert->insertData()
 3 SYSTEMPATH\CodeIgniter.php(499): CodeIgniter\CodeIgniter->runController(Object(App\Controllers\Alert))
 4 SYSTEMPATH\CodeIgniter.php(368): CodeIgniter\CodeIgniter->handleRequest(null, Object(Config\Cache), false)
 5 FCPATH\index.php(67): CodeIgniter\CodeIgniter->run()
 6 SYSTEMPATH\Commands\Server\rewrite.php(47): require_once('D:\\Tugas Akhir\\Codeigniter\\monelis\\public\\index.php')
CRITICAL - 2023-07-08 15:50:20 --> Undefined array key "id_sensor"
in APPPATH\Controllers\Alert.php on line 93.
 1 APPPATH\Controllers\Alert.php(93): CodeIgniter\Debug\Exceptions->errorHandler(2, 'Undefined array key "id_sensor"', 'D:\\Tugas Akhir\\Codeigniter\\monelis\\app\\Controllers\\Alert.php', 93)
 2 SYSTEMPATH\CodeIgniter.php(934): App\Controllers\Alert->insertData()
 3 SYSTEMPATH\CodeIgniter.php(499): CodeIgniter\CodeIgniter->runController(Object(App\Controllers\Alert))
 4 SYSTEMPATH\CodeIgniter.php(368): CodeIgniter\CodeIgniter->handleRequest(null, Object(Config\Cache), false)
 5 FCPATH\index.php(67): CodeIgniter\CodeIgniter->run()
 6 SYSTEMPATH\Commands\Server\rewrite.php(47): require_once('D:\\Tugas Akhir\\Codeigniter\\monelis\\public\\index.php')
CRITICAL - 2023-07-08 15:50:35 --> Undefined array key "id_sensor"
in APPPATH\Controllers\Alert.php on line 93.
 1 APPPATH\Controllers\Alert.php(93): CodeIgniter\Debug\Exceptions->errorHandler(2, 'Undefined array key "id_sensor"', 'D:\\Tugas Akhir\\Codeigniter\\monelis\\app\\Controllers\\Alert.php', 93)
 2 SYSTEMPATH\CodeIgniter.php(934): App\Controllers\Alert->insertData()
 3 SYSTEMPATH\CodeIgniter.php(499): CodeIgniter\CodeIgniter->runController(Object(App\Controllers\Alert))
 4 SYSTEMPATH\CodeIgniter.php(368): CodeIgniter\CodeIgniter->handleRequest(null, Object(Config\Cache), false)
 5 FCPATH\index.php(67): CodeIgniter\CodeIgniter->run()
 6 SYSTEMPATH\Commands\Server\rewrite.php(47): require_once('D:\\Tugas Akhir\\Codeigniter\\monelis\\public\\index.php')
CRITICAL - 2023-07-08 15:50:40 --> Undefined array key "id_sensor"
in APPPATH\Controllers\Alert.php on line 93.
 1 APPPATH\Controllers\Alert.php(93): CodeIgniter\Debug\Exceptions->errorHandler(2, 'Undefined array key "id_sensor"', 'D:\\Tugas Akhir\\Codeigniter\\monelis\\app\\Controllers\\Alert.php', 93)
 2 SYSTEMPATH\CodeIgniter.php(934): App\Controllers\Alert->insertData()
 3 SYSTEMPATH\CodeIgniter.php(499): CodeIgniter\CodeIgniter->runController(Object(App\Controllers\Alert))
 4 SYSTEMPATH\CodeIgniter.php(368): CodeIgniter\CodeIgniter->handleRequest(null, Object(Config\Cache), false)
 5 FCPATH\index.php(67): CodeIgniter\CodeIgniter->run()
 6 SYSTEMPATH\Commands\Server\rewrite.php(47): require_once('D:\\Tugas Akhir\\Codeigniter\\monelis\\public\\index.php')
CRITICAL - 2023-07-08 15:50:45 --> Undefined array key "id_sensor"
in APPPATH\Controllers\Alert.php on line 93.
 1 APPPATH\Controllers\Alert.php(93): CodeIgniter\Debug\Exceptions->errorHandler(2, 'Undefined array key "id_sensor"', 'D:\\Tugas Akhir\\Codeigniter\\monelis\\app\\Controllers\\Alert.php', 93)
 2 SYSTEMPATH\CodeIgniter.php(934): App\Controllers\Alert->insertData()
 3 SYSTEMPATH\CodeIgniter.php(499): CodeIgniter\CodeIgniter->runController(Object(App\Controllers\Alert))
 4 SYSTEMPATH\CodeIgniter.php(368): CodeIgniter\CodeIgniter->handleRequest(null, Object(Config\Cache), false)
 5 FCPATH\index.php(67): CodeIgniter\CodeIgniter->run()
 6 SYSTEMPATH\Commands\Server\rewrite.php(47): require_once('D:\\Tugas Akhir\\Codeigniter\\monelis\\public\\index.php')
CRITICAL - 2023-07-08 15:50:50 --> Undefined array key "id_sensor"
in APPPATH\Controllers\Alert.php on line 93.
 1 APPPATH\Controllers\Alert.php(93): CodeIgniter\Debug\Exceptions->errorHandler(2, 'Undefined array key "id_sensor"', 'D:\\Tugas Akhir\\Codeigniter\\monelis\\app\\Controllers\\Alert.php', 93)
 2 SYSTEMPATH\CodeIgniter.php(934): App\Controllers\Alert->insertData()
 3 SYSTEMPATH\CodeIgniter.php(499): CodeIgniter\CodeIgniter->runController(Object(App\Controllers\Alert))
 4 SYSTEMPATH\CodeIgniter.php(368): CodeIgniter\CodeIgniter->handleRequest(null, Object(Config\Cache), false)
 5 FCPATH\index.php(67): CodeIgniter\CodeIgniter->run()
 6 SYSTEMPATH\Commands\Server\rewrite.php(47): require_once('D:\\Tugas Akhir\\Codeigniter\\monelis\\public\\index.php')
CRITICAL - 2023-07-08 15:50:55 --> Undefined array key "id_sensor"
in APPPATH\Controllers\Alert.php on line 93.
 1 APPPATH\Controllers\Alert.php(93): CodeIgniter\Debug\Exceptions->errorHandler(2, 'Undefined array key "id_sensor"', 'D:\\Tugas Akhir\\Codeigniter\\monelis\\app\\Controllers\\Alert.php', 93)
 2 SYSTEMPATH\CodeIgniter.php(934): App\Controllers\Alert->insertData()
 3 SYSTEMPATH\CodeIgniter.php(499): CodeIgniter\CodeIgniter->runController(Object(App\Controllers\Alert))
 4 SYSTEMPATH\CodeIgniter.php(368): CodeIgniter\CodeIgniter->handleRequest(null, Object(Config\Cache), false)
 5 FCPATH\index.php(67): CodeIgniter\CodeIgniter->run()
 6 SYSTEMPATH\Commands\Server\rewrite.php(47): require_once('D:\\Tugas Akhir\\Codeigniter\\monelis\\public\\index.php')
CRITICAL - 2023-07-08 15:51:00 --> Undefined array key "id_sensor"
in APPPATH\Controllers\Alert.php on line 93.
 1 APPPATH\Controllers\Alert.php(93): CodeIgniter\Debug\Exceptions->errorHandler(2, 'Undefined array key "id_sensor"', 'D:\\Tugas Akhir\\Codeigniter\\monelis\\app\\Controllers\\Alert.php', 93)
 2 SYSTEMPATH\CodeIgniter.php(934): App\Controllers\Alert->insertData()
 3 SYSTEMPATH\CodeIgniter.php(499): CodeIgniter\CodeIgniter->runController(Object(App\Controllers\Alert))
 4 SYSTEMPATH\CodeIgniter.php(368): CodeIgniter\CodeIgniter->handleRequest(null, Object(Config\Cache), false)
 5 FCPATH\index.php(67): CodeIgniter\CodeIgniter->run()
 6 SYSTEMPATH\Commands\Server\rewrite.php(47): require_once('D:\\Tugas Akhir\\Codeigniter\\monelis\\public\\index.php')
CRITICAL - 2023-07-08 15:51:05 --> Undefined array key "id_sensor"
in APPPATH\Controllers\Alert.php on line 93.
 1 APPPATH\Controllers\Alert.php(93): CodeIgniter\Debug\Exceptions->errorHandler(2, 'Undefined array key "id_sensor"', 'D:\\Tugas Akhir\\Codeigniter\\monelis\\app\\Controllers\\Alert.php', 93)
 2 SYSTEMPATH\CodeIgniter.php(934): App\Controllers\Alert->insertData()
 3 SYSTEMPATH\CodeIgniter.php(499): CodeIgniter\CodeIgniter->runController(Object(App\Controllers\Alert))
 4 SYSTEMPATH\CodeIgniter.php(368): CodeIgniter\CodeIgniter->handleRequest(null, Object(Config\Cache), false)
 5 FCPATH\index.php(67): CodeIgniter\CodeIgniter->run()
 6 SYSTEMPATH\Commands\Server\rewrite.php(47): require_once('D:\\Tugas Akhir\\Codeigniter\\monelis\\public\\index.php')
CRITICAL - 2023-07-08 15:51:10 --> Undefined array key "id_sensor"
in APPPATH\Controllers\Alert.php on line 93.
 1 APPPATH\Controllers\Alert.php(93): CodeIgniter\Debug\Exceptions->errorHandler(2, 'Undefined array key "id_sensor"', 'D:\\Tugas Akhir\\Codeigniter\\monelis\\app\\Controllers\\Alert.php', 93)
 2 SYSTEMPATH\CodeIgniter.php(934): App\Controllers\Alert->insertData()
 3 SYSTEMPATH\CodeIgniter.php(499): CodeIgniter\CodeIgniter->runController(Object(App\Controllers\Alert))
 4 SYSTEMPATH\CodeIgniter.php(368): CodeIgniter\CodeIgniter->handleRequest(null, Object(Config\Cache), false)
 5 FCPATH\index.php(67): CodeIgniter\CodeIgniter->run()
 6 SYSTEMPATH\Commands\Server\rewrite.php(47): require_once('D:\\Tugas Akhir\\Codeigniter\\monelis\\public\\index.php')
CRITICAL - 2023-07-08 15:51:15 --> Undefined array key "id_sensor"
in APPPATH\Controllers\Alert.php on line 93.
 1 APPPATH\Controllers\Alert.php(93): CodeIgniter\Debug\Exceptions->errorHandler(2, 'Undefined array key "id_sensor"', 'D:\\Tugas Akhir\\Codeigniter\\monelis\\app\\Controllers\\Alert.php', 93)
 2 SYSTEMPATH\CodeIgniter.php(934): App\Controllers\Alert->insertData()
 3 SYSTEMPATH\CodeIgniter.php(499): CodeIgniter\CodeIgniter->runController(Object(App\Controllers\Alert))
 4 SYSTEMPATH\CodeIgniter.php(368): CodeIgniter\CodeIgniter->handleRequest(null, Object(Config\Cache), false)
 5 FCPATH\index.php(67): CodeIgniter\CodeIgniter->run()
 6 SYSTEMPATH\Commands\Server\rewrite.php(47): require_once('D:\\Tugas Akhir\\Codeigniter\\monelis\\public\\index.php')
CRITICAL - 2023-07-08 15:51:20 --> Undefined array key "id_sensor"
in APPPATH\Controllers\Alert.php on line 93.
 1 APPPATH\Controllers\Alert.php(93): CodeIgniter\Debug\Exceptions->errorHandler(2, 'Undefined array key "id_sensor"', 'D:\\Tugas Akhir\\Codeigniter\\monelis\\app\\Controllers\\Alert.php', 93)
 2 SYSTEMPATH\CodeIgniter.php(934): App\Controllers\Alert->insertData()
 3 SYSTEMPATH\CodeIgniter.php(499): CodeIgniter\CodeIgniter->runController(Object(App\Controllers\Alert))
 4 SYSTEMPATH\CodeIgniter.php(368): CodeIgniter\CodeIgniter->handleRequest(null, Object(Config\Cache), false)
 5 FCPATH\index.php(67): CodeIgniter\CodeIgniter->run()
 6 SYSTEMPATH\Commands\Server\rewrite.php(47): require_once('D:\\Tugas Akhir\\Codeigniter\\monelis\\public\\index.php')
CRITICAL - 2023-07-08 15:51:25 --> Undefined array key "id_sensor"
in APPPATH\Controllers\Alert.php on line 93.
 1 APPPATH\Controllers\Alert.php(93): CodeIgniter\Debug\Exceptions->errorHandler(2, 'Undefined array key "id_sensor"', 'D:\\Tugas Akhir\\Codeigniter\\monelis\\app\\Controllers\\Alert.php', 93)
 2 SYSTEMPATH\CodeIgniter.php(934): App\Controllers\Alert->insertData()
 3 SYSTEMPATH\CodeIgniter.php(499): CodeIgniter\CodeIgniter->runController(Object(App\Controllers\Alert))
 4 SYSTEMPATH\CodeIgniter.php(368): CodeIgniter\CodeIgniter->handleRequest(null, Object(Config\Cache), false)
 5 FCPATH\index.php(67): CodeIgniter\CodeIgniter->run()
 6 SYSTEMPATH\Commands\Server\rewrite.php(47): require_once('D:\\Tugas Akhir\\Codeigniter\\monelis\\public\\index.php')
CRITICAL - 2023-07-08 15:51:30 --> Undefined array key "id_sensor"
in APPPATH\Controllers\Alert.php on line 93.
 1 APPPATH\Controllers\Alert.php(93): CodeIgniter\Debug\Exceptions->errorHandler(2, 'Undefined array key "id_sensor"', 'D:\\Tugas Akhir\\Codeigniter\\monelis\\app\\Controllers\\Alert.php', 93)
 2 SYSTEMPATH\CodeIgniter.php(934): App\Controllers\Alert->insertData()
 3 SYSTEMPATH\CodeIgniter.php(499): CodeIgniter\CodeIgniter->runController(Object(App\Controllers\Alert))
 4 SYSTEMPATH\CodeIgniter.php(368): CodeIgniter\CodeIgniter->handleRequest(null, Object(Config\Cache), false)
 5 FCPATH\index.php(67): CodeIgniter\CodeIgniter->run()
 6 SYSTEMPATH\Commands\Server\rewrite.php(47): require_once('D:\\Tugas Akhir\\Codeigniter\\monelis\\public\\index.php')
CRITICAL - 2023-07-08 15:51:35 --> Undefined array key "id_sensor"
in APPPATH\Controllers\Alert.php on line 93.
 1 APPPATH\Controllers\Alert.php(93): CodeIgniter\Debug\Exceptions->errorHandler(2, 'Undefined array key "id_sensor"', 'D:\\Tugas Akhir\\Codeigniter\\monelis\\app\\Controllers\\Alert.php', 93)
 2 SYSTEMPATH\CodeIgniter.php(934): App\Controllers\Alert->insertData()
 3 SYSTEMPATH\CodeIgniter.php(499): CodeIgniter\CodeIgniter->runController(Object(App\Controllers\Alert))
 4 SYSTEMPATH\CodeIgniter.php(368): CodeIgniter\CodeIgniter->handleRequest(null, Object(Config\Cache), false)
 5 FCPATH\index.php(67): CodeIgniter\CodeIgniter->run()
 6 SYSTEMPATH\Commands\Server\rewrite.php(47): require_once('D:\\Tugas Akhir\\Codeigniter\\monelis\\public\\index.php')
CRITICAL - 2023-07-08 15:51:40 --> Undefined array key "id_sensor"
in APPPATH\Controllers\Alert.php on line 93.
 1 APPPATH\Controllers\Alert.php(93): CodeIgniter\Debug\Exceptions->errorHandler(2, 'Undefined array key "id_sensor"', 'D:\\Tugas Akhir\\Codeigniter\\monelis\\app\\Controllers\\Alert.php', 93)
 2 SYSTEMPATH\CodeIgniter.php(934): App\Controllers\Alert->insertData()
 3 SYSTEMPATH\CodeIgniter.php(499): CodeIgniter\CodeIgniter->runController(Object(App\Controllers\Alert))
 4 SYSTEMPATH\CodeIgniter.php(368): CodeIgniter\CodeIgniter->handleRequest(null, Object(Config\Cache), false)
 5 FCPATH\index.php(67): CodeIgniter\CodeIgniter->run()
 6 SYSTEMPATH\Commands\Server\rewrite.php(47): require_once('D:\\Tugas Akhir\\Codeigniter\\monelis\\public\\index.php')
CRITICAL - 2023-07-08 15:52:02 --> Undefined array key "id_sensor"
in APPPATH\Controllers\Alert.php on line 93.
 1 APPPATH\Controllers\Alert.php(93): CodeIgniter\Debug\Exceptions->errorHandler(2, 'Undefined array key "id_sensor"', 'D:\\Tugas Akhir\\Codeigniter\\monelis\\app\\Controllers\\Alert.php', 93)
 2 SYSTEMPATH\CodeIgniter.php(934): App\Controllers\Alert->insertData()
 3 SYSTEMPATH\CodeIgniter.php(499): CodeIgniter\CodeIgniter->runController(Object(App\Controllers\Alert))
 4 SYSTEMPATH\CodeIgniter.php(368): CodeIgniter\CodeIgniter->handleRequest(null, Object(Config\Cache), false)
 5 FCPATH\index.php(67): CodeIgniter\CodeIgniter->run()
 6 SYSTEMPATH\Commands\Server\rewrite.php(47): require_once('D:\\Tugas Akhir\\Codeigniter\\monelis\\public\\index.php')
CRITICAL - 2023-07-08 15:53:02 --> Undefined array key "id_sensor"
in APPPATH\Controllers\Alert.php on line 93.
 1 APPPATH\Controllers\Alert.php(93): CodeIgniter\Debug\Exceptions->errorHandler(2, 'Undefined array key "id_sensor"', 'D:\\Tugas Akhir\\Codeigniter\\monelis\\app\\Controllers\\Alert.php', 93)
 2 SYSTEMPATH\CodeIgniter.php(934): App\Controllers\Alert->insertData()
 3 SYSTEMPATH\CodeIgniter.php(499): CodeIgniter\CodeIgniter->runController(Object(App\Controllers\Alert))
 4 SYSTEMPATH\CodeIgniter.php(368): CodeIgniter\CodeIgniter->handleRequest(null, Object(Config\Cache), false)
 5 FCPATH\index.php(67): CodeIgniter\CodeIgniter->run()
 6 SYSTEMPATH\Commands\Server\rewrite.php(47): require_once('D:\\Tugas Akhir\\Codeigniter\\monelis\\public\\index.php')
CRITICAL - 2023-07-08 15:54:02 --> Undefined array key "id_sensor"
in APPPATH\Controllers\Alert.php on line 93.
 1 APPPATH\Controllers\Alert.php(93): CodeIgniter\Debug\Exceptions->errorHandler(2, 'Undefined array key "id_sensor"', 'D:\\Tugas Akhir\\Codeigniter\\monelis\\app\\Controllers\\Alert.php', 93)
 2 SYSTEMPATH\CodeIgniter.php(934): App\Controllers\Alert->insertData()
 3 SYSTEMPATH\CodeIgniter.php(499): CodeIgniter\CodeIgniter->runController(Object(App\Controllers\Alert))
 4 SYSTEMPATH\CodeIgniter.php(368): CodeIgniter\CodeIgniter->handleRequest(null, Object(Config\Cache), false)
 5 FCPATH\index.php(67): CodeIgniter\CodeIgniter->run()
 6 SYSTEMPATH\Commands\Server\rewrite.php(47): require_once('D:\\Tugas Akhir\\Codeigniter\\monelis\\public\\index.php')
CRITICAL - 2023-07-08 15:55:01 --> Undefined array key "id_sensor"
in APPPATH\Controllers\Alert.php on line 93.
 1 APPPATH\Controllers\Alert.php(93): CodeIgniter\Debug\Exceptions->errorHandler(2, 'Undefined array key "id_sensor"', 'D:\\Tugas Akhir\\Codeigniter\\monelis\\app\\Controllers\\Alert.php', 93)
 2 SYSTEMPATH\CodeIgniter.php(934): App\Controllers\Alert->insertData()
 3 SYSTEMPATH\CodeIgniter.php(499): CodeIgniter\CodeIgniter->runController(Object(App\Controllers\Alert))
 4 SYSTEMPATH\CodeIgniter.php(368): CodeIgniter\CodeIgniter->handleRequest(null, Object(Config\Cache), false)
 5 FCPATH\index.php(67): CodeIgniter\CodeIgniter->run()
 6 SYSTEMPATH\Commands\Server\rewrite.php(47): require_once('D:\\Tugas Akhir\\Codeigniter\\monelis\\public\\index.php')
CRITICAL - 2023-07-08 15:55:05 --> Undefined array key "id_sensor"
in APPPATH\Controllers\Alert.php on line 93.
 1 APPPATH\Controllers\Alert.php(93): CodeIgniter\Debug\Exceptions->errorHandler(2, 'Undefined array key "id_sensor"', 'D:\\Tugas Akhir\\Codeigniter\\monelis\\app\\Controllers\\Alert.php', 93)
 2 SYSTEMPATH\CodeIgniter.php(934): App\Controllers\Alert->insertData()
 3 SYSTEMPATH\CodeIgniter.php(499): CodeIgniter\CodeIgniter->runController(Object(App\Controllers\Alert))
 4 SYSTEMPATH\CodeIgniter.php(368): CodeIgniter\CodeIgniter->handleRequest(null, Object(Config\Cache), false)
 5 FCPATH\index.php(67): CodeIgniter\CodeIgniter->run()
 6 SYSTEMPATH\Commands\Server\rewrite.php(47): require_once('D:\\Tugas Akhir\\Codeigniter\\monelis\\public\\index.php')
CRITICAL - 2023-07-08 15:55:10 --> Undefined array key "id_sensor"
in APPPATH\Controllers\Alert.php on line 93.
 1 APPPATH\Controllers\Alert.php(93): CodeIgniter\Debug\Exceptions->errorHandler(2, 'Undefined array key "id_sensor"', 'D:\\Tugas Akhir\\Codeigniter\\monelis\\app\\Controllers\\Alert.php', 93)
 2 SYSTEMPATH\CodeIgniter.php(934): App\Controllers\Alert->insertData()
 3 SYSTEMPATH\CodeIgniter.php(499): CodeIgniter\CodeIgniter->runController(Object(App\Controllers\Alert))
 4 SYSTEMPATH\CodeIgniter.php(368): CodeIgniter\CodeIgniter->handleRequest(null, Object(Config\Cache), false)
 5 FCPATH\index.php(67): CodeIgniter\CodeIgniter->run()
 6 SYSTEMPATH\Commands\Server\rewrite.php(47): require_once('D:\\Tugas Akhir\\Codeigniter\\monelis\\public\\index.php')
CRITICAL - 2023-07-08 15:55:15 --> Undefined array key "id_sensor"
in APPPATH\Controllers\Alert.php on line 93.
 1 APPPATH\Controllers\Alert.php(93): CodeIgniter\Debug\Exceptions->errorHandler(2, 'Undefined array key "id_sensor"', 'D:\\Tugas Akhir\\Codeigniter\\monelis\\app\\Controllers\\Alert.php', 93)
 2 SYSTEMPATH\CodeIgniter.php(934): App\Controllers\Alert->insertData()
 3 SYSTEMPATH\CodeIgniter.php(499): CodeIgniter\CodeIgniter->runController(Object(App\Controllers\Alert))
 4 SYSTEMPATH\CodeIgniter.php(368): CodeIgniter\CodeIgniter->handleRequest(null, Object(Config\Cache), false)
 5 FCPATH\index.php(67): CodeIgniter\CodeIgniter->run()
 6 SYSTEMPATH\Commands\Server\rewrite.php(47): require_once('D:\\Tugas Akhir\\Codeigniter\\monelis\\public\\index.php')
CRITICAL - 2023-07-08 15:55:20 --> Undefined array key "id_sensor"
in APPPATH\Controllers\Alert.php on line 93.
 1 APPPATH\Controllers\Alert.php(93): CodeIgniter\Debug\Exceptions->errorHandler(2, 'Undefined array key "id_sensor"', 'D:\\Tugas Akhir\\Codeigniter\\monelis\\app\\Controllers\\Alert.php', 93)
 2 SYSTEMPATH\CodeIgniter.php(934): App\Controllers\Alert->insertData()
 3 SYSTEMPATH\CodeIgniter.php(499): CodeIgniter\CodeIgniter->runController(Object(App\Controllers\Alert))
 4 SYSTEMPATH\CodeIgniter.php(368): CodeIgniter\CodeIgniter->handleRequest(null, Object(Config\Cache), false)
 5 FCPATH\index.php(67): CodeIgniter\CodeIgniter->run()
 6 SYSTEMPATH\Commands\Server\rewrite.php(47): require_once('D:\\Tugas Akhir\\Codeigniter\\monelis\\public\\index.php')
CRITICAL - 2023-07-08 15:55:25 --> Undefined array key "id_sensor"
in APPPATH\Controllers\Alert.php on line 93.
 1 APPPATH\Controllers\Alert.php(93): CodeIgniter\Debug\Exceptions->errorHandler(2, 'Undefined array key "id_sensor"', 'D:\\Tugas Akhir\\Codeigniter\\monelis\\app\\Controllers\\Alert.php', 93)
 2 SYSTEMPATH\CodeIgniter.php(934): App\Controllers\Alert->insertData()
 3 SYSTEMPATH\CodeIgniter.php(499): CodeIgniter\CodeIgniter->runController(Object(App\Controllers\Alert))
 4 SYSTEMPATH\CodeIgniter.php(368): CodeIgniter\CodeIgniter->handleRequest(null, Object(Config\Cache), false)
 5 FCPATH\index.php(67): CodeIgniter\CodeIgniter->run()
 6 SYSTEMPATH\Commands\Server\rewrite.php(47): require_once('D:\\Tugas Akhir\\Codeigniter\\monelis\\public\\index.php')
CRITICAL - 2023-07-08 15:55:30 --> Undefined array key "id_sensor"
in APPPATH\Controllers\Alert.php on line 93.
 1 APPPATH\Controllers\Alert.php(93): CodeIgniter\Debug\Exceptions->errorHandler(2, 'Undefined array key "id_sensor"', 'D:\\Tugas Akhir\\Codeigniter\\monelis\\app\\Controllers\\Alert.php', 93)
 2 SYSTEMPATH\CodeIgniter.php(934): App\Controllers\Alert->insertData()
 3 SYSTEMPATH\CodeIgniter.php(499): CodeIgniter\CodeIgniter->runController(Object(App\Controllers\Alert))
 4 SYSTEMPATH\CodeIgniter.php(368): CodeIgniter\CodeIgniter->handleRequest(null, Object(Config\Cache), false)
 5 FCPATH\index.php(67): CodeIgniter\CodeIgniter->run()
 6 SYSTEMPATH\Commands\Server\rewrite.php(47): require_once('D:\\Tugas Akhir\\Codeigniter\\monelis\\public\\index.php')
CRITICAL - 2023-07-08 15:55:35 --> Undefined array key "id_sensor"
in APPPATH\Controllers\Alert.php on line 93.
 1 APPPATH\Controllers\Alert.php(93): CodeIgniter\Debug\Exceptions->errorHandler(2, 'Undefined array key "id_sensor"', 'D:\\Tugas Akhir\\Codeigniter\\monelis\\app\\Controllers\\Alert.php', 93)
 2 SYSTEMPATH\CodeIgniter.php(934): App\Controllers\Alert->insertData()
 3 SYSTEMPATH\CodeIgniter.php(499): CodeIgniter\CodeIgniter->runController(Object(App\Controllers\Alert))
 4 SYSTEMPATH\CodeIgniter.php(368): CodeIgniter\CodeIgniter->handleRequest(null, Object(Config\Cache), false)
 5 FCPATH\index.php(67): CodeIgniter\CodeIgniter->run()
 6 SYSTEMPATH\Commands\Server\rewrite.php(47): require_once('D:\\Tugas Akhir\\Codeigniter\\monelis\\public\\index.php')
CRITICAL - 2023-07-08 15:57:47 --> Undefined array key "id_sensor"
in APPPATH\Controllers\Alert.php on line 93.
 1 APPPATH\Controllers\Alert.php(93): CodeIgniter\Debug\Exceptions->errorHandler(2, 'Undefined array key "id_sensor"', 'D:\\Tugas Akhir\\Codeigniter\\monelis\\app\\Controllers\\Alert.php', 93)
 2 SYSTEMPATH\CodeIgniter.php(934): App\Controllers\Alert->insertData()
 3 SYSTEMPATH\CodeIgniter.php(499): CodeIgniter\CodeIgniter->runController(Object(App\Controllers\Alert))
 4 SYSTEMPATH\CodeIgniter.php(368): CodeIgniter\CodeIgniter->handleRequest(null, Object(Config\Cache), false)
 5 FCPATH\index.php(67): CodeIgniter\CodeIgniter->run()
 6 SYSTEMPATH\Commands\Server\rewrite.php(47): require_once('D:\\Tugas Akhir\\Codeigniter\\monelis\\public\\index.php')
INFO - 2023-07-08 16:14:02 --> Session: Class initialized using 'CodeIgniter\Session\Handlers\FileHandler' driver.
INFO - 2023-07-08 17:00:26 --> Session: Class initialized using 'CodeIgniter\Session\Handlers\FileHandler' driver.
CRITICAL - 2023-07-08 18:14:50 --> Division by zero
in APPPATH\Controllers\FuzzyLogic.php on line 50.
 1 SYSTEMPATH\CodeIgniter.php(934): App\Controllers\FuzzyLogic->index()
 2 SYSTEMPATH\CodeIgniter.php(499): CodeIgniter\CodeIgniter->runController(Object(App\Controllers\FuzzyLogic))
 3 SYSTEMPATH\CodeIgniter.php(368): CodeIgniter\CodeIgniter->handleRequest(null, Object(Config\Cache), false)
 4 FCPATH\index.php(67): CodeIgniter\CodeIgniter->run()
 5 SYSTEMPATH\Commands\Server\rewrite.php(47): require_once('D:\\Tugas Akhir\\Codeigniter\\monelis\\public\\index.php')
CRITICAL - 2023-07-08 20:46:10 --> Division by zero
in APPPATH\Controllers\FuzzyLogic.php on line 50.
 1 SYSTEMPATH\CodeIgniter.php(934): App\Controllers\FuzzyLogic->index()
 2 SYSTEMPATH\CodeIgniter.php(499): CodeIgniter\CodeIgniter->runController(Object(App\Controllers\FuzzyLogic))
 3 SYSTEMPATH\CodeIgniter.php(368): CodeIgniter\CodeIgniter->handleRequest(null, Object(Config\Cache), false)
 4 FCPATH\index.php(67): CodeIgniter\CodeIgniter->run()
 5 SYSTEMPATH\Commands\Server\rewrite.php(47): require_once('D:\\Tugas Akhir\\Codeigniter\\monelis\\public\\index.php')
