INFO - 2023-05-27 04:31:25 --> Session: Class initialized using 'CodeIgniter\Session\Handlers\FileHandler' driver.
ERROR - 2023-05-27 14:48:27 --> mysqli_sql_exception: You have an error in your SQL syntax; check the manual that corresponds to your MariaDB server version for the right syntax to use near '' at line 4 in D:\Tugas Akhir\Codeigniter\monelis\system\Database\MySQLi\Connection.php:295
Stack trace:
#0 D:\Tugas Akhir\Codeigniter\monelis\system\Database\MySQLi\Connection.php(295): mysqli->query('SELECT `watt`, ...', 0)
#1 D:\Tugas Akhir\Codeigniter\monelis\system\Database\BaseConnection.php(692): CodeIgniter\Database\MySQLi\Connection->execute('SELECT `watt`, ...')
#2 D:\Tugas Akhir\Codeigniter\monelis\system\Database\BaseConnection.php(606): CodeIgniter\Database\BaseConnection->simpleQuery('SELECT `watt`, ...')
#3 D:\Tugas Akhir\Codeigniter\monelis\system\Database\BaseBuilder.php(1616): CodeIgniter\Database\BaseConnection->query('SELECT `watt`, ...', Array, false)
#4 D:\Tugas Akhir\Codeigniter\monelis\app\Models\DashboardModel.php(39): CodeIgniter\Database\BaseBuilder->get()
#5 D:\Tugas Akhir\Codeigniter\monelis\app\Controllers\Dashboard.php(46): App\Models\DashboardModel->getDataChart('Sat')
#6 D:\Tugas Akhir\Codeigniter\monelis\system\CodeIgniter.php(934): App\Controllers\Dashboard->showChartDashboard()
#7 D:\Tugas Akhir\Codeigniter\monelis\system\CodeIgniter.php(499): CodeIgniter\CodeIgniter->runController(Object(App\Controllers\Dashboard))
#8 D:\Tugas Akhir\Codeigniter\monelis\system\CodeIgniter.php(368): CodeIgniter\CodeIgniter->handleRequest(NULL, Object(Config\Cache), false)
#9 D:\Tugas Akhir\Codeigniter\monelis\public\index.php(67): CodeIgniter\CodeIgniter->run()
#10 D:\Tugas Akhir\Codeigniter\monelis\system\Commands\Server\rewrite.php(47): require_once('D:\\Tugas Akhir\\...')
#11 {main}
CRITICAL - 2023-05-27 14:48:27 --> You have an error in your SQL syntax; check the manual that corresponds to your MariaDB server version for the right syntax to use near '' at line 4
in SYSTEMPATH\Database\MySQLi\Connection.php on line 295.
 1 SYSTEMPATH\Database\MySQLi\Connection.php(295): mysqli->query('SELECT `watt`, `volt`, HOUR(s.sensor) hour
FROM `sensor` as `s`
WHERE DAY(s.created_at) = \'Sat\'
GROUP BY HOUR(s.created_at', 0)
 2 SYSTEMPATH\Database\BaseConnection.php(692): CodeIgniter\Database\MySQLi\Connection->execute('SELECT `watt`, `volt`, HOUR(s.sensor) hour
FROM `sensor` as `s`
WHERE DAY(s.created_at) = \'Sat\'
GROUP BY HOUR(s.created_at')
 3 SYSTEMPATH\Database\BaseConnection.php(606): CodeIgniter\Database\BaseConnection->simpleQuery('SELECT `watt`, `volt`, HOUR(s.sensor) hour
FROM `sensor` as `s`
WHERE DAY(s.created_at) = \'Sat\'
GROUP BY HOUR(s.created_at')
 4 SYSTEMPATH\Database\BaseBuilder.php(1616): CodeIgniter\Database\BaseConnection->query('SELECT `watt`, `volt`, HOUR(s.sensor) hour
FROM `sensor` as `s`
WHERE DAY(s.created_at) = :DAY(s.created_at):
GROUP BY HOUR(s.created_at', [...], false)
 5 APPPATH\Models\DashboardModel.php(39): CodeIgniter\Database\BaseBuilder->get()
 6 APPPATH\Controllers\Dashboard.php(46): App\Models\DashboardModel->getDataChart('Sat')
 7 SYSTEMPATH\CodeIgniter.php(934): App\Controllers\Dashboard->showChartDashboard()
 8 SYSTEMPATH\CodeIgniter.php(499): CodeIgniter\CodeIgniter->runController(Object(App\Controllers\Dashboard))
 9 SYSTEMPATH\CodeIgniter.php(368): CodeIgniter\CodeIgniter->handleRequest(null, Object(Config\Cache), false)
10 FCPATH\index.php(67): CodeIgniter\CodeIgniter->run()
11 SYSTEMPATH\Commands\Server\rewrite.php(47): require_once('D:\\Tugas Akhir\\Codeigniter\\monelis\\public\\index.php')
ERROR - 2023-05-27 14:50:57 --> mysqli_sql_exception: Unknown column 's.created_at' in 'field list' in D:\Tugas Akhir\Codeigniter\monelis\system\Database\MySQLi\Connection.php:295
Stack trace:
#0 D:\Tugas Akhir\Codeigniter\monelis\system\Database\MySQLi\Connection.php(295): mysqli->query('SELECT `watt`, ...', 0)
#1 D:\Tugas Akhir\Codeigniter\monelis\system\Database\BaseConnection.php(692): CodeIgniter\Database\MySQLi\Connection->execute('SELECT `watt`, ...')
#2 D:\Tugas Akhir\Codeigniter\monelis\system\Database\BaseConnection.php(606): CodeIgniter\Database\BaseConnection->simpleQuery('SELECT `watt`, ...')
#3 D:\Tugas Akhir\Codeigniter\monelis\system\Database\BaseBuilder.php(1616): CodeIgniter\Database\BaseConnection->query('SELECT `watt`, ...', Array, false)
#4 D:\Tugas Akhir\Codeigniter\monelis\app\Models\DashboardModel.php(39): CodeIgniter\Database\BaseBuilder->get()
#5 D:\Tugas Akhir\Codeigniter\monelis\app\Controllers\Dashboard.php(46): App\Models\DashboardModel->getDataChart('Sat')
#6 D:\Tugas Akhir\Codeigniter\monelis\system\CodeIgniter.php(934): App\Controllers\Dashboard->showChartDashboard()
#7 D:\Tugas Akhir\Codeigniter\monelis\system\CodeIgniter.php(499): CodeIgniter\CodeIgniter->runController(Object(App\Controllers\Dashboard))
#8 D:\Tugas Akhir\Codeigniter\monelis\system\CodeIgniter.php(368): CodeIgniter\CodeIgniter->handleRequest(NULL, Object(Config\Cache), false)
#9 D:\Tugas Akhir\Codeigniter\monelis\public\index.php(67): CodeIgniter\CodeIgniter->run()
#10 D:\Tugas Akhir\Codeigniter\monelis\system\Commands\Server\rewrite.php(47): require_once('D:\\Tugas Akhir\\...')
#11 {main}
CRITICAL - 2023-05-27 14:50:57 --> Unknown column 's.created_at' in 'field list'
in SYSTEMPATH\Database\MySQLi\Connection.php on line 295.
 1 SYSTEMPATH\Database\MySQLi\Connection.php(295): mysqli->query('SELECT `watt`, `volt`, HOUR(s.created_at) as hour
FROM `sensor` as `s`
WHERE DAY(s.created_at) = \'Sat\'
GROUP BY `hour`', 0)
 2 SYSTEMPATH\Database\BaseConnection.php(692): CodeIgniter\Database\MySQLi\Connection->execute('SELECT `watt`, `volt`, HOUR(s.created_at) as hour
FROM `sensor` as `s`
WHERE DAY(s.created_at) = \'Sat\'
GROUP BY `hour`')
 3 SYSTEMPATH\Database\BaseConnection.php(606): CodeIgniter\Database\BaseConnection->simpleQuery('SELECT `watt`, `volt`, HOUR(s.created_at) as hour
FROM `sensor` as `s`
WHERE DAY(s.created_at) = \'Sat\'
GROUP BY `hour`')
 4 SYSTEMPATH\Database\BaseBuilder.php(1616): CodeIgniter\Database\BaseConnection->query('SELECT `watt`, `volt`, HOUR(s.created_at) as hour
FROM `sensor` as `s`
WHERE DAY(s.created_at) = :DAY(s.created_at):
GROUP BY `hour`', [...], false)
 5 APPPATH\Models\DashboardModel.php(39): CodeIgniter\Database\BaseBuilder->get()
 6 APPPATH\Controllers\Dashboard.php(46): App\Models\DashboardModel->getDataChart('Sat')
 7 SYSTEMPATH\CodeIgniter.php(934): App\Controllers\Dashboard->showChartDashboard()
 8 SYSTEMPATH\CodeIgniter.php(499): CodeIgniter\CodeIgniter->runController(Object(App\Controllers\Dashboard))
 9 SYSTEMPATH\CodeIgniter.php(368): CodeIgniter\CodeIgniter->handleRequest(null, Object(Config\Cache), false)
10 FCPATH\index.php(67): CodeIgniter\CodeIgniter->run()
11 SYSTEMPATH\Commands\Server\rewrite.php(47): require_once('D:\\Tugas Akhir\\Codeigniter\\monelis\\public\\index.php')
ERROR - 2023-05-27 14:51:36 --> mysqli_sql_exception: Unknown column 'created_at' in 'field list' in D:\Tugas Akhir\Codeigniter\monelis\system\Database\MySQLi\Connection.php:295
Stack trace:
#0 D:\Tugas Akhir\Codeigniter\monelis\system\Database\MySQLi\Connection.php(295): mysqli->query('SELECT `watt`, ...', 0)
#1 D:\Tugas Akhir\Codeigniter\monelis\system\Database\BaseConnection.php(692): CodeIgniter\Database\MySQLi\Connection->execute('SELECT `watt`, ...')
#2 D:\Tugas Akhir\Codeigniter\monelis\system\Database\BaseConnection.php(606): CodeIgniter\Database\BaseConnection->simpleQuery('SELECT `watt`, ...')
#3 D:\Tugas Akhir\Codeigniter\monelis\system\Database\BaseBuilder.php(1616): CodeIgniter\Database\BaseConnection->query('SELECT `watt`, ...', Array, false)
#4 D:\Tugas Akhir\Codeigniter\monelis\app\Models\DashboardModel.php(39): CodeIgniter\Database\BaseBuilder->get()
#5 D:\Tugas Akhir\Codeigniter\monelis\app\Controllers\Dashboard.php(46): App\Models\DashboardModel->getDataChart('Sat')
#6 D:\Tugas Akhir\Codeigniter\monelis\system\CodeIgniter.php(934): App\Controllers\Dashboard->showChartDashboard()
#7 D:\Tugas Akhir\Codeigniter\monelis\system\CodeIgniter.php(499): CodeIgniter\CodeIgniter->runController(Object(App\Controllers\Dashboard))
#8 D:\Tugas Akhir\Codeigniter\monelis\system\CodeIgniter.php(368): CodeIgniter\CodeIgniter->handleRequest(NULL, Object(Config\Cache), false)
#9 D:\Tugas Akhir\Codeigniter\monelis\public\index.php(67): CodeIgniter\CodeIgniter->run()
#10 D:\Tugas Akhir\Codeigniter\monelis\system\Commands\Server\rewrite.php(47): require_once('D:\\Tugas Akhir\\...')
#11 {main}
CRITICAL - 2023-05-27 14:51:36 --> Unknown column 'created_at' in 'field list'
in SYSTEMPATH\Database\MySQLi\Connection.php on line 295.
 1 SYSTEMPATH\Database\MySQLi\Connection.php(295): mysqli->query('SELECT `watt`, `volt`, HOUR(created_at) as hour
FROM `sensor` as `s`
WHERE DAY(s.created_at) = \'Sat\'
GROUP BY `hour`', 0)
 2 SYSTEMPATH\Database\BaseConnection.php(692): CodeIgniter\Database\MySQLi\Connection->execute('SELECT `watt`, `volt`, HOUR(created_at) as hour
FROM `sensor` as `s`
WHERE DAY(s.created_at) = \'Sat\'
GROUP BY `hour`')
 3 SYSTEMPATH\Database\BaseConnection.php(606): CodeIgniter\Database\BaseConnection->simpleQuery('SELECT `watt`, `volt`, HOUR(created_at) as hour
FROM `sensor` as `s`
WHERE DAY(s.created_at) = \'Sat\'
GROUP BY `hour`')
 4 SYSTEMPATH\Database\BaseBuilder.php(1616): CodeIgniter\Database\BaseConnection->query('SELECT `watt`, `volt`, HOUR(created_at) as hour
FROM `sensor` as `s`
WHERE DAY(s.created_at) = :DAY(s.created_at):
GROUP BY `hour`', [...], false)
 5 APPPATH\Models\DashboardModel.php(39): CodeIgniter\Database\BaseBuilder->get()
 6 APPPATH\Controllers\Dashboard.php(46): App\Models\DashboardModel->getDataChart('Sat')
 7 SYSTEMPATH\CodeIgniter.php(934): App\Controllers\Dashboard->showChartDashboard()
 8 SYSTEMPATH\CodeIgniter.php(499): CodeIgniter\CodeIgniter->runController(Object(App\Controllers\Dashboard))
 9 SYSTEMPATH\CodeIgniter.php(368): CodeIgniter\CodeIgniter->handleRequest(null, Object(Config\Cache), false)
10 FCPATH\index.php(67): CodeIgniter\CodeIgniter->run()
11 SYSTEMPATH\Commands\Server\rewrite.php(47): require_once('D:\\Tugas Akhir\\Codeigniter\\monelis\\public\\index.php')
