CRITICAL - 2023-05-20 12:14:05 --> The framework needs the following extension(s) installed and loaded: intl.
in SYSTEMPATH\CodeIgniter.php on line 226.
 1 SYSTEMPATH\CodeIgniter.php(226): CodeIgniter\Exceptions\FrameworkException::forMissingExtension('intl')
 2 SYSTEMPATH\CodeIgniter.php(190): CodeIgniter\CodeIgniter->resolvePlatformExtensions()
 3 ROOTPATH\spark(83): CodeIgniter\CodeIgniter->initialize()
CRITICAL - 2023-05-20 12:09:37 --> Invalid file: "sidebar.php"
in SYSTEMPATH\Exceptions\FrameworkException.php on line 33.
 1 SYSTEMPATH\View\View.php(201): CodeIgniter\Exceptions\FrameworkException::forInvalidFile('sidebar.php')
 2 SYSTEMPATH\View\View.php(229): CodeIgniter\View\View->render('sidebar', [], true)
 3 SYSTEMPATH\View\View.php(229): CodeIgniter\View\View->render('layouts/template', [], true)
 4 SYSTEMPATH\Common.php(1184): CodeIgniter\View\View->render('content/dashboard', [], true)
 5 APPPATH\Controllers\Dashboard.php(11): view('content/dashboard')
 6 SYSTEMPATH\CodeIgniter.php(934): App\Controllers\Dashboard->index()
 7 SYSTEMPATH\CodeIgniter.php(499): CodeIgniter\CodeIgniter->runController(Object(App\Controllers\Dashboard))
 8 SYSTEMPATH\CodeIgniter.php(368): CodeIgniter\CodeIgniter->handleRequest(null, Object(Config\Cache), false)
 9 FCPATH\index.php(67): CodeIgniter\CodeIgniter->run()
10 SYSTEMPATH\Commands\Server\rewrite.php(47): require_once('D:\\Tugas Akhir\\Codeigniter\\monelis\\public\\index.php')
CRITICAL - 2023-05-20 16:25:50 --> Undefined variable $devices
in APPPATH\Views\content\device.php on line 60.
 1 APPPATH\Views\content\device.php(60): CodeIgniter\Debug\Exceptions->errorHandler(2, 'Undefined variable $devices', 'D:\\Tugas Akhir\\Codeigniter\\monelis\\app\\Views\\content\\device.php', 60)
 2 SYSTEMPATH\View\View.php(213): include('D:\\Tugas Akhir\\Codeigniter\\monelis\\app\\Views\\content\\device.php')
 3 SYSTEMPATH\View\View.php(216): CodeIgniter\View\View->CodeIgniter\View\{closure}()
 4 SYSTEMPATH\Common.php(1184): CodeIgniter\View\View->render('content/device', [], true)
 5 APPPATH\Controllers\Device.php(26): view('content/device', [...])
 6 SYSTEMPATH\CodeIgniter.php(934): App\Controllers\Device->index()
 7 SYSTEMPATH\CodeIgniter.php(499): CodeIgniter\CodeIgniter->runController(Object(App\Controllers\Device))
 8 SYSTEMPATH\CodeIgniter.php(368): CodeIgniter\CodeIgniter->handleRequest(null, Object(Config\Cache), false)
 9 FCPATH\index.php(67): CodeIgniter\CodeIgniter->run()
10 SYSTEMPATH\Commands\Server\rewrite.php(47): require_once('D:\\Tugas Akhir\\Codeigniter\\monelis\\public\\index.php')
