INFO - 2023-07-12 11:16:03 --> Session: Class initialized using 'CodeIgniter\Session\Handlers\FileHandler' driver.
CRITICAL - 2023-07-12 11:16:25 --> Attempt to read property "state" on null
in APPPATH\Controllers\Sensor.php on line 76.
 1 APPPATH\Controllers\Sensor.php(76): CodeIgniter\Debug\Exceptions->errorHandler(2, 'Attempt to read property "state" on null', 'D:\\Tugas Akhir\\Codeigniter\\monelis\\app\\Controllers\\Sensor.php', 76)
 2 SYSTEMPATH\CodeIgniter.php(934): App\Controllers\Sensor->get_data_sensor('192.168.137.219', 'kwh')
 3 SYSTEMPATH\CodeIgniter.php(499): CodeIgniter\CodeIgniter->runController(Object(App\Controllers\Sensor))
 4 SYSTEMPATH\CodeIgniter.php(368): CodeIgniter\CodeIgniter->handleRequest(null, Object(Config\Cache), false)
 5 FCPATH\index.php(67): CodeIgniter\CodeIgniter->run()
 6 SYSTEMPATH\Commands\Server\rewrite.php(47): require_once('D:\\Tugas Akhir\\Codeigniter\\monelis\\public\\index.php')
CRITICAL - 2023-07-12 11:16:47 --> Attempt to read property "state" on null
in APPPATH\Controllers\Sensor.php on line 76.
 1 APPPATH\Controllers\Sensor.php(76): CodeIgniter\Debug\Exceptions->errorHandler(2, 'Attempt to read property "state" on null', 'D:\\Tugas Akhir\\Codeigniter\\monelis\\app\\Controllers\\Sensor.php', 76)
 2 SYSTEMPATH\CodeIgniter.php(934): App\Controllers\Sensor->get_data_sensor('192.168.137.219', 'voltage')
 3 SYSTEMPATH\CodeIgniter.php(499): CodeIgniter\CodeIgniter->runController(Object(App\Controllers\Sensor))
 4 SYSTEMPATH\CodeIgniter.php(368): CodeIgniter\CodeIgniter->handleRequest(null, Object(Config\Cache), false)
 5 FCPATH\index.php(67): CodeIgniter\CodeIgniter->run()
 6 SYSTEMPATH\Commands\Server\rewrite.php(47): require_once('D:\\Tugas Akhir\\Codeigniter\\monelis\\public\\index.php')
CRITICAL - 2023-07-12 11:17:08 --> Attempt to read property "state" on null
in APPPATH\Controllers\Sensor.php on line 76.
 1 APPPATH\Controllers\Sensor.php(76): CodeIgniter\Debug\Exceptions->errorHandler(2, 'Attempt to read property "state" on null', 'D:\\Tugas Akhir\\Codeigniter\\monelis\\app\\Controllers\\Sensor.php', 76)
 2 SYSTEMPATH\CodeIgniter.php(934): App\Controllers\Sensor->get_data_sensor('192.168.137.219', 'watt')
 3 SYSTEMPATH\CodeIgniter.php(499): CodeIgniter\CodeIgniter->runController(Object(App\Controllers\Sensor))
 4 SYSTEMPATH\CodeIgniter.php(368): CodeIgniter\CodeIgniter->handleRequest(null, Object(Config\Cache), false)
 5 FCPATH\index.php(67): CodeIgniter\CodeIgniter->run()
 6 SYSTEMPATH\Commands\Server\rewrite.php(47): require_once('D:\\Tugas Akhir\\Codeigniter\\monelis\\public\\index.php')
CRITICAL - 2023-07-12 11:17:30 --> Attempt to read property "state" on null
in APPPATH\Controllers\Sensor.php on line 76.
 1 APPPATH\Controllers\Sensor.php(76): CodeIgniter\Debug\Exceptions->errorHandler(2, 'Attempt to read property "state" on null', 'D:\\Tugas Akhir\\Codeigniter\\monelis\\app\\Controllers\\Sensor.php', 76)
 2 SYSTEMPATH\CodeIgniter.php(934): App\Controllers\Sensor->get_data_sensor('192.168.137.219', 'current')
 3 SYSTEMPATH\CodeIgniter.php(499): CodeIgniter\CodeIgniter->runController(Object(App\Controllers\Sensor))
 4 SYSTEMPATH\CodeIgniter.php(368): CodeIgniter\CodeIgniter->handleRequest(null, Object(Config\Cache), false)
 5 FCPATH\index.php(67): CodeIgniter\CodeIgniter->run()
 6 SYSTEMPATH\Commands\Server\rewrite.php(47): require_once('D:\\Tugas Akhir\\Codeigniter\\monelis\\public\\index.php')
INFO - 2023-07-12 11:37:33 --> Session: Class initialized using 'CodeIgniter\Session\Handlers\FileHandler' driver.
CRITICAL - 2023-07-12 11:37:55 --> Attempt to read property "state" on null
in APPPATH\Controllers\Sensor.php on line 76.
 1 APPPATH\Controllers\Sensor.php(76): CodeIgniter\Debug\Exceptions->errorHandler(2, 'Attempt to read property "state" on null', 'D:\\Tugas Akhir\\Codeigniter\\monelis\\app\\Controllers\\Sensor.php', 76)
 2 SYSTEMPATH\CodeIgniter.php(934): App\Controllers\Sensor->get_data_sensor('192.168.137.219', 'kwh')
 3 SYSTEMPATH\CodeIgniter.php(499): CodeIgniter\CodeIgniter->runController(Object(App\Controllers\Sensor))
 4 SYSTEMPATH\CodeIgniter.php(368): CodeIgniter\CodeIgniter->handleRequest(null, Object(Config\Cache), false)
 5 FCPATH\index.php(67): CodeIgniter\CodeIgniter->run()
 6 SYSTEMPATH\Commands\Server\rewrite.php(47): require_once('D:\\Tugas Akhir\\Codeigniter\\monelis\\public\\index.php')
CRITICAL - 2023-07-12 11:38:16 --> Attempt to read property "state" on null
in APPPATH\Controllers\Sensor.php on line 76.
 1 APPPATH\Controllers\Sensor.php(76): CodeIgniter\Debug\Exceptions->errorHandler(2, 'Attempt to read property "state" on null', 'D:\\Tugas Akhir\\Codeigniter\\monelis\\app\\Controllers\\Sensor.php', 76)
 2 SYSTEMPATH\CodeIgniter.php(934): App\Controllers\Sensor->get_data_sensor('192.168.137.219', 'voltage')
 3 SYSTEMPATH\CodeIgniter.php(499): CodeIgniter\CodeIgniter->runController(Object(App\Controllers\Sensor))
 4 SYSTEMPATH\CodeIgniter.php(368): CodeIgniter\CodeIgniter->handleRequest(null, Object(Config\Cache), false)
 5 FCPATH\index.php(67): CodeIgniter\CodeIgniter->run()
 6 SYSTEMPATH\Commands\Server\rewrite.php(47): require_once('D:\\Tugas Akhir\\Codeigniter\\monelis\\public\\index.php')
CRITICAL - 2023-07-12 11:38:38 --> Attempt to read property "state" on null
in APPPATH\Controllers\Sensor.php on line 76.
 1 APPPATH\Controllers\Sensor.php(76): CodeIgniter\Debug\Exceptions->errorHandler(2, 'Attempt to read property "state" on null', 'D:\\Tugas Akhir\\Codeigniter\\monelis\\app\\Controllers\\Sensor.php', 76)
 2 SYSTEMPATH\CodeIgniter.php(934): App\Controllers\Sensor->get_data_sensor('192.168.137.219', 'watt')
 3 SYSTEMPATH\CodeIgniter.php(499): CodeIgniter\CodeIgniter->runController(Object(App\Controllers\Sensor))
 4 SYSTEMPATH\CodeIgniter.php(368): CodeIgniter\CodeIgniter->handleRequest(null, Object(Config\Cache), false)
 5 FCPATH\index.php(67): CodeIgniter\CodeIgniter->run()
 6 SYSTEMPATH\Commands\Server\rewrite.php(47): require_once('D:\\Tugas Akhir\\Codeigniter\\monelis\\public\\index.php')
CRITICAL - 2023-07-12 11:38:59 --> Attempt to read property "state" on null
in APPPATH\Controllers\Sensor.php on line 76.
 1 APPPATH\Controllers\Sensor.php(76): CodeIgniter\Debug\Exceptions->errorHandler(2, 'Attempt to read property "state" on null', 'D:\\Tugas Akhir\\Codeigniter\\monelis\\app\\Controllers\\Sensor.php', 76)
 2 SYSTEMPATH\CodeIgniter.php(934): App\Controllers\Sensor->get_data_sensor('192.168.137.219', 'current')
 3 SYSTEMPATH\CodeIgniter.php(499): CodeIgniter\CodeIgniter->runController(Object(App\Controllers\Sensor))
 4 SYSTEMPATH\CodeIgniter.php(368): CodeIgniter\CodeIgniter->handleRequest(null, Object(Config\Cache), false)
 5 FCPATH\index.php(67): CodeIgniter\CodeIgniter->run()
 6 SYSTEMPATH\Commands\Server\rewrite.php(47): require_once('D:\\Tugas Akhir\\Codeigniter\\monelis\\public\\index.php')
INFO - 2023-07-12 11:39:00 --> Session: Class initialized using 'CodeIgniter\Session\Handlers\FileHandler' driver.
INFO - 2023-07-12 11:39:09 --> Session: Class initialized using 'CodeIgniter\Session\Handlers\FileHandler' driver.
INFO - 2023-07-12 11:39:10 --> Session: Class initialized using 'CodeIgniter\Session\Handlers\FileHandler' driver.
CRITICAL - 2023-07-12 12:37:42 --> Call to undefined method PhpOffice\PhpSpreadsheet\Spreadsheet::setCellValue()
in APPPATH\Controllers\Report.php on line 94.
 1 SYSTEMPATH\CodeIgniter.php(934): App\Controllers\Report->exportExcel('2023-07-12', '2023-07-12')
 2 SYSTEMPATH\CodeIgniter.php(499): CodeIgniter\CodeIgniter->runController(Object(App\Controllers\Report))
 3 SYSTEMPATH\CodeIgniter.php(368): CodeIgniter\CodeIgniter->handleRequest(null, Object(Config\Cache), false)
 4 FCPATH\index.php(67): CodeIgniter\CodeIgniter->run()
 5 SYSTEMPATH\Commands\Server\rewrite.php(47): require_once('D:\\Tugas Akhir\\Codeigniter\\monelis\\public\\index.php')
CRITICAL - 2023-07-12 12:45:24 --> Call to undefined method PhpOffice\PhpSpreadsheet\Spreadsheet::setCellValue()
in APPPATH\Controllers\Report.php on line 93.
 1 SYSTEMPATH\CodeIgniter.php(934): App\Controllers\Report->exportExcel('2023-07-12', '2023-07-12')
 2 SYSTEMPATH\CodeIgniter.php(499): CodeIgniter\CodeIgniter->runController(Object(App\Controllers\Report))
 3 SYSTEMPATH\CodeIgniter.php(368): CodeIgniter\CodeIgniter->handleRequest(null, Object(Config\Cache), false)
 4 FCPATH\index.php(67): CodeIgniter\CodeIgniter->run()
 5 SYSTEMPATH\Commands\Server\rewrite.php(47): require_once('D:\\Tugas Akhir\\Codeigniter\\monelis\\public\\index.php')
CRITICAL - 2023-07-12 17:28:44 --> Undefined array key "ampere"
in APPPATH\Views\content\report\view-pdf.php on line 56.
 1 APPPATH\Views\content\report\view-pdf.php(56): CodeIgniter\Debug\Exceptions->errorHandler(2, 'Undefined array key "ampere"', 'D:\\Tugas Akhir\\Codeigniter\\monelis\\app\\Views\\content\\report\\view-pdf.php', 56)
 2 SYSTEMPATH\View\View.php(213): include('D:\\Tugas Akhir\\Codeigniter\\monelis\\app\\Views\\content\\report\\view-pdf.php')
 3 SYSTEMPATH\View\View.php(216): CodeIgniter\View\View->CodeIgniter\View\{closure}()
 4 SYSTEMPATH\Common.php(1184): CodeIgniter\View\View->render('content/report/view-pdf', [], true)
 5 APPPATH\Controllers\Report.php(62): view('content/report/view-pdf', [...])
 6 SYSTEMPATH\CodeIgniter.php(934): App\Controllers\Report->exportPDF()
 7 SYSTEMPATH\CodeIgniter.php(499): CodeIgniter\CodeIgniter->runController(Object(App\Controllers\Report))
 8 SYSTEMPATH\CodeIgniter.php(368): CodeIgniter\CodeIgniter->handleRequest(null, Object(Config\Cache), false)
 9 FCPATH\index.php(67): CodeIgniter\CodeIgniter->run()
10 SYSTEMPATH\Commands\Server\rewrite.php(47): require_once('D:\\Tugas Akhir\\Codeigniter\\monelis\\public\\index.php')
CRITICAL - 2023-07-12 18:46:35 --> Undefined array key "ip_addres"
in APPPATH\Views\content\report\view-pdf.php on line 61.
 1 APPPATH\Views\content\report\view-pdf.php(61): CodeIgniter\Debug\Exceptions->errorHandler(2, 'Undefined array key "ip_addres"', 'D:\\Tugas Akhir\\Codeigniter\\monelis\\app\\Views\\content\\report\\view-pdf.php', 61)
 2 SYSTEMPATH\View\View.php(213): include('D:\\Tugas Akhir\\Codeigniter\\monelis\\app\\Views\\content\\report\\view-pdf.php')
 3 SYSTEMPATH\View\View.php(216): CodeIgniter\View\View->CodeIgniter\View\{closure}()
 4 SYSTEMPATH\Common.php(1184): CodeIgniter\View\View->render('content/report/view-pdf', [], true)
 5 APPPATH\Controllers\Report.php(64): view('content/report/view-pdf', [...])
 6 SYSTEMPATH\CodeIgniter.php(934): App\Controllers\Report->exportPDF()
 7 SYSTEMPATH\CodeIgniter.php(499): CodeIgniter\CodeIgniter->runController(Object(App\Controllers\Report))
 8 SYSTEMPATH\CodeIgniter.php(368): CodeIgniter\CodeIgniter->handleRequest(null, Object(Config\Cache), false)
 9 FCPATH\index.php(67): CodeIgniter\CodeIgniter->run()
10 SYSTEMPATH\Commands\Server\rewrite.php(47): require_once('D:\\Tugas Akhir\\Codeigniter\\monelis\\public\\index.php')
CRITICAL - 2023-07-12 20:12:31 --> Unsupported operand types: string + string
in APPPATH\Controllers\Report.php on line 79.
 1 SYSTEMPATH\CodeIgniter.php(934): App\Controllers\Report->exportPDF()
 2 SYSTEMPATH\CodeIgniter.php(499): CodeIgniter\CodeIgniter->runController(Object(App\Controllers\Report))
 3 SYSTEMPATH\CodeIgniter.php(368): CodeIgniter\CodeIgniter->handleRequest(null, Object(Config\Cache), false)
 4 FCPATH\index.php(67): CodeIgniter\CodeIgniter->run()
 5 SYSTEMPATH\Commands\Server\rewrite.php(47): require_once('D:\\Tugas Akhir\\Codeigniter\\monelis\\public\\index.php')
INFO - 2023-07-12 20:19:03 --> Session: Class initialized using 'CodeIgniter\Session\Handlers\FileHandler' driver.
CRITICAL - 2023-07-12 21:52:18 --> Undefined array key "id_alert"
in APPPATH\Views\content\alert.php on line 136.
 1 APPPATH\Views\content\alert.php(136): CodeIgniter\Debug\Exceptions->errorHandler(2, 'Undefined array key "id_alert"', 'D:\\Tugas Akhir\\Codeigniter\\monelis\\app\\Views\\content\\alert.php', 136)
 2 SYSTEMPATH\View\View.php(213): include('D:\\Tugas Akhir\\Codeigniter\\monelis\\app\\Views\\content\\alert.php')
 3 SYSTEMPATH\View\View.php(216): CodeIgniter\View\View->CodeIgniter\View\{closure}()
 4 SYSTEMPATH\Common.php(1184): CodeIgniter\View\View->render('content/alert', [], true)
 5 APPPATH\Controllers\Alert.php(30): view('content/alert', [...])
 6 SYSTEMPATH\CodeIgniter.php(934): App\Controllers\Alert->index()
 7 SYSTEMPATH\CodeIgniter.php(499): CodeIgniter\CodeIgniter->runController(Object(App\Controllers\Alert))
 8 SYSTEMPATH\CodeIgniter.php(368): CodeIgniter\CodeIgniter->handleRequest(null, Object(Config\Cache), false)
 9 FCPATH\index.php(67): CodeIgniter\CodeIgniter->run()
10 SYSTEMPATH\Commands\Server\rewrite.php(47): require_once('D:\\Tugas Akhir\\Codeigniter\\monelis\\public\\index.php')
CRITICAL - 2023-07-12 22:22:49 --> Undefined variable $tanggal
in APPPATH\Views\content\alert.php on line 139.
 1 APPPATH\Views\content\alert.php(139): CodeIgniter\Debug\Exceptions->errorHandler(2, 'Undefined variable $tanggal', 'D:\\Tugas Akhir\\Codeigniter\\monelis\\app\\Views\\content\\alert.php', 139)
 2 SYSTEMPATH\View\View.php(213): include('D:\\Tugas Akhir\\Codeigniter\\monelis\\app\\Views\\content\\alert.php')
 3 SYSTEMPATH\View\View.php(216): CodeIgniter\View\View->CodeIgniter\View\{closure}()
 4 SYSTEMPATH\Common.php(1184): CodeIgniter\View\View->render('content/alert', [], true)
 5 APPPATH\Controllers\Alert.php(31): view('content/alert', [...])
 6 SYSTEMPATH\CodeIgniter.php(934): App\Controllers\Alert->index()
 7 SYSTEMPATH\CodeIgniter.php(499): CodeIgniter\CodeIgniter->runController(Object(App\Controllers\Alert))
 8 SYSTEMPATH\CodeIgniter.php(368): CodeIgniter\CodeIgniter->handleRequest(null, Object(Config\Cache), false)
 9 FCPATH\index.php(67): CodeIgniter\CodeIgniter->run()
10 SYSTEMPATH\Commands\Server\rewrite.php(47): require_once('D:\\Tugas Akhir\\Codeigniter\\monelis\\public\\index.php')
ERROR - 2023-07-12 22:37:58 --> mysqli_sql_exception: Unknown column 'sensor_detail.created_at' in 'where clause' in D:\Tugas Akhir\Codeigniter\monelis\system\Database\MySQLi\Connection.php:295
Stack trace:
#0 D:\Tugas Akhir\Codeigniter\monelis\system\Database\MySQLi\Connection.php(295): mysqli->query('SELECT `type_al...', 0)
#1 D:\Tugas Akhir\Codeigniter\monelis\system\Database\BaseConnection.php(692): CodeIgniter\Database\MySQLi\Connection->execute('SELECT `type_al...')
#2 D:\Tugas Akhir\Codeigniter\monelis\system\Database\BaseConnection.php(606): CodeIgniter\Database\BaseConnection->simpleQuery('SELECT `type_al...')
#3 D:\Tugas Akhir\Codeigniter\monelis\system\Database\BaseBuilder.php(1616): CodeIgniter\Database\BaseConnection->query('SELECT `type_al...', Array, false)
#4 D:\Tugas Akhir\Codeigniter\monelis\system\Model.php(840): CodeIgniter\Database\BaseBuilder->get()
#5 D:\Tugas Akhir\Codeigniter\monelis\app\Models\DetailAlertModel.php(32): CodeIgniter\Model->__call('get', Array)
#6 D:\Tugas Akhir\Codeigniter\monelis\app\Controllers\Alert.php(29): App\Models\DetailAlertModel->report('2023-07-01', '2023-07-31')
#7 D:\Tugas Akhir\Codeigniter\monelis\system\CodeIgniter.php(934): App\Controllers\Alert->index()
#8 D:\Tugas Akhir\Codeigniter\monelis\system\CodeIgniter.php(499): CodeIgniter\CodeIgniter->runController(Object(App\Controllers\Alert))
#9 D:\Tugas Akhir\Codeigniter\monelis\system\CodeIgniter.php(368): CodeIgniter\CodeIgniter->handleRequest(NULL, Object(Config\Cache), false)
#10 D:\Tugas Akhir\Codeigniter\monelis\public\index.php(67): CodeIgniter\CodeIgniter->run()
#11 D:\Tugas Akhir\Codeigniter\monelis\system\Commands\Server\rewrite.php(47): require_once('D:\\Tugas Akhir\\...')
#12 {main}
CRITICAL - 2023-07-12 22:37:58 --> Unknown column 'sensor_detail.created_at' in 'where clause'
in SYSTEMPATH\Database\MySQLi\Connection.php on line 295.
 1 SYSTEMPATH\Database\MySQLi\Connection.php(295): mysqli->query('SELECT `type_alert`, `status`, `time_alert`
FROM `alert_detail`
WHERE SECOND(time_alert) = 0
AND date(sensor_detail.created_at) >= \'2023-07-01\'
AND date(sensor_detail.created_at) <= \'2023-07-31\'', 0)
 2 SYSTEMPATH\Database\BaseConnection.php(692): CodeIgniter\Database\MySQLi\Connection->execute('SELECT `type_alert`, `status`, `time_alert`
FROM `alert_detail`
WHERE SECOND(time_alert) = 0
AND date(sensor_detail.created_at) >= \'2023-07-01\'
AND date(sensor_detail.created_at) <= \'2023-07-31\'')
 3 SYSTEMPATH\Database\BaseConnection.php(606): CodeIgniter\Database\BaseConnection->simpleQuery('SELECT `type_alert`, `status`, `time_alert`
FROM `alert_detail`
WHERE SECOND(time_alert) = 0
AND date(sensor_detail.created_at) >= \'2023-07-01\'
AND date(sensor_detail.created_at) <= \'2023-07-31\'')
 4 SYSTEMPATH\Database\BaseBuilder.php(1616): CodeIgniter\Database\BaseConnection->query('SELECT `type_alert`, `status`, `time_alert`
FROM `alert_detail`
WHERE SECOND(time_alert) = :SECOND(time_alert):
AND date(sensor_detail.created_at) >= :date(sensor_detail.created_at):
AND date(sensor_detail.created_at) <= :date(sensor_detail.created_at).1:', [...], false)
 5 SYSTEMPATH\Model.php(840): CodeIgniter\Database\BaseBuilder->get()
 6 APPPATH\Models\DetailAlertModel.php(32): CodeIgniter\Model->__call('get', [])
 7 APPPATH\Controllers\Alert.php(29): App\Models\DetailAlertModel->report('2023-07-01', '2023-07-31')
 8 SYSTEMPATH\CodeIgniter.php(934): App\Controllers\Alert->index()
 9 SYSTEMPATH\CodeIgniter.php(499): CodeIgniter\CodeIgniter->runController(Object(App\Controllers\Alert))
10 SYSTEMPATH\CodeIgniter.php(368): CodeIgniter\CodeIgniter->handleRequest(null, Object(Config\Cache), false)
11 FCPATH\index.php(67): CodeIgniter\CodeIgniter->run()
12 SYSTEMPATH\Commands\Server\rewrite.php(47): require_once('D:\\Tugas Akhir\\Codeigniter\\monelis\\public\\index.php')
CRITICAL - 2023-07-12 23:11:53 --> Invalid file: "content/alert.php"
in SYSTEMPATH\Exceptions\FrameworkException.php on line 33.
 1 SYSTEMPATH\View\View.php(201): CodeIgniter\Exceptions\FrameworkException::forInvalidFile('content/alert.php')
 2 SYSTEMPATH\Common.php(1184): CodeIgniter\View\View->render('content/alert', [], true)
 3 APPPATH\Controllers\Alert.php(38): view('content/alert', [...])
 4 APPPATH\Controllers\Alert.php(45): App\Controllers\Alert->index('2023-07-01', '2023-07-09')
 5 SYSTEMPATH\CodeIgniter.php(934): App\Controllers\Alert->filter()
 6 SYSTEMPATH\CodeIgniter.php(499): CodeIgniter\CodeIgniter->runController(Object(App\Controllers\Alert))
 7 SYSTEMPATH\CodeIgniter.php(368): CodeIgniter\CodeIgniter->handleRequest(null, Object(Config\Cache), false)
 8 FCPATH\index.php(67): CodeIgniter\CodeIgniter->run()
 9 SYSTEMPATH\Commands\Server\rewrite.php(47): require_once('D:\\Tugas Akhir\\Codeigniter\\monelis\\public\\index.php')
CRITICAL - 2023-07-12 23:12:50 --> Undefined variable $information
in APPPATH\Views\content\alert\alert-pdf.php on line 57.
 1 APPPATH\Views\content\alert\alert-pdf.php(57): CodeIgniter\Debug\Exceptions->errorHandler(2, 'Undefined variable $information', 'D:\\Tugas Akhir\\Codeigniter\\monelis\\app\\Views\\content\\alert\\alert-pdf.php', 57)
 2 SYSTEMPATH\View\View.php(213): include('D:\\Tugas Akhir\\Codeigniter\\monelis\\app\\Views\\content\\alert\\alert-pdf.php')
 3 SYSTEMPATH\View\View.php(216): CodeIgniter\View\View->CodeIgniter\View\{closure}()
 4 SYSTEMPATH\Common.php(1184): CodeIgniter\View\View->render('content/alert/alert-pdf', [], true)
 5 APPPATH\Controllers\Alert.php(61): view('content/alert/alert-pdf', [...])
 6 SYSTEMPATH\CodeIgniter.php(934): App\Controllers\Alert->exportPDF()
 7 SYSTEMPATH\CodeIgniter.php(499): CodeIgniter\CodeIgniter->runController(Object(App\Controllers\Alert))
 8 SYSTEMPATH\CodeIgniter.php(368): CodeIgniter\CodeIgniter->handleRequest(null, Object(Config\Cache), false)
 9 FCPATH\index.php(67): CodeIgniter\CodeIgniter->run()
10 SYSTEMPATH\Commands\Server\rewrite.php(47): require_once('D:\\Tugas Akhir\\Codeigniter\\monelis\\public\\index.php')
CRITICAL - 2023-07-12 23:13:45 --> Undefined array key "created_at"
in APPPATH\Views\content\alert\alert-pdf.php on line 72.
 1 APPPATH\Views\content\alert\alert-pdf.php(72): CodeIgniter\Debug\Exceptions->errorHandler(2, 'Undefined array key "created_at"', 'D:\\Tugas Akhir\\Codeigniter\\monelis\\app\\Views\\content\\alert\\alert-pdf.php', 72)
 2 SYSTEMPATH\View\View.php(213): include('D:\\Tugas Akhir\\Codeigniter\\monelis\\app\\Views\\content\\alert\\alert-pdf.php')
 3 SYSTEMPATH\View\View.php(216): CodeIgniter\View\View->CodeIgniter\View\{closure}()
 4 SYSTEMPATH\Common.php(1184): CodeIgniter\View\View->render('content/alert/alert-pdf', [], true)
 5 APPPATH\Controllers\Alert.php(61): view('content/alert/alert-pdf', [...])
 6 SYSTEMPATH\CodeIgniter.php(934): App\Controllers\Alert->exportPDF()
 7 SYSTEMPATH\CodeIgniter.php(499): CodeIgniter\CodeIgniter->runController(Object(App\Controllers\Alert))
 8 SYSTEMPATH\CodeIgniter.php(368): CodeIgniter\CodeIgniter->handleRequest(null, Object(Config\Cache), false)
 9 FCPATH\index.php(67): CodeIgniter\CodeIgniter->run()
10 SYSTEMPATH\Commands\Server\rewrite.php(47): require_once('D:\\Tugas Akhir\\Codeigniter\\monelis\\public\\index.php')
CRITICAL - 2023-07-12 23:14:00 --> Class "App\Controllers\Dompdf" not found
in APPPATH\Controllers\Alert.php on line 64.
 1 SYSTEMPATH\CodeIgniter.php(934): App\Controllers\Alert->exportPDF()
 2 SYSTEMPATH\CodeIgniter.php(499): CodeIgniter\CodeIgniter->runController(Object(App\Controllers\Alert))
 3 SYSTEMPATH\CodeIgniter.php(368): CodeIgniter\CodeIgniter->handleRequest(null, Object(Config\Cache), false)
 4 FCPATH\index.php(67): CodeIgniter\CodeIgniter->run()
 5 SYSTEMPATH\Commands\Server\rewrite.php(47): require_once('D:\\Tugas Akhir\\Codeigniter\\monelis\\public\\index.php')
INFO - 2023-07-12 23:19:07 --> Session: Class initialized using 'CodeIgniter\Session\Handlers\FileHandler' driver.
INFO - 2023-07-12 23:32:30 --> Session: Class initialized using 'CodeIgniter\Session\Handlers\FileHandler' driver.
INFO - 2023-07-12 23:32:35 --> Session: Class initialized using 'CodeIgniter\Session\Handlers\FileHandler' driver.
INFO - 2023-07-12 23:32:40 --> Session: Class initialized using 'CodeIgniter\Session\Handlers\FileHandler' driver.
INFO - 2023-07-12 23:33:31 --> Session: Class initialized using 'CodeIgniter\Session\Handlers\FileHandler' driver.
INFO - 2023-07-12 23:35:04 --> Session: Class initialized using 'CodeIgniter\Session\Handlers\FileHandler' driver.
INFO - 2023-07-12 23:35:46 --> Session: Class initialized using 'CodeIgniter\Session\Handlers\FileHandler' driver.
INFO - 2023-07-12 23:36:05 --> Session: Class initialized using 'CodeIgniter\Session\Handlers\FileHandler' driver.
INFO - 2023-07-12 23:36:12 --> Session: Class initialized using 'CodeIgniter\Session\Handlers\FileHandler' driver.
INFO - 2023-07-12 23:36:52 --> Session: Class initialized using 'CodeIgniter\Session\Handlers\FileHandler' driver.
