INFO - 2023-06-01 04:45:20 --> Session: Class initialized using 'CodeIgniter\Session\Handlers\FileHandler' driver.
INFO - 2023-06-01 04:46:30 --> Session: Class initialized using 'CodeIgniter\Session\Handlers\FileHandler' driver.
INFO - 2023-06-01 04:46:41 --> Session: Class initialized using 'CodeIgniter\Session\Handlers\FileHandler' driver.
ERROR - 2023-06-01 07:04:29 --> mysqli_sql_exception: Table 'db_monelis.devices' doesn't exist in engine in D:\Tugas Akhir\Codeigniter\monelis\system\Database\MySQLi\Connection.php:295
Stack trace:
#0 D:\Tugas Akhir\Codeigniter\monelis\system\Database\MySQLi\Connection.php(295): mysqli->query('SELECT COUNT(*)...', 0)
#1 D:\Tugas Akhir\Codeigniter\monelis\system\Database\BaseConnection.php(692): CodeIgniter\Database\MySQLi\Connection->execute('SELECT COUNT(*)...')
#2 D:\Tugas Akhir\Codeigniter\monelis\system\Database\BaseConnection.php(606): CodeIgniter\Database\BaseConnection->simpleQuery('SELECT COUNT(*)...')
#3 D:\Tugas Akhir\Codeigniter\monelis\system\Database\BaseBuilder.php(1645): CodeIgniter\Database\BaseConnection->query('SELECT COUNT(*)...', NULL, false)
#4 D:\Tugas Akhir\Codeigniter\monelis\app\Models\DashboardModel.php(20): CodeIgniter\Database\BaseBuilder->countAll()
#5 D:\Tugas Akhir\Codeigniter\monelis\app\Controllers\Dashboard.php(24): App\Models\DashboardModel->totalDevices()
#6 D:\Tugas Akhir\Codeigniter\monelis\system\CodeIgniter.php(934): App\Controllers\Dashboard->index()
#7 D:\Tugas Akhir\Codeigniter\monelis\system\CodeIgniter.php(499): CodeIgniter\CodeIgniter->runController(Object(App\Controllers\Dashboard))
#8 D:\Tugas Akhir\Codeigniter\monelis\system\CodeIgniter.php(368): CodeIgniter\CodeIgniter->handleRequest(NULL, Object(Config\Cache), false)
#9 D:\Tugas Akhir\Codeigniter\monelis\public\index.php(67): CodeIgniter\CodeIgniter->run()
#10 D:\Tugas Akhir\Codeigniter\monelis\system\Commands\Server\rewrite.php(47): require_once('D:\\Tugas Akhir\\...')
#11 {main}
CRITICAL - 2023-06-01 07:04:29 --> Table 'db_monelis.devices' doesn't exist in engine
in SYSTEMPATH\Database\MySQLi\Connection.php on line 295.
 1 SYSTEMPATH\Database\MySQLi\Connection.php(295): mysqli->query('SELECT COUNT(*) AS `numrows` FROM `devices`', 0)
 2 SYSTEMPATH\Database\BaseConnection.php(692): CodeIgniter\Database\MySQLi\Connection->execute('SELECT COUNT(*) AS `numrows` FROM `devices`')
 3 SYSTEMPATH\Database\BaseConnection.php(606): CodeIgniter\Database\BaseConnection->simpleQuery('SELECT COUNT(*) AS `numrows` FROM `devices`')
 4 SYSTEMPATH\Database\BaseBuilder.php(1645): CodeIgniter\Database\BaseConnection->query('SELECT COUNT(*) AS `numrows` FROM `devices`', null, false)
 5 APPPATH\Models\DashboardModel.php(20): CodeIgniter\Database\BaseBuilder->countAll()
 6 APPPATH\Controllers\Dashboard.php(24): App\Models\DashboardModel->totalDevices()
 7 SYSTEMPATH\CodeIgniter.php(934): App\Controllers\Dashboard->index()
 8 SYSTEMPATH\CodeIgniter.php(499): CodeIgniter\CodeIgniter->runController(Object(App\Controllers\Dashboard))
 9 SYSTEMPATH\CodeIgniter.php(368): CodeIgniter\CodeIgniter->handleRequest(null, Object(Config\Cache), false)
10 FCPATH\index.php(67): CodeIgniter\CodeIgniter->run()
11 SYSTEMPATH\Commands\Server\rewrite.php(47): require_once('D:\\Tugas Akhir\\Codeigniter\\monelis\\public\\index.php')
ERROR - 2023-06-01 07:07:09 --> mysqli_sql_exception: Table 'db_monelis.devices' doesn't exist in engine in D:\Tugas Akhir\Codeigniter\monelis\system\Database\MySQLi\Connection.php:295
Stack trace:
#0 D:\Tugas Akhir\Codeigniter\monelis\system\Database\MySQLi\Connection.php(295): mysqli->query('SELECT COUNT(*)...', 0)
#1 D:\Tugas Akhir\Codeigniter\monelis\system\Database\BaseConnection.php(692): CodeIgniter\Database\MySQLi\Connection->execute('SELECT COUNT(*)...')
#2 D:\Tugas Akhir\Codeigniter\monelis\system\Database\BaseConnection.php(606): CodeIgniter\Database\BaseConnection->simpleQuery('SELECT COUNT(*)...')
#3 D:\Tugas Akhir\Codeigniter\monelis\system\Database\BaseBuilder.php(1645): CodeIgniter\Database\BaseConnection->query('SELECT COUNT(*)...', NULL, false)
#4 D:\Tugas Akhir\Codeigniter\monelis\app\Models\DashboardModel.php(20): CodeIgniter\Database\BaseBuilder->countAll()
#5 D:\Tugas Akhir\Codeigniter\monelis\app\Controllers\Dashboard.php(24): App\Models\DashboardModel->totalDevices()
#6 D:\Tugas Akhir\Codeigniter\monelis\system\CodeIgniter.php(934): App\Controllers\Dashboard->index()
#7 D:\Tugas Akhir\Codeigniter\monelis\system\CodeIgniter.php(499): CodeIgniter\CodeIgniter->runController(Object(App\Controllers\Dashboard))
#8 D:\Tugas Akhir\Codeigniter\monelis\system\CodeIgniter.php(368): CodeIgniter\CodeIgniter->handleRequest(NULL, Object(Config\Cache), false)
#9 D:\Tugas Akhir\Codeigniter\monelis\public\index.php(67): CodeIgniter\CodeIgniter->run()
#10 D:\Tugas Akhir\Codeigniter\monelis\system\Commands\Server\rewrite.php(47): require_once('D:\\Tugas Akhir\\...')
#11 {main}
CRITICAL - 2023-06-01 07:07:09 --> Table 'db_monelis.devices' doesn't exist in engine
in SYSTEMPATH\Database\MySQLi\Connection.php on line 295.
 1 SYSTEMPATH\Database\MySQLi\Connection.php(295): mysqli->query('SELECT COUNT(*) AS `numrows` FROM `devices`', 0)
 2 SYSTEMPATH\Database\BaseConnection.php(692): CodeIgniter\Database\MySQLi\Connection->execute('SELECT COUNT(*) AS `numrows` FROM `devices`')
 3 SYSTEMPATH\Database\BaseConnection.php(606): CodeIgniter\Database\BaseConnection->simpleQuery('SELECT COUNT(*) AS `numrows` FROM `devices`')
 4 SYSTEMPATH\Database\BaseBuilder.php(1645): CodeIgniter\Database\BaseConnection->query('SELECT COUNT(*) AS `numrows` FROM `devices`', null, false)
 5 APPPATH\Models\DashboardModel.php(20): CodeIgniter\Database\BaseBuilder->countAll()
 6 APPPATH\Controllers\Dashboard.php(24): App\Models\DashboardModel->totalDevices()
 7 SYSTEMPATH\CodeIgniter.php(934): App\Controllers\Dashboard->index()
 8 SYSTEMPATH\CodeIgniter.php(499): CodeIgniter\CodeIgniter->runController(Object(App\Controllers\Dashboard))
 9 SYSTEMPATH\CodeIgniter.php(368): CodeIgniter\CodeIgniter->handleRequest(null, Object(Config\Cache), false)
10 FCPATH\index.php(67): CodeIgniter\CodeIgniter->run()
11 SYSTEMPATH\Commands\Server\rewrite.php(47): require_once('D:\\Tugas Akhir\\Codeigniter\\monelis\\public\\index.php')
ERROR - 2023-06-01 07:07:10 --> mysqli_sql_exception: Table 'db_monelis.devices' doesn't exist in engine in D:\Tugas Akhir\Codeigniter\monelis\system\Database\MySQLi\Connection.php:295
Stack trace:
#0 D:\Tugas Akhir\Codeigniter\monelis\system\Database\MySQLi\Connection.php(295): mysqli->query('SELECT COUNT(*)...', 0)
#1 D:\Tugas Akhir\Codeigniter\monelis\system\Database\BaseConnection.php(692): CodeIgniter\Database\MySQLi\Connection->execute('SELECT COUNT(*)...')
#2 D:\Tugas Akhir\Codeigniter\monelis\system\Database\BaseConnection.php(606): CodeIgniter\Database\BaseConnection->simpleQuery('SELECT COUNT(*)...')
#3 D:\Tugas Akhir\Codeigniter\monelis\system\Database\BaseBuilder.php(1645): CodeIgniter\Database\BaseConnection->query('SELECT COUNT(*)...', NULL, false)
#4 D:\Tugas Akhir\Codeigniter\monelis\app\Models\DashboardModel.php(20): CodeIgniter\Database\BaseBuilder->countAll()
#5 D:\Tugas Akhir\Codeigniter\monelis\app\Controllers\Dashboard.php(24): App\Models\DashboardModel->totalDevices()
#6 D:\Tugas Akhir\Codeigniter\monelis\system\CodeIgniter.php(934): App\Controllers\Dashboard->index()
#7 D:\Tugas Akhir\Codeigniter\monelis\system\CodeIgniter.php(499): CodeIgniter\CodeIgniter->runController(Object(App\Controllers\Dashboard))
#8 D:\Tugas Akhir\Codeigniter\monelis\system\CodeIgniter.php(368): CodeIgniter\CodeIgniter->handleRequest(NULL, Object(Config\Cache), false)
#9 D:\Tugas Akhir\Codeigniter\monelis\public\index.php(67): CodeIgniter\CodeIgniter->run()
#10 D:\Tugas Akhir\Codeigniter\monelis\system\Commands\Server\rewrite.php(47): require_once('D:\\Tugas Akhir\\...')
#11 {main}
CRITICAL - 2023-06-01 07:07:10 --> Table 'db_monelis.devices' doesn't exist in engine
in SYSTEMPATH\Database\MySQLi\Connection.php on line 295.
 1 SYSTEMPATH\Database\MySQLi\Connection.php(295): mysqli->query('SELECT COUNT(*) AS `numrows` FROM `devices`', 0)
 2 SYSTEMPATH\Database\BaseConnection.php(692): CodeIgniter\Database\MySQLi\Connection->execute('SELECT COUNT(*) AS `numrows` FROM `devices`')
 3 SYSTEMPATH\Database\BaseConnection.php(606): CodeIgniter\Database\BaseConnection->simpleQuery('SELECT COUNT(*) AS `numrows` FROM `devices`')
 4 SYSTEMPATH\Database\BaseBuilder.php(1645): CodeIgniter\Database\BaseConnection->query('SELECT COUNT(*) AS `numrows` FROM `devices`', null, false)
 5 APPPATH\Models\DashboardModel.php(20): CodeIgniter\Database\BaseBuilder->countAll()
 6 APPPATH\Controllers\Dashboard.php(24): App\Models\DashboardModel->totalDevices()
 7 SYSTEMPATH\CodeIgniter.php(934): App\Controllers\Dashboard->index()
 8 SYSTEMPATH\CodeIgniter.php(499): CodeIgniter\CodeIgniter->runController(Object(App\Controllers\Dashboard))
 9 SYSTEMPATH\CodeIgniter.php(368): CodeIgniter\CodeIgniter->handleRequest(null, Object(Config\Cache), false)
10 FCPATH\index.php(67): CodeIgniter\CodeIgniter->run()
11 SYSTEMPATH\Commands\Server\rewrite.php(47): require_once('D:\\Tugas Akhir\\Codeigniter\\monelis\\public\\index.php')
INFO - 2023-06-01 07:11:50 --> Session: Class initialized using 'CodeIgniter\Session\Handlers\FileHandler' driver.
CRITICAL - 2023-06-01 11:24:19 --> Call to undefined method App\Models\SensorModel::getDataSensor
in SYSTEMPATH\Model.php on line 842.
 1 APPPATH\Controllers\Dashboard.php(26): CodeIgniter\Model->__call('getDataSensor', [])
 2 SYSTEMPATH\CodeIgniter.php(934): App\Controllers\Dashboard->index()
 3 SYSTEMPATH\CodeIgniter.php(499): CodeIgniter\CodeIgniter->runController(Object(App\Controllers\Dashboard))
 4 SYSTEMPATH\CodeIgniter.php(368): CodeIgniter\CodeIgniter->handleRequest(null, Object(Config\Cache), false)
 5 FCPATH\index.php(67): CodeIgniter\CodeIgniter->run()
 6 SYSTEMPATH\Commands\Server\rewrite.php(47): require_once('D:\\Tugas Akhir\\Codeigniter\\monelis\\public\\index.php')
INFO - 2023-06-01 11:25:16 --> Session: Class initialized using 'CodeIgniter\Session\Handlers\FileHandler' driver.
