INFO - 2023-07-10 05:56:57 --> Session: Class initialized using 'CodeIgniter\Session\Handlers\FileHandler' driver.
INFO - 2023-07-10 05:57:14 --> Session: Class initialized using 'CodeIgniter\Session\Handlers\FileHandler' driver.
CRITICAL - 2023-07-10 05:57:36 --> Attempt to read property "state" on null
in APPPATH\Controllers\Sensor.php on line 76.
 1 APPPATH\Controllers\Sensor.php(76): CodeIgniter\Debug\Exceptions->errorHandler(2, 'Attempt to read property "state" on null', 'D:\\Tugas Akhir\\Codeigniter\\monelis\\app\\Controllers\\Sensor.php', 76)
 2 SYSTEMPATH\CodeIgniter.php(934): App\Controllers\Sensor->get_data_sensor('192.168.137.199', 'kwh')
 3 SYSTEMPATH\CodeIgniter.php(499): CodeIgniter\CodeIgniter->runController(Object(App\Controllers\Sensor))
 4 SYSTEMPATH\CodeIgniter.php(368): CodeIgniter\CodeIgniter->handleRequest(null, Object(Config\Cache), false)
 5 FCPATH\index.php(67): CodeIgniter\CodeIgniter->run()
 6 SYSTEMPATH\Commands\Server\rewrite.php(47): require_once('D:\\Tugas Akhir\\Codeigniter\\monelis\\public\\index.php')
CRITICAL - 2023-07-10 05:57:58 --> Attempt to read property "state" on null
in APPPATH\Controllers\Sensor.php on line 76.
 1 APPPATH\Controllers\Sensor.php(76): CodeIgniter\Debug\Exceptions->errorHandler(2, 'Attempt to read property "state" on null', 'D:\\Tugas Akhir\\Codeigniter\\monelis\\app\\Controllers\\Sensor.php', 76)
 2 SYSTEMPATH\CodeIgniter.php(934): App\Controllers\Sensor->get_data_sensor('192.168.137.199', 'voltage')
 3 SYSTEMPATH\CodeIgniter.php(499): CodeIgniter\CodeIgniter->runController(Object(App\Controllers\Sensor))
 4 SYSTEMPATH\CodeIgniter.php(368): CodeIgniter\CodeIgniter->handleRequest(null, Object(Config\Cache), false)
 5 FCPATH\index.php(67): CodeIgniter\CodeIgniter->run()
 6 SYSTEMPATH\Commands\Server\rewrite.php(47): require_once('D:\\Tugas Akhir\\Codeigniter\\monelis\\public\\index.php')
CRITICAL - 2023-07-10 05:58:19 --> Attempt to read property "state" on null
in APPPATH\Controllers\Sensor.php on line 76.
 1 APPPATH\Controllers\Sensor.php(76): CodeIgniter\Debug\Exceptions->errorHandler(2, 'Attempt to read property "state" on null', 'D:\\Tugas Akhir\\Codeigniter\\monelis\\app\\Controllers\\Sensor.php', 76)
 2 SYSTEMPATH\CodeIgniter.php(934): App\Controllers\Sensor->get_data_sensor('192.168.137.199', 'watt')
 3 SYSTEMPATH\CodeIgniter.php(499): CodeIgniter\CodeIgniter->runController(Object(App\Controllers\Sensor))
 4 SYSTEMPATH\CodeIgniter.php(368): CodeIgniter\CodeIgniter->handleRequest(null, Object(Config\Cache), false)
 5 FCPATH\index.php(67): CodeIgniter\CodeIgniter->run()
 6 SYSTEMPATH\Commands\Server\rewrite.php(47): require_once('D:\\Tugas Akhir\\Codeigniter\\monelis\\public\\index.php')
CRITICAL - 2023-07-10 05:58:41 --> Attempt to read property "state" on null
in APPPATH\Controllers\Sensor.php on line 76.
 1 APPPATH\Controllers\Sensor.php(76): CodeIgniter\Debug\Exceptions->errorHandler(2, 'Attempt to read property "state" on null', 'D:\\Tugas Akhir\\Codeigniter\\monelis\\app\\Controllers\\Sensor.php', 76)
 2 SYSTEMPATH\CodeIgniter.php(934): App\Controllers\Sensor->get_data_sensor('192.168.137.199', 'current')
 3 SYSTEMPATH\CodeIgniter.php(499): CodeIgniter\CodeIgniter->runController(Object(App\Controllers\Sensor))
 4 SYSTEMPATH\CodeIgniter.php(368): CodeIgniter\CodeIgniter->handleRequest(null, Object(Config\Cache), false)
 5 FCPATH\index.php(67): CodeIgniter\CodeIgniter->run()
 6 SYSTEMPATH\Commands\Server\rewrite.php(47): require_once('D:\\Tugas Akhir\\Codeigniter\\monelis\\public\\index.php')
INFO - 2023-07-10 05:58:41 --> Session: Class initialized using 'CodeIgniter\Session\Handlers\FileHandler' driver.
INFO - 2023-07-10 05:58:41 --> Session: Class initialized using 'CodeIgniter\Session\Handlers\FileHandler' driver.
INFO - 2023-07-10 05:58:42 --> Session: Class initialized using 'CodeIgniter\Session\Handlers\FileHandler' driver.
CRITICAL - 2023-07-10 05:59:04 --> Attempt to read property "state" on null
in APPPATH\Controllers\Sensor.php on line 76.
 1 APPPATH\Controllers\Sensor.php(76): CodeIgniter\Debug\Exceptions->errorHandler(2, 'Attempt to read property "state" on null', 'D:\\Tugas Akhir\\Codeigniter\\monelis\\app\\Controllers\\Sensor.php', 76)
 2 SYSTEMPATH\CodeIgniter.php(934): App\Controllers\Sensor->get_data_sensor('192.168.137.199', 'kwh')
 3 SYSTEMPATH\CodeIgniter.php(499): CodeIgniter\CodeIgniter->runController(Object(App\Controllers\Sensor))
 4 SYSTEMPATH\CodeIgniter.php(368): CodeIgniter\CodeIgniter->handleRequest(null, Object(Config\Cache), false)
 5 FCPATH\index.php(67): CodeIgniter\CodeIgniter->run()
 6 SYSTEMPATH\Commands\Server\rewrite.php(47): require_once('D:\\Tugas Akhir\\Codeigniter\\monelis\\public\\index.php')
CRITICAL - 2023-07-10 05:59:25 --> Attempt to read property "state" on null
in APPPATH\Controllers\Sensor.php on line 76.
 1 APPPATH\Controllers\Sensor.php(76): CodeIgniter\Debug\Exceptions->errorHandler(2, 'Attempt to read property "state" on null', 'D:\\Tugas Akhir\\Codeigniter\\monelis\\app\\Controllers\\Sensor.php', 76)
 2 SYSTEMPATH\CodeIgniter.php(934): App\Controllers\Sensor->get_data_sensor('192.168.137.199', 'voltage')
 3 SYSTEMPATH\CodeIgniter.php(499): CodeIgniter\CodeIgniter->runController(Object(App\Controllers\Sensor))
 4 SYSTEMPATH\CodeIgniter.php(368): CodeIgniter\CodeIgniter->handleRequest(null, Object(Config\Cache), false)
 5 FCPATH\index.php(67): CodeIgniter\CodeIgniter->run()
 6 SYSTEMPATH\Commands\Server\rewrite.php(47): require_once('D:\\Tugas Akhir\\Codeigniter\\monelis\\public\\index.php')
CRITICAL - 2023-07-10 05:59:46 --> Attempt to read property "state" on null
in APPPATH\Controllers\Sensor.php on line 76.
 1 APPPATH\Controllers\Sensor.php(76): CodeIgniter\Debug\Exceptions->errorHandler(2, 'Attempt to read property "state" on null', 'D:\\Tugas Akhir\\Codeigniter\\monelis\\app\\Controllers\\Sensor.php', 76)
 2 SYSTEMPATH\CodeIgniter.php(934): App\Controllers\Sensor->get_data_sensor('192.168.137.199', 'watt')
 3 SYSTEMPATH\CodeIgniter.php(499): CodeIgniter\CodeIgniter->runController(Object(App\Controllers\Sensor))
 4 SYSTEMPATH\CodeIgniter.php(368): CodeIgniter\CodeIgniter->handleRequest(null, Object(Config\Cache), false)
 5 FCPATH\index.php(67): CodeIgniter\CodeIgniter->run()
 6 SYSTEMPATH\Commands\Server\rewrite.php(47): require_once('D:\\Tugas Akhir\\Codeigniter\\monelis\\public\\index.php')
CRITICAL - 2023-07-10 06:00:08 --> Attempt to read property "state" on null
in APPPATH\Controllers\Sensor.php on line 76.
 1 APPPATH\Controllers\Sensor.php(76): CodeIgniter\Debug\Exceptions->errorHandler(2, 'Attempt to read property "state" on null', 'D:\\Tugas Akhir\\Codeigniter\\monelis\\app\\Controllers\\Sensor.php', 76)
 2 SYSTEMPATH\CodeIgniter.php(934): App\Controllers\Sensor->get_data_sensor('192.168.137.199', 'current')
 3 SYSTEMPATH\CodeIgniter.php(499): CodeIgniter\CodeIgniter->runController(Object(App\Controllers\Sensor))
 4 SYSTEMPATH\CodeIgniter.php(368): CodeIgniter\CodeIgniter->handleRequest(null, Object(Config\Cache), false)
 5 FCPATH\index.php(67): CodeIgniter\CodeIgniter->run()
 6 SYSTEMPATH\Commands\Server\rewrite.php(47): require_once('D:\\Tugas Akhir\\Codeigniter\\monelis\\public\\index.php')
INFO - 2023-07-10 06:00:08 --> Session: Class initialized using 'CodeIgniter\Session\Handlers\FileHandler' driver.
INFO - 2023-07-10 06:00:16 --> Session: Class initialized using 'CodeIgniter\Session\Handlers\FileHandler' driver.
INFO - 2023-07-10 06:00:16 --> Session: Class initialized using 'CodeIgniter\Session\Handlers\FileHandler' driver.
INFO - 2023-07-10 11:42:50 --> Session: Class initialized using 'CodeIgniter\Session\Handlers\FileHandler' driver.
INFO - 2023-07-10 11:44:15 --> Session: Class initialized using 'CodeIgniter\Session\Handlers\FileHandler' driver.
INFO - 2023-07-10 11:44:15 --> Session: Class initialized using 'CodeIgniter\Session\Handlers\FileHandler' driver.
CRITICAL - 2023-07-10 12:45:43 --> Attempt to read property "state" on null
in APPPATH\Controllers\Sensor.php on line 76.
 1 APPPATH\Controllers\Sensor.php(76): CodeIgniter\Debug\Exceptions->errorHandler(2, 'Attempt to read property "state" on null', 'D:\\Tugas Akhir\\Codeigniter\\monelis\\app\\Controllers\\Sensor.php', 76)
 2 SYSTEMPATH\CodeIgniter.php(934): App\Controllers\Sensor->get_data_sensor('192.168.137.6', 'kwh')
 3 SYSTEMPATH\CodeIgniter.php(499): CodeIgniter\CodeIgniter->runController(Object(App\Controllers\Sensor))
 4 SYSTEMPATH\CodeIgniter.php(368): CodeIgniter\CodeIgniter->handleRequest(null, Object(Config\Cache), false)
 5 FCPATH\index.php(67): CodeIgniter\CodeIgniter->run()
 6 SYSTEMPATH\Commands\Server\rewrite.php(47): require_once('D:\\Tugas Akhir\\Codeigniter\\monelis\\public\\index.php')
CRITICAL - 2023-07-10 12:46:04 --> Attempt to read property "state" on null
in APPPATH\Controllers\Sensor.php on line 76.
 1 APPPATH\Controllers\Sensor.php(76): CodeIgniter\Debug\Exceptions->errorHandler(2, 'Attempt to read property "state" on null', 'D:\\Tugas Akhir\\Codeigniter\\monelis\\app\\Controllers\\Sensor.php', 76)
 2 SYSTEMPATH\CodeIgniter.php(934): App\Controllers\Sensor->get_data_sensor('192.168.137.6', 'voltage')
 3 SYSTEMPATH\CodeIgniter.php(499): CodeIgniter\CodeIgniter->runController(Object(App\Controllers\Sensor))
 4 SYSTEMPATH\CodeIgniter.php(368): CodeIgniter\CodeIgniter->handleRequest(null, Object(Config\Cache), false)
 5 FCPATH\index.php(67): CodeIgniter\CodeIgniter->run()
 6 SYSTEMPATH\Commands\Server\rewrite.php(47): require_once('D:\\Tugas Akhir\\Codeigniter\\monelis\\public\\index.php')
CRITICAL - 2023-07-10 12:46:26 --> Attempt to read property "state" on null
in APPPATH\Controllers\Sensor.php on line 76.
 1 APPPATH\Controllers\Sensor.php(76): CodeIgniter\Debug\Exceptions->errorHandler(2, 'Attempt to read property "state" on null', 'D:\\Tugas Akhir\\Codeigniter\\monelis\\app\\Controllers\\Sensor.php', 76)
 2 SYSTEMPATH\CodeIgniter.php(934): App\Controllers\Sensor->get_data_sensor('192.168.137.6', 'watt')
 3 SYSTEMPATH\CodeIgniter.php(499): CodeIgniter\CodeIgniter->runController(Object(App\Controllers\Sensor))
 4 SYSTEMPATH\CodeIgniter.php(368): CodeIgniter\CodeIgniter->handleRequest(null, Object(Config\Cache), false)
 5 FCPATH\index.php(67): CodeIgniter\CodeIgniter->run()
 6 SYSTEMPATH\Commands\Server\rewrite.php(47): require_once('D:\\Tugas Akhir\\Codeigniter\\monelis\\public\\index.php')
CRITICAL - 2023-07-10 12:46:47 --> Attempt to read property "state" on null
in APPPATH\Controllers\Sensor.php on line 76.
 1 APPPATH\Controllers\Sensor.php(76): CodeIgniter\Debug\Exceptions->errorHandler(2, 'Attempt to read property "state" on null', 'D:\\Tugas Akhir\\Codeigniter\\monelis\\app\\Controllers\\Sensor.php', 76)
 2 SYSTEMPATH\CodeIgniter.php(934): App\Controllers\Sensor->get_data_sensor('192.168.137.6', 'current')
 3 SYSTEMPATH\CodeIgniter.php(499): CodeIgniter\CodeIgniter->runController(Object(App\Controllers\Sensor))
 4 SYSTEMPATH\CodeIgniter.php(368): CodeIgniter\CodeIgniter->handleRequest(null, Object(Config\Cache), false)
 5 FCPATH\index.php(67): CodeIgniter\CodeIgniter->run()
 6 SYSTEMPATH\Commands\Server\rewrite.php(47): require_once('D:\\Tugas Akhir\\Codeigniter\\monelis\\public\\index.php')
CRITICAL - 2023-07-10 12:48:46 --> Attempt to read property "state" on null
in APPPATH\Controllers\Sensor.php on line 76.
 1 APPPATH\Controllers\Sensor.php(76): CodeIgniter\Debug\Exceptions->errorHandler(2, 'Attempt to read property "state" on null', 'D:\\Tugas Akhir\\Codeigniter\\monelis\\app\\Controllers\\Sensor.php', 76)
 2 SYSTEMPATH\CodeIgniter.php(934): App\Controllers\Sensor->get_data_sensor('192.168.137.6', 'kwh')
 3 SYSTEMPATH\CodeIgniter.php(499): CodeIgniter\CodeIgniter->runController(Object(App\Controllers\Sensor))
 4 SYSTEMPATH\CodeIgniter.php(368): CodeIgniter\CodeIgniter->handleRequest(null, Object(Config\Cache), false)
 5 FCPATH\index.php(67): CodeIgniter\CodeIgniter->run()
 6 SYSTEMPATH\Commands\Server\rewrite.php(47): require_once('D:\\Tugas Akhir\\Codeigniter\\monelis\\public\\index.php')
CRITICAL - 2023-07-10 12:49:07 --> Attempt to read property "state" on null
in APPPATH\Controllers\Sensor.php on line 76.
 1 APPPATH\Controllers\Sensor.php(76): CodeIgniter\Debug\Exceptions->errorHandler(2, 'Attempt to read property "state" on null', 'D:\\Tugas Akhir\\Codeigniter\\monelis\\app\\Controllers\\Sensor.php', 76)
 2 SYSTEMPATH\CodeIgniter.php(934): App\Controllers\Sensor->get_data_sensor('192.168.137.6', 'voltage')
 3 SYSTEMPATH\CodeIgniter.php(499): CodeIgniter\CodeIgniter->runController(Object(App\Controllers\Sensor))
 4 SYSTEMPATH\CodeIgniter.php(368): CodeIgniter\CodeIgniter->handleRequest(null, Object(Config\Cache), false)
 5 FCPATH\index.php(67): CodeIgniter\CodeIgniter->run()
 6 SYSTEMPATH\Commands\Server\rewrite.php(47): require_once('D:\\Tugas Akhir\\Codeigniter\\monelis\\public\\index.php')
CRITICAL - 2023-07-10 12:49:29 --> Attempt to read property "state" on null
in APPPATH\Controllers\Sensor.php on line 76.
 1 APPPATH\Controllers\Sensor.php(76): CodeIgniter\Debug\Exceptions->errorHandler(2, 'Attempt to read property "state" on null', 'D:\\Tugas Akhir\\Codeigniter\\monelis\\app\\Controllers\\Sensor.php', 76)
 2 SYSTEMPATH\CodeIgniter.php(934): App\Controllers\Sensor->get_data_sensor('192.168.137.6', 'watt')
 3 SYSTEMPATH\CodeIgniter.php(499): CodeIgniter\CodeIgniter->runController(Object(App\Controllers\Sensor))
 4 SYSTEMPATH\CodeIgniter.php(368): CodeIgniter\CodeIgniter->handleRequest(null, Object(Config\Cache), false)
 5 FCPATH\index.php(67): CodeIgniter\CodeIgniter->run()
 6 SYSTEMPATH\Commands\Server\rewrite.php(47): require_once('D:\\Tugas Akhir\\Codeigniter\\monelis\\public\\index.php')
CRITICAL - 2023-07-10 12:49:50 --> Attempt to read property "state" on null
in APPPATH\Controllers\Sensor.php on line 76.
 1 APPPATH\Controllers\Sensor.php(76): CodeIgniter\Debug\Exceptions->errorHandler(2, 'Attempt to read property "state" on null', 'D:\\Tugas Akhir\\Codeigniter\\monelis\\app\\Controllers\\Sensor.php', 76)
 2 SYSTEMPATH\CodeIgniter.php(934): App\Controllers\Sensor->get_data_sensor('192.168.137.6', 'current')
 3 SYSTEMPATH\CodeIgniter.php(499): CodeIgniter\CodeIgniter->runController(Object(App\Controllers\Sensor))
 4 SYSTEMPATH\CodeIgniter.php(368): CodeIgniter\CodeIgniter->handleRequest(null, Object(Config\Cache), false)
 5 FCPATH\index.php(67): CodeIgniter\CodeIgniter->run()
 6 SYSTEMPATH\Commands\Server\rewrite.php(47): require_once('D:\\Tugas Akhir\\Codeigniter\\monelis\\public\\index.php')
CRITICAL - 2023-07-10 12:51:48 --> Attempt to read property "state" on null
in APPPATH\Controllers\Sensor.php on line 76.
 1 APPPATH\Controllers\Sensor.php(76): CodeIgniter\Debug\Exceptions->errorHandler(2, 'Attempt to read property "state" on null', 'D:\\Tugas Akhir\\Codeigniter\\monelis\\app\\Controllers\\Sensor.php', 76)
 2 SYSTEMPATH\CodeIgniter.php(934): App\Controllers\Sensor->get_data_sensor('192.168.137.6', 'kwh')
 3 SYSTEMPATH\CodeIgniter.php(499): CodeIgniter\CodeIgniter->runController(Object(App\Controllers\Sensor))
 4 SYSTEMPATH\CodeIgniter.php(368): CodeIgniter\CodeIgniter->handleRequest(null, Object(Config\Cache), false)
 5 FCPATH\index.php(67): CodeIgniter\CodeIgniter->run()
 6 SYSTEMPATH\Commands\Server\rewrite.php(47): require_once('D:\\Tugas Akhir\\Codeigniter\\monelis\\public\\index.php')
CRITICAL - 2023-07-10 12:52:09 --> Attempt to read property "state" on null
in APPPATH\Controllers\Sensor.php on line 76.
 1 APPPATH\Controllers\Sensor.php(76): CodeIgniter\Debug\Exceptions->errorHandler(2, 'Attempt to read property "state" on null', 'D:\\Tugas Akhir\\Codeigniter\\monelis\\app\\Controllers\\Sensor.php', 76)
 2 SYSTEMPATH\CodeIgniter.php(934): App\Controllers\Sensor->get_data_sensor('192.168.137.6', 'voltage')
 3 SYSTEMPATH\CodeIgniter.php(499): CodeIgniter\CodeIgniter->runController(Object(App\Controllers\Sensor))
 4 SYSTEMPATH\CodeIgniter.php(368): CodeIgniter\CodeIgniter->handleRequest(null, Object(Config\Cache), false)
 5 FCPATH\index.php(67): CodeIgniter\CodeIgniter->run()
 6 SYSTEMPATH\Commands\Server\rewrite.php(47): require_once('D:\\Tugas Akhir\\Codeigniter\\monelis\\public\\index.php')
CRITICAL - 2023-07-10 12:52:31 --> Attempt to read property "state" on null
in APPPATH\Controllers\Sensor.php on line 76.
 1 APPPATH\Controllers\Sensor.php(76): CodeIgniter\Debug\Exceptions->errorHandler(2, 'Attempt to read property "state" on null', 'D:\\Tugas Akhir\\Codeigniter\\monelis\\app\\Controllers\\Sensor.php', 76)
 2 SYSTEMPATH\CodeIgniter.php(934): App\Controllers\Sensor->get_data_sensor('192.168.137.6', 'watt')
 3 SYSTEMPATH\CodeIgniter.php(499): CodeIgniter\CodeIgniter->runController(Object(App\Controllers\Sensor))
 4 SYSTEMPATH\CodeIgniter.php(368): CodeIgniter\CodeIgniter->handleRequest(null, Object(Config\Cache), false)
 5 FCPATH\index.php(67): CodeIgniter\CodeIgniter->run()
 6 SYSTEMPATH\Commands\Server\rewrite.php(47): require_once('D:\\Tugas Akhir\\Codeigniter\\monelis\\public\\index.php')
CRITICAL - 2023-07-10 12:52:52 --> Attempt to read property "state" on null
in APPPATH\Controllers\Sensor.php on line 76.
 1 APPPATH\Controllers\Sensor.php(76): CodeIgniter\Debug\Exceptions->errorHandler(2, 'Attempt to read property "state" on null', 'D:\\Tugas Akhir\\Codeigniter\\monelis\\app\\Controllers\\Sensor.php', 76)
 2 SYSTEMPATH\CodeIgniter.php(934): App\Controllers\Sensor->get_data_sensor('192.168.137.6', 'current')
 3 SYSTEMPATH\CodeIgniter.php(499): CodeIgniter\CodeIgniter->runController(Object(App\Controllers\Sensor))
 4 SYSTEMPATH\CodeIgniter.php(368): CodeIgniter\CodeIgniter->handleRequest(null, Object(Config\Cache), false)
 5 FCPATH\index.php(67): CodeIgniter\CodeIgniter->run()
 6 SYSTEMPATH\Commands\Server\rewrite.php(47): require_once('D:\\Tugas Akhir\\Codeigniter\\monelis\\public\\index.php')
CRITICAL - 2023-07-10 12:54:50 --> Attempt to read property "state" on null
in APPPATH\Controllers\Sensor.php on line 76.
 1 APPPATH\Controllers\Sensor.php(76): CodeIgniter\Debug\Exceptions->errorHandler(2, 'Attempt to read property "state" on null', 'D:\\Tugas Akhir\\Codeigniter\\monelis\\app\\Controllers\\Sensor.php', 76)
 2 SYSTEMPATH\CodeIgniter.php(934): App\Controllers\Sensor->get_data_sensor('192.168.137.6', 'kwh')
 3 SYSTEMPATH\CodeIgniter.php(499): CodeIgniter\CodeIgniter->runController(Object(App\Controllers\Sensor))
 4 SYSTEMPATH\CodeIgniter.php(368): CodeIgniter\CodeIgniter->handleRequest(null, Object(Config\Cache), false)
 5 FCPATH\index.php(67): CodeIgniter\CodeIgniter->run()
 6 SYSTEMPATH\Commands\Server\rewrite.php(47): require_once('D:\\Tugas Akhir\\Codeigniter\\monelis\\public\\index.php')
CRITICAL - 2023-07-10 12:55:11 --> Attempt to read property "state" on null
in APPPATH\Controllers\Sensor.php on line 76.
 1 APPPATH\Controllers\Sensor.php(76): CodeIgniter\Debug\Exceptions->errorHandler(2, 'Attempt to read property "state" on null', 'D:\\Tugas Akhir\\Codeigniter\\monelis\\app\\Controllers\\Sensor.php', 76)
 2 SYSTEMPATH\CodeIgniter.php(934): App\Controllers\Sensor->get_data_sensor('192.168.137.6', 'voltage')
 3 SYSTEMPATH\CodeIgniter.php(499): CodeIgniter\CodeIgniter->runController(Object(App\Controllers\Sensor))
 4 SYSTEMPATH\CodeIgniter.php(368): CodeIgniter\CodeIgniter->handleRequest(null, Object(Config\Cache), false)
 5 FCPATH\index.php(67): CodeIgniter\CodeIgniter->run()
 6 SYSTEMPATH\Commands\Server\rewrite.php(47): require_once('D:\\Tugas Akhir\\Codeigniter\\monelis\\public\\index.php')
CRITICAL - 2023-07-10 12:55:32 --> Attempt to read property "state" on null
in APPPATH\Controllers\Sensor.php on line 76.
 1 APPPATH\Controllers\Sensor.php(76): CodeIgniter\Debug\Exceptions->errorHandler(2, 'Attempt to read property "state" on null', 'D:\\Tugas Akhir\\Codeigniter\\monelis\\app\\Controllers\\Sensor.php', 76)
 2 SYSTEMPATH\CodeIgniter.php(934): App\Controllers\Sensor->get_data_sensor('192.168.137.6', 'watt')
 3 SYSTEMPATH\CodeIgniter.php(499): CodeIgniter\CodeIgniter->runController(Object(App\Controllers\Sensor))
 4 SYSTEMPATH\CodeIgniter.php(368): CodeIgniter\CodeIgniter->handleRequest(null, Object(Config\Cache), false)
 5 FCPATH\index.php(67): CodeIgniter\CodeIgniter->run()
 6 SYSTEMPATH\Commands\Server\rewrite.php(47): require_once('D:\\Tugas Akhir\\Codeigniter\\monelis\\public\\index.php')
CRITICAL - 2023-07-10 12:55:54 --> Attempt to read property "state" on null
in APPPATH\Controllers\Sensor.php on line 76.
 1 APPPATH\Controllers\Sensor.php(76): CodeIgniter\Debug\Exceptions->errorHandler(2, 'Attempt to read property "state" on null', 'D:\\Tugas Akhir\\Codeigniter\\monelis\\app\\Controllers\\Sensor.php', 76)
 2 SYSTEMPATH\CodeIgniter.php(934): App\Controllers\Sensor->get_data_sensor('192.168.137.6', 'current')
 3 SYSTEMPATH\CodeIgniter.php(499): CodeIgniter\CodeIgniter->runController(Object(App\Controllers\Sensor))
 4 SYSTEMPATH\CodeIgniter.php(368): CodeIgniter\CodeIgniter->handleRequest(null, Object(Config\Cache), false)
 5 FCPATH\index.php(67): CodeIgniter\CodeIgniter->run()
 6 SYSTEMPATH\Commands\Server\rewrite.php(47): require_once('D:\\Tugas Akhir\\Codeigniter\\monelis\\public\\index.php')
CRITICAL - 2023-07-10 12:57:52 --> Attempt to read property "state" on null
in APPPATH\Controllers\Sensor.php on line 76.
 1 APPPATH\Controllers\Sensor.php(76): CodeIgniter\Debug\Exceptions->errorHandler(2, 'Attempt to read property "state" on null', 'D:\\Tugas Akhir\\Codeigniter\\monelis\\app\\Controllers\\Sensor.php', 76)
 2 SYSTEMPATH\CodeIgniter.php(934): App\Controllers\Sensor->get_data_sensor('192.168.137.6', 'kwh')
 3 SYSTEMPATH\CodeIgniter.php(499): CodeIgniter\CodeIgniter->runController(Object(App\Controllers\Sensor))
 4 SYSTEMPATH\CodeIgniter.php(368): CodeIgniter\CodeIgniter->handleRequest(null, Object(Config\Cache), false)
 5 FCPATH\index.php(67): CodeIgniter\CodeIgniter->run()
 6 SYSTEMPATH\Commands\Server\rewrite.php(47): require_once('D:\\Tugas Akhir\\Codeigniter\\monelis\\public\\index.php')
CRITICAL - 2023-07-10 12:58:13 --> Attempt to read property "state" on null
in APPPATH\Controllers\Sensor.php on line 76.
 1 APPPATH\Controllers\Sensor.php(76): CodeIgniter\Debug\Exceptions->errorHandler(2, 'Attempt to read property "state" on null', 'D:\\Tugas Akhir\\Codeigniter\\monelis\\app\\Controllers\\Sensor.php', 76)
 2 SYSTEMPATH\CodeIgniter.php(934): App\Controllers\Sensor->get_data_sensor('192.168.137.6', 'voltage')
 3 SYSTEMPATH\CodeIgniter.php(499): CodeIgniter\CodeIgniter->runController(Object(App\Controllers\Sensor))
 4 SYSTEMPATH\CodeIgniter.php(368): CodeIgniter\CodeIgniter->handleRequest(null, Object(Config\Cache), false)
 5 FCPATH\index.php(67): CodeIgniter\CodeIgniter->run()
 6 SYSTEMPATH\Commands\Server\rewrite.php(47): require_once('D:\\Tugas Akhir\\Codeigniter\\monelis\\public\\index.php')
CRITICAL - 2023-07-10 12:58:34 --> Attempt to read property "state" on null
in APPPATH\Controllers\Sensor.php on line 76.
 1 APPPATH\Controllers\Sensor.php(76): CodeIgniter\Debug\Exceptions->errorHandler(2, 'Attempt to read property "state" on null', 'D:\\Tugas Akhir\\Codeigniter\\monelis\\app\\Controllers\\Sensor.php', 76)
 2 SYSTEMPATH\CodeIgniter.php(934): App\Controllers\Sensor->get_data_sensor('192.168.137.6', 'watt')
 3 SYSTEMPATH\CodeIgniter.php(499): CodeIgniter\CodeIgniter->runController(Object(App\Controllers\Sensor))
 4 SYSTEMPATH\CodeIgniter.php(368): CodeIgniter\CodeIgniter->handleRequest(null, Object(Config\Cache), false)
 5 FCPATH\index.php(67): CodeIgniter\CodeIgniter->run()
 6 SYSTEMPATH\Commands\Server\rewrite.php(47): require_once('D:\\Tugas Akhir\\Codeigniter\\monelis\\public\\index.php')
CRITICAL - 2023-07-10 12:58:56 --> Attempt to read property "state" on null
in APPPATH\Controllers\Sensor.php on line 76.
 1 APPPATH\Controllers\Sensor.php(76): CodeIgniter\Debug\Exceptions->errorHandler(2, 'Attempt to read property "state" on null', 'D:\\Tugas Akhir\\Codeigniter\\monelis\\app\\Controllers\\Sensor.php', 76)
 2 SYSTEMPATH\CodeIgniter.php(934): App\Controllers\Sensor->get_data_sensor('192.168.137.6', 'current')
 3 SYSTEMPATH\CodeIgniter.php(499): CodeIgniter\CodeIgniter->runController(Object(App\Controllers\Sensor))
 4 SYSTEMPATH\CodeIgniter.php(368): CodeIgniter\CodeIgniter->handleRequest(null, Object(Config\Cache), false)
 5 FCPATH\index.php(67): CodeIgniter\CodeIgniter->run()
 6 SYSTEMPATH\Commands\Server\rewrite.php(47): require_once('D:\\Tugas Akhir\\Codeigniter\\monelis\\public\\index.php')
CRITICAL - 2023-07-10 13:00:53 --> Attempt to read property "state" on null
in APPPATH\Controllers\Sensor.php on line 76.
 1 APPPATH\Controllers\Sensor.php(76): CodeIgniter\Debug\Exceptions->errorHandler(2, 'Attempt to read property "state" on null', 'D:\\Tugas Akhir\\Codeigniter\\monelis\\app\\Controllers\\Sensor.php', 76)
 2 SYSTEMPATH\CodeIgniter.php(934): App\Controllers\Sensor->get_data_sensor('192.168.137.6', 'kwh')
 3 SYSTEMPATH\CodeIgniter.php(499): CodeIgniter\CodeIgniter->runController(Object(App\Controllers\Sensor))
 4 SYSTEMPATH\CodeIgniter.php(368): CodeIgniter\CodeIgniter->handleRequest(null, Object(Config\Cache), false)
 5 FCPATH\index.php(67): CodeIgniter\CodeIgniter->run()
 6 SYSTEMPATH\Commands\Server\rewrite.php(47): require_once('D:\\Tugas Akhir\\Codeigniter\\monelis\\public\\index.php')
CRITICAL - 2023-07-10 13:01:14 --> Attempt to read property "state" on null
in APPPATH\Controllers\Sensor.php on line 76.
 1 APPPATH\Controllers\Sensor.php(76): CodeIgniter\Debug\Exceptions->errorHandler(2, 'Attempt to read property "state" on null', 'D:\\Tugas Akhir\\Codeigniter\\monelis\\app\\Controllers\\Sensor.php', 76)
 2 SYSTEMPATH\CodeIgniter.php(934): App\Controllers\Sensor->get_data_sensor('192.168.137.6', 'voltage')
 3 SYSTEMPATH\CodeIgniter.php(499): CodeIgniter\CodeIgniter->runController(Object(App\Controllers\Sensor))
 4 SYSTEMPATH\CodeIgniter.php(368): CodeIgniter\CodeIgniter->handleRequest(null, Object(Config\Cache), false)
 5 FCPATH\index.php(67): CodeIgniter\CodeIgniter->run()
 6 SYSTEMPATH\Commands\Server\rewrite.php(47): require_once('D:\\Tugas Akhir\\Codeigniter\\monelis\\public\\index.php')
CRITICAL - 2023-07-10 13:01:35 --> Attempt to read property "state" on null
in APPPATH\Controllers\Sensor.php on line 76.
 1 APPPATH\Controllers\Sensor.php(76): CodeIgniter\Debug\Exceptions->errorHandler(2, 'Attempt to read property "state" on null', 'D:\\Tugas Akhir\\Codeigniter\\monelis\\app\\Controllers\\Sensor.php', 76)
 2 SYSTEMPATH\CodeIgniter.php(934): App\Controllers\Sensor->get_data_sensor('192.168.137.6', 'watt')
 3 SYSTEMPATH\CodeIgniter.php(499): CodeIgniter\CodeIgniter->runController(Object(App\Controllers\Sensor))
 4 SYSTEMPATH\CodeIgniter.php(368): CodeIgniter\CodeIgniter->handleRequest(null, Object(Config\Cache), false)
 5 FCPATH\index.php(67): CodeIgniter\CodeIgniter->run()
 6 SYSTEMPATH\Commands\Server\rewrite.php(47): require_once('D:\\Tugas Akhir\\Codeigniter\\monelis\\public\\index.php')
CRITICAL - 2023-07-10 13:01:57 --> Attempt to read property "state" on null
in APPPATH\Controllers\Sensor.php on line 76.
 1 APPPATH\Controllers\Sensor.php(76): CodeIgniter\Debug\Exceptions->errorHandler(2, 'Attempt to read property "state" on null', 'D:\\Tugas Akhir\\Codeigniter\\monelis\\app\\Controllers\\Sensor.php', 76)
 2 SYSTEMPATH\CodeIgniter.php(934): App\Controllers\Sensor->get_data_sensor('192.168.137.6', 'current')
 3 SYSTEMPATH\CodeIgniter.php(499): CodeIgniter\CodeIgniter->runController(Object(App\Controllers\Sensor))
 4 SYSTEMPATH\CodeIgniter.php(368): CodeIgniter\CodeIgniter->handleRequest(null, Object(Config\Cache), false)
 5 FCPATH\index.php(67): CodeIgniter\CodeIgniter->run()
 6 SYSTEMPATH\Commands\Server\rewrite.php(47): require_once('D:\\Tugas Akhir\\Codeigniter\\monelis\\public\\index.php')
INFO - 2023-07-10 13:01:58 --> Session: Class initialized using 'CodeIgniter\Session\Handlers\FileHandler' driver.
INFO - 2023-07-10 13:02:06 --> Session: Class initialized using 'CodeIgniter\Session\Handlers\FileHandler' driver.
INFO - 2023-07-10 13:02:06 --> Session: Class initialized using 'CodeIgniter\Session\Handlers\FileHandler' driver.
INFO - 2023-07-10 14:31:06 --> Session: Class initialized using 'CodeIgniter\Session\Handlers\FileHandler' driver.
INFO - 2023-07-10 18:41:59 --> Session: Class initialized using 'CodeIgniter\Session\Handlers\FileHandler' driver.
CRITICAL - 2023-07-10 23:48:53 --> Illegal offset type
in SYSTEMPATH\Database\BaseBuilder.php on line 741.
 1 SYSTEMPATH\Database\BaseBuilder.php(698): CodeIgniter\Database\BaseBuilder->whereHaving('QBWhere', Object(Closure), null, 'AND ', null)
 2 SYSTEMPATH\Model.php(840): CodeIgniter\Database\BaseBuilder->where(Object(Closure))
 3 APPPATH\Models\ModelDetailSensor.php(40): CodeIgniter\Model->__call('where', [...])
 4 APPPATH\Controllers\Monitoring.php(24): App\Models\ModelDetailSensor->get_data()
 5 SYSTEMPATH\CodeIgniter.php(934): App\Controllers\Monitoring->index()
 6 SYSTEMPATH\CodeIgniter.php(499): CodeIgniter\CodeIgniter->runController(Object(App\Controllers\Monitoring))
 7 SYSTEMPATH\CodeIgniter.php(368): CodeIgniter\CodeIgniter->handleRequest(null, Object(Config\Cache), false)
 8 FCPATH\index.php(67): CodeIgniter\CodeIgniter->run()
 9 SYSTEMPATH\Commands\Server\rewrite.php(47): require_once('D:\\Tugas Akhir\\Codeigniter\\monelis\\public\\index.php')
CRITICAL - 2023-07-10 23:50:41 --> Illegal offset type
in SYSTEMPATH\Database\BaseBuilder.php on line 741.
 1 SYSTEMPATH\Database\BaseBuilder.php(698): CodeIgniter\Database\BaseBuilder->whereHaving('QBWhere', Object(Closure), null, 'AND ', null)
 2 SYSTEMPATH\Model.php(840): CodeIgniter\Database\BaseBuilder->where(Object(Closure))
 3 APPPATH\Models\ModelDetailSensor.php(40): CodeIgniter\Model->__call('where', [...])
 4 APPPATH\Controllers\Monitoring.php(24): App\Models\ModelDetailSensor->get_data()
 5 SYSTEMPATH\CodeIgniter.php(934): App\Controllers\Monitoring->index()
 6 SYSTEMPATH\CodeIgniter.php(499): CodeIgniter\CodeIgniter->runController(Object(App\Controllers\Monitoring))
 7 SYSTEMPATH\CodeIgniter.php(368): CodeIgniter\CodeIgniter->handleRequest(null, Object(Config\Cache), false)
 8 FCPATH\index.php(67): CodeIgniter\CodeIgniter->run()
 9 SYSTEMPATH\Commands\Server\rewrite.php(47): require_once('D:\\Tugas Akhir\\Codeigniter\\monelis\\public\\index.php')
CRITICAL - 2023-07-10 23:54:40 --> Illegal offset type
in SYSTEMPATH\Database\BaseBuilder.php on line 741.
 1 SYSTEMPATH\Database\BaseBuilder.php(698): CodeIgniter\Database\BaseBuilder->whereHaving('QBWhere', Object(Closure), null, 'AND ', null)
 2 SYSTEMPATH\Model.php(840): CodeIgniter\Database\BaseBuilder->where(Object(Closure))
 3 APPPATH\Models\ModelDetailSensor.php(40): CodeIgniter\Model->__call('where', [...])
 4 APPPATH\Controllers\Monitoring.php(24): App\Models\ModelDetailSensor->get_data()
 5 SYSTEMPATH\CodeIgniter.php(934): App\Controllers\Monitoring->index()
 6 SYSTEMPATH\CodeIgniter.php(499): CodeIgniter\CodeIgniter->runController(Object(App\Controllers\Monitoring))
 7 SYSTEMPATH\CodeIgniter.php(368): CodeIgniter\CodeIgniter->handleRequest(null, Object(Config\Cache), false)
 8 FCPATH\index.php(67): CodeIgniter\CodeIgniter->run()
 9 SYSTEMPATH\Commands\Server\rewrite.php(47): require_once('D:\\Tugas Akhir\\Codeigniter\\monelis\\public\\index.php')
CRITICAL - 2023-07-10 23:56:58 --> Illegal offset type
in SYSTEMPATH\Database\BaseBuilder.php on line 741.
 1 SYSTEMPATH\Database\BaseBuilder.php(698): CodeIgniter\Database\BaseBuilder->whereHaving('QBWhere', Object(Closure), null, 'AND ', null)
 2 SYSTEMPATH\Model.php(840): CodeIgniter\Database\BaseBuilder->where(Object(Closure))
 3 APPPATH\Models\ModelDetailSensor.php(40): CodeIgniter\Model->__call('where', [...])
 4 APPPATH\Controllers\Monitoring.php(24): App\Models\ModelDetailSensor->get_data()
 5 SYSTEMPATH\CodeIgniter.php(934): App\Controllers\Monitoring->index()
 6 SYSTEMPATH\CodeIgniter.php(499): CodeIgniter\CodeIgniter->runController(Object(App\Controllers\Monitoring))
 7 SYSTEMPATH\CodeIgniter.php(368): CodeIgniter\CodeIgniter->handleRequest(null, Object(Config\Cache), false)
 8 FCPATH\index.php(67): CodeIgniter\CodeIgniter->run()
 9 SYSTEMPATH\Commands\Server\rewrite.php(47): require_once('D:\\Tugas Akhir\\Codeigniter\\monelis\\public\\index.php')
