ERROR - 2023-05-21 05:18:34 --> Error connecting to the database: mysqli_sql_exception: No connection could be made because the target machine actively refused it in D:\Tugas Akhir\Codeigniter\monelis\system\Database\MySQLi\Connection.php:174
Stack trace:
#0 D:\Tugas Akhir\Codeigniter\monelis\system\Database\MySQLi\Connection.php(174): mysqli->real_connect('localhost', 'root', '', 'db_monelis', 3306, '', 0)
#1 D:\Tugas Akhir\Codeigniter\monelis\system\Database\BaseConnection.php(391): CodeIgniter\Database\MySQLi\Connection->connect(false)
#2 D:\Tugas Akhir\Codeigniter\monelis\system\Database\BaseConnection.php(574): CodeIgniter\Database\BaseConnection->initialize()
#3 D:\Tugas Akhir\Codeigniter\monelis\system\Database\BaseBuilder.php(1616): CodeIgniter\Database\BaseConnection->query('SELECT *\nFROM `...', Array, false)
#4 D:\Tugas Akhir\Codeigniter\monelis\system\Model.php(241): CodeIgniter\Database\BaseBuilder->get()
#5 D:\Tugas Akhir\Codeigniter\monelis\system\BaseModel.php(618): CodeIgniter\Model->doFindAll(0, 0)
#6 D:\Tugas Akhir\Codeigniter\monelis\app\Controllers\Device.php(20): CodeIgniter\BaseModel->findAll()
#7 D:\Tugas Akhir\Codeigniter\monelis\system\CodeIgniter.php(934): App\Controllers\Device->index()
#8 D:\Tugas Akhir\Codeigniter\monelis\system\CodeIgniter.php(499): CodeIgniter\CodeIgniter->runController(Object(App\Controllers\Device))
#9 D:\Tugas Akhir\Codeigniter\monelis\system\CodeIgniter.php(368): CodeIgniter\CodeIgniter->handleRequest(NULL, Object(Config\Cache), false)
#10 D:\Tugas Akhir\Codeigniter\monelis\public\index.php(67): CodeIgniter\CodeIgniter->run()
#11 D:\Tugas Akhir\Codeigniter\monelis\system\Commands\Server\rewrite.php(47): require_once('D:\\Tugas Akhir\\...')
#12 {main}

Next CodeIgniter\Database\Exceptions\DatabaseException: No connection could be made because the target machine actively refused it in D:\Tugas Akhir\Codeigniter\monelis\system\Database\MySQLi\Connection.php:218
Stack trace:
#0 D:\Tugas Akhir\Codeigniter\monelis\system\Database\BaseConnection.php(391): CodeIgniter\Database\MySQLi\Connection->connect(false)
#1 D:\Tugas Akhir\Codeigniter\monelis\system\Database\BaseConnection.php(574): CodeIgniter\Database\BaseConnection->initialize()
#2 D:\Tugas Akhir\Codeigniter\monelis\system\Database\BaseBuilder.php(1616): CodeIgniter\Database\BaseConnection->query('SELECT *\nFROM `...', Array, false)
#3 D:\Tugas Akhir\Codeigniter\monelis\system\Model.php(241): CodeIgniter\Database\BaseBuilder->get()
#4 D:\Tugas Akhir\Codeigniter\monelis\system\BaseModel.php(618): CodeIgniter\Model->doFindAll(0, 0)
#5 D:\Tugas Akhir\Codeigniter\monelis\app\Controllers\Device.php(20): CodeIgniter\BaseModel->findAll()
#6 D:\Tugas Akhir\Codeigniter\monelis\system\CodeIgniter.php(934): App\Controllers\Device->index()
#7 D:\Tugas Akhir\Codeigniter\monelis\system\CodeIgniter.php(499): CodeIgniter\CodeIgniter->runController(Object(App\Controllers\Device))
#8 D:\Tugas Akhir\Codeigniter\monelis\system\CodeIgniter.php(368): CodeIgniter\CodeIgniter->handleRequest(NULL, Object(Config\Cache), false)
#9 D:\Tugas Akhir\Codeigniter\monelis\public\index.php(67): CodeIgniter\CodeIgniter->run()
#10 D:\Tugas Akhir\Codeigniter\monelis\system\Commands\Server\rewrite.php(47): require_once('D:\\Tugas Akhir\\...')
#11 {main}
CRITICAL - 2023-05-21 05:18:34 --> Unable to connect to the database.
Main connection [MySQLi]: No connection could be made because the target machine actively refused it
in SYSTEMPATH\Database\BaseConnection.php on line 427.
 1 SYSTEMPATH\Database\BaseConnection.php(574): CodeIgniter\Database\BaseConnection->initialize()
 2 SYSTEMPATH\Database\BaseBuilder.php(1616): CodeIgniter\Database\BaseConnection->query('SELECT *
FROM `devices`', [], false)
 3 SYSTEMPATH\Model.php(241): CodeIgniter\Database\BaseBuilder->get()
 4 SYSTEMPATH\BaseModel.php(618): CodeIgniter\Model->doFindAll(0, 0)
 5 APPPATH\Controllers\Device.php(20): CodeIgniter\BaseModel->findAll()
 6 SYSTEMPATH\CodeIgniter.php(934): App\Controllers\Device->index()
 7 SYSTEMPATH\CodeIgniter.php(499): CodeIgniter\CodeIgniter->runController(Object(App\Controllers\Device))
 8 SYSTEMPATH\CodeIgniter.php(368): CodeIgniter\CodeIgniter->handleRequest(null, Object(Config\Cache), false)
 9 FCPATH\index.php(67): CodeIgniter\CodeIgniter->run()
10 SYSTEMPATH\Commands\Server\rewrite.php(47): require_once('D:\\Tugas Akhir\\Codeigniter\\monelis\\public\\index.php')
CRITICAL - 2023-05-21 08:20:22 --> Undefined variable $devices
in APPPATH\Views\content\device.php on line 81.
 1 APPPATH\Views\content\device.php(81): CodeIgniter\Debug\Exceptions->errorHandler(2, 'Undefined variable $devices', 'D:\\Tugas Akhir\\Codeigniter\\monelis\\app\\Views\\content\\device.php', 81)
 2 SYSTEMPATH\View\View.php(213): include('D:\\Tugas Akhir\\Codeigniter\\monelis\\app\\Views\\content\\device.php')
 3 SYSTEMPATH\View\View.php(216): CodeIgniter\View\View->CodeIgniter\View\{closure}()
 4 SYSTEMPATH\Common.php(1184): CodeIgniter\View\View->render('content/device', [], true)
 5 APPPATH\Controllers\Device.php(43): view('content/device')
 6 SYSTEMPATH\CodeIgniter.php(934): App\Controllers\Device->save()
 7 SYSTEMPATH\CodeIgniter.php(499): CodeIgniter\CodeIgniter->runController(Object(App\Controllers\Device))
 8 SYSTEMPATH\CodeIgniter.php(368): CodeIgniter\CodeIgniter->handleRequest(null, Object(Config\Cache), false)
 9 FCPATH\index.php(67): CodeIgniter\CodeIgniter->run()
10 SYSTEMPATH\Commands\Server\rewrite.php(47): require_once('D:\\Tugas Akhir\\Codeigniter\\monelis\\public\\index.php')
CRITICAL - 2023-05-21 11:56:14 --> Undefined variable $devices
in APPPATH\Views\content\device.php on line 88.
 1 APPPATH\Views\content\device.php(88): CodeIgniter\Debug\Exceptions->errorHandler(2, 'Undefined variable $devices', 'D:\\Tugas Akhir\\Codeigniter\\monelis\\app\\Views\\content\\device.php', 88)
 2 SYSTEMPATH\View\View.php(213): include('D:\\Tugas Akhir\\Codeigniter\\monelis\\app\\Views\\content\\device.php')
 3 SYSTEMPATH\View\View.php(216): CodeIgniter\View\View->CodeIgniter\View\{closure}()
 4 SYSTEMPATH\Common.php(1184): CodeIgniter\View\View->render('content/device', [], true)
 5 APPPATH\Controllers\Device.php(43): view('content/device')
 6 SYSTEMPATH\CodeIgniter.php(934): App\Controllers\Device->save()
 7 SYSTEMPATH\CodeIgniter.php(499): CodeIgniter\CodeIgniter->runController(Object(App\Controllers\Device))
 8 SYSTEMPATH\CodeIgniter.php(368): CodeIgniter\CodeIgniter->handleRequest(null, Object(Config\Cache), false)
 9 FCPATH\index.php(67): CodeIgniter\CodeIgniter->run()
10 SYSTEMPATH\Commands\Server\rewrite.php(47): require_once('D:\\Tugas Akhir\\Codeigniter\\monelis\\public\\index.php')
INFO - 2023-05-21 12:21:30 --> Session: Class initialized using 'CodeIgniter\Session\Handlers\FileHandler' driver.
INFO - 2023-05-21 12:38:00 --> Session: Class initialized using 'CodeIgniter\Session\Handlers\FileHandler' driver.
INFO - 2023-05-21 12:38:20 --> Session: Class initialized using 'CodeIgniter\Session\Handlers\FileHandler' driver.
INFO - 2023-05-21 12:38:20 --> Session: Class initialized using 'CodeIgniter\Session\Handlers\FileHandler' driver.
INFO - 2023-05-21 12:39:43 --> Session: Class initialized using 'CodeIgniter\Session\Handlers\FileHandler' driver.
INFO - 2023-05-21 12:39:43 --> Session: Class initialized using 'CodeIgniter\Session\Handlers\FileHandler' driver.
INFO - 2023-05-21 12:40:00 --> Session: Class initialized using 'CodeIgniter\Session\Handlers\FileHandler' driver.
INFO - 2023-05-21 12:41:16 --> Session: Class initialized using 'CodeIgniter\Session\Handlers\FileHandler' driver.
INFO - 2023-05-21 12:41:16 --> Session: Class initialized using 'CodeIgniter\Session\Handlers\FileHandler' driver.
INFO - 2023-05-21 12:43:53 --> Session: Class initialized using 'CodeIgniter\Session\Handlers\FileHandler' driver.
INFO - 2023-05-21 12:44:05 --> Session: Class initialized using 'CodeIgniter\Session\Handlers\FileHandler' driver.
INFO - 2023-05-21 12:44:06 --> Session: Class initialized using 'CodeIgniter\Session\Handlers\FileHandler' driver.
INFO - 2023-05-21 12:45:57 --> Session: Class initialized using 'CodeIgniter\Session\Handlers\FileHandler' driver.
INFO - 2023-05-21 12:46:11 --> Session: Class initialized using 'CodeIgniter\Session\Handlers\FileHandler' driver.
INFO - 2023-05-21 12:46:11 --> Session: Class initialized using 'CodeIgniter\Session\Handlers\FileHandler' driver.
INFO - 2023-05-21 13:04:59 --> Session: Class initialized using 'CodeIgniter\Session\Handlers\FileHandler' driver.
INFO - 2023-05-21 13:04:59 --> Session: Class initialized using 'CodeIgniter\Session\Handlers\FileHandler' driver.
INFO - 2023-05-21 13:11:14 --> Session: Class initialized using 'CodeIgniter\Session\Handlers\FileHandler' driver.
INFO - 2023-05-21 13:44:38 --> Session: Class initialized using 'CodeIgniter\Session\Handlers\FileHandler' driver.
INFO - 2023-05-21 13:46:27 --> Session: Class initialized using 'CodeIgniter\Session\Handlers\FileHandler' driver.
INFO - 2023-05-21 13:47:03 --> Session: Class initialized using 'CodeIgniter\Session\Handlers\FileHandler' driver.
INFO - 2023-05-21 14:19:04 --> Session: Class initialized using 'CodeIgniter\Session\Handlers\FileHandler' driver.
INFO - 2023-05-21 14:21:34 --> Session: Class initialized using 'CodeIgniter\Session\Handlers\FileHandler' driver.
INFO - 2023-05-21 14:22:57 --> Session: Class initialized using 'CodeIgniter\Session\Handlers\FileHandler' driver.
INFO - 2023-05-21 14:24:45 --> Session: Class initialized using 'CodeIgniter\Session\Handlers\FileHandler' driver.
INFO - 2023-05-21 14:24:49 --> Session: Class initialized using 'CodeIgniter\Session\Handlers\FileHandler' driver.
INFO - 2023-05-21 14:43:49 --> Session: Class initialized using 'CodeIgniter\Session\Handlers\FileHandler' driver.
INFO - 2023-05-21 14:56:20 --> Session: Class initialized using 'CodeIgniter\Session\Handlers\FileHandler' driver.
INFO - 2023-05-21 14:56:57 --> Session: Class initialized using 'CodeIgniter\Session\Handlers\FileHandler' driver.
INFO - 2023-05-21 14:58:59 --> Session: Class initialized using 'CodeIgniter\Session\Handlers\FileHandler' driver.
INFO - 2023-05-21 14:59:55 --> Session: Class initialized using 'CodeIgniter\Session\Handlers\FileHandler' driver.
INFO - 2023-05-21 15:16:47 --> Session: Class initialized using 'CodeIgniter\Session\Handlers\FileHandler' driver.
