ERROR - 2023-05-25 03:32:39 --> Error connecting to the database: mysqli_sql_exception: No connection could be made because the target machine actively refused it in D:\Tugas Akhir\Codeigniter\monelis\system\Database\MySQLi\Connection.php:174
Stack trace:
#0 D:\Tugas Akhir\Codeigniter\monelis\system\Database\MySQLi\Connection.php(174): mysqli->real_connect('localhost', 'root', '', 'db_monelis', 3306, '', 0)
#1 D:\Tugas Akhir\Codeigniter\monelis\system\Database\BaseConnection.php(391): CodeIgniter\Database\MySQLi\Connection->connect(false)
#2 D:\Tugas Akhir\Codeigniter\monelis\system\Database\BaseConnection.php(574): CodeIgniter\Database\BaseConnection->initialize()
#3 D:\Tugas Akhir\Codeigniter\monelis\system\Database\BaseBuilder.php(1645): CodeIgniter\Database\BaseConnection->query('SELECT COUNT(*)...', NULL, false)
#4 D:\Tugas Akhir\Codeigniter\monelis\app\Models\DashboardModel.php(20): CodeIgniter\Database\BaseBuilder->countAll()
#5 D:\Tugas Akhir\Codeigniter\monelis\app\Controllers\Dashboard.php(24): App\Models\DashboardModel->totalDevices()
#6 D:\Tugas Akhir\Codeigniter\monelis\system\CodeIgniter.php(934): App\Controllers\Dashboard->index()
#7 D:\Tugas Akhir\Codeigniter\monelis\system\CodeIgniter.php(499): CodeIgniter\CodeIgniter->runController(Object(App\Controllers\Dashboard))
#8 D:\Tugas Akhir\Codeigniter\monelis\system\CodeIgniter.php(368): CodeIgniter\CodeIgniter->handleRequest(NULL, Object(Config\Cache), false)
#9 D:\Tugas Akhir\Codeigniter\monelis\public\index.php(67): CodeIgniter\CodeIgniter->run()
#10 D:\Tugas Akhir\Codeigniter\monelis\system\Commands\Server\rewrite.php(47): require_once('D:\\Tugas Akhir\\...')
#11 {main}

Next CodeIgniter\Database\Exceptions\DatabaseException: No connection could be made because the target machine actively refused it in D:\Tugas Akhir\Codeigniter\monelis\system\Database\MySQLi\Connection.php:218
Stack trace:
#0 D:\Tugas Akhir\Codeigniter\monelis\system\Database\BaseConnection.php(391): CodeIgniter\Database\MySQLi\Connection->connect(false)
#1 D:\Tugas Akhir\Codeigniter\monelis\system\Database\BaseConnection.php(574): CodeIgniter\Database\BaseConnection->initialize()
#2 D:\Tugas Akhir\Codeigniter\monelis\system\Database\BaseBuilder.php(1645): CodeIgniter\Database\BaseConnection->query('SELECT COUNT(*)...', NULL, false)
#3 D:\Tugas Akhir\Codeigniter\monelis\app\Models\DashboardModel.php(20): CodeIgniter\Database\BaseBuilder->countAll()
#4 D:\Tugas Akhir\Codeigniter\monelis\app\Controllers\Dashboard.php(24): App\Models\DashboardModel->totalDevices()
#5 D:\Tugas Akhir\Codeigniter\monelis\system\CodeIgniter.php(934): App\Controllers\Dashboard->index()
#6 D:\Tugas Akhir\Codeigniter\monelis\system\CodeIgniter.php(499): CodeIgniter\CodeIgniter->runController(Object(App\Controllers\Dashboard))
#7 D:\Tugas Akhir\Codeigniter\monelis\system\CodeIgniter.php(368): CodeIgniter\CodeIgniter->handleRequest(NULL, Object(Config\Cache), false)
#8 D:\Tugas Akhir\Codeigniter\monelis\public\index.php(67): CodeIgniter\CodeIgniter->run()
#9 D:\Tugas Akhir\Codeigniter\monelis\system\Commands\Server\rewrite.php(47): require_once('D:\\Tugas Akhir\\...')
#10 {main}
CRITICAL - 2023-05-25 03:32:39 --> Unable to connect to the database.
Main connection [MySQLi]: No connection could be made because the target machine actively refused it
in SYSTEMPATH\Database\BaseConnection.php on line 427.
 1 SYSTEMPATH\Database\BaseConnection.php(574): CodeIgniter\Database\BaseConnection->initialize()
 2 SYSTEMPATH\Database\BaseBuilder.php(1645): CodeIgniter\Database\BaseConnection->query('SELECT COUNT(*) AS `numrows` FROM `devices`', null, false)
 3 APPPATH\Models\DashboardModel.php(20): CodeIgniter\Database\BaseBuilder->countAll()
 4 APPPATH\Controllers\Dashboard.php(24): App\Models\DashboardModel->totalDevices()
 5 SYSTEMPATH\CodeIgniter.php(934): App\Controllers\Dashboard->index()
 6 SYSTEMPATH\CodeIgniter.php(499): CodeIgniter\CodeIgniter->runController(Object(App\Controllers\Dashboard))
 7 SYSTEMPATH\CodeIgniter.php(368): CodeIgniter\CodeIgniter->handleRequest(null, Object(Config\Cache), false)
 8 FCPATH\index.php(67): CodeIgniter\CodeIgniter->run()
 9 SYSTEMPATH\Commands\Server\rewrite.php(47): require_once('D:\\Tugas Akhir\\Codeigniter\\monelis\\public\\index.php')
ERROR - 2023-05-25 03:32:43 --> Error connecting to the database: mysqli_sql_exception: No connection could be made because the target machine actively refused it in D:\Tugas Akhir\Codeigniter\monelis\system\Database\MySQLi\Connection.php:174
Stack trace:
#0 D:\Tugas Akhir\Codeigniter\monelis\system\Database\MySQLi\Connection.php(174): mysqli->real_connect('localhost', 'root', '', 'db_monelis', 3306, '', 0)
#1 D:\Tugas Akhir\Codeigniter\monelis\system\Database\BaseConnection.php(391): CodeIgniter\Database\MySQLi\Connection->connect(false)
#2 D:\Tugas Akhir\Codeigniter\monelis\system\Database\BaseConnection.php(574): CodeIgniter\Database\BaseConnection->initialize()
#3 D:\Tugas Akhir\Codeigniter\monelis\system\Database\BaseBuilder.php(1645): CodeIgniter\Database\BaseConnection->query('SELECT COUNT(*)...', NULL, false)
#4 D:\Tugas Akhir\Codeigniter\monelis\app\Models\DashboardModel.php(20): CodeIgniter\Database\BaseBuilder->countAll()
#5 D:\Tugas Akhir\Codeigniter\monelis\app\Controllers\Dashboard.php(24): App\Models\DashboardModel->totalDevices()
#6 D:\Tugas Akhir\Codeigniter\monelis\system\CodeIgniter.php(934): App\Controllers\Dashboard->index()
#7 D:\Tugas Akhir\Codeigniter\monelis\system\CodeIgniter.php(499): CodeIgniter\CodeIgniter->runController(Object(App\Controllers\Dashboard))
#8 D:\Tugas Akhir\Codeigniter\monelis\system\CodeIgniter.php(368): CodeIgniter\CodeIgniter->handleRequest(NULL, Object(Config\Cache), false)
#9 D:\Tugas Akhir\Codeigniter\monelis\public\index.php(67): CodeIgniter\CodeIgniter->run()
#10 D:\Tugas Akhir\Codeigniter\monelis\system\Commands\Server\rewrite.php(47): require_once('D:\\Tugas Akhir\\...')
#11 {main}

Next CodeIgniter\Database\Exceptions\DatabaseException: No connection could be made because the target machine actively refused it in D:\Tugas Akhir\Codeigniter\monelis\system\Database\MySQLi\Connection.php:218
Stack trace:
#0 D:\Tugas Akhir\Codeigniter\monelis\system\Database\BaseConnection.php(391): CodeIgniter\Database\MySQLi\Connection->connect(false)
#1 D:\Tugas Akhir\Codeigniter\monelis\system\Database\BaseConnection.php(574): CodeIgniter\Database\BaseConnection->initialize()
#2 D:\Tugas Akhir\Codeigniter\monelis\system\Database\BaseBuilder.php(1645): CodeIgniter\Database\BaseConnection->query('SELECT COUNT(*)...', NULL, false)
#3 D:\Tugas Akhir\Codeigniter\monelis\app\Models\DashboardModel.php(20): CodeIgniter\Database\BaseBuilder->countAll()
#4 D:\Tugas Akhir\Codeigniter\monelis\app\Controllers\Dashboard.php(24): App\Models\DashboardModel->totalDevices()
#5 D:\Tugas Akhir\Codeigniter\monelis\system\CodeIgniter.php(934): App\Controllers\Dashboard->index()
#6 D:\Tugas Akhir\Codeigniter\monelis\system\CodeIgniter.php(499): CodeIgniter\CodeIgniter->runController(Object(App\Controllers\Dashboard))
#7 D:\Tugas Akhir\Codeigniter\monelis\system\CodeIgniter.php(368): CodeIgniter\CodeIgniter->handleRequest(NULL, Object(Config\Cache), false)
#8 D:\Tugas Akhir\Codeigniter\monelis\public\index.php(67): CodeIgniter\CodeIgniter->run()
#9 D:\Tugas Akhir\Codeigniter\monelis\system\Commands\Server\rewrite.php(47): require_once('D:\\Tugas Akhir\\...')
#10 {main}
CRITICAL - 2023-05-25 03:32:43 --> Unable to connect to the database.
Main connection [MySQLi]: No connection could be made because the target machine actively refused it
in SYSTEMPATH\Database\BaseConnection.php on line 427.
 1 SYSTEMPATH\Database\BaseConnection.php(574): CodeIgniter\Database\BaseConnection->initialize()
 2 SYSTEMPATH\Database\BaseBuilder.php(1645): CodeIgniter\Database\BaseConnection->query('SELECT COUNT(*) AS `numrows` FROM `devices`', null, false)
 3 APPPATH\Models\DashboardModel.php(20): CodeIgniter\Database\BaseBuilder->countAll()
 4 APPPATH\Controllers\Dashboard.php(24): App\Models\DashboardModel->totalDevices()
 5 SYSTEMPATH\CodeIgniter.php(934): App\Controllers\Dashboard->index()
 6 SYSTEMPATH\CodeIgniter.php(499): CodeIgniter\CodeIgniter->runController(Object(App\Controllers\Dashboard))
 7 SYSTEMPATH\CodeIgniter.php(368): CodeIgniter\CodeIgniter->handleRequest(null, Object(Config\Cache), false)
 8 FCPATH\index.php(67): CodeIgniter\CodeIgniter->run()
 9 SYSTEMPATH\Commands\Server\rewrite.php(47): require_once('D:\\Tugas Akhir\\Codeigniter\\monelis\\public\\index.php')
INFO - 2023-05-25 03:33:03 --> Session: Class initialized using 'CodeIgniter\Session\Handlers\FileHandler' driver.
INFO - 2023-05-25 03:33:13 --> Session: Class initialized using 'CodeIgniter\Session\Handlers\FileHandler' driver.
INFO - 2023-05-25 03:33:13 --> Session: Class initialized using 'CodeIgniter\Session\Handlers\FileHandler' driver.
INFO - 2023-05-25 05:50:50 --> Session: Class initialized using 'CodeIgniter\Session\Handlers\FileHandler' driver.
ERROR - 2023-05-25 13:10:32 --> Error connecting to the database: mysqli_sql_exception: No connection could be made because the target machine actively refused it in D:\Tugas Akhir\Codeigniter\monelis\system\Database\MySQLi\Connection.php:174
Stack trace:
#0 D:\Tugas Akhir\Codeigniter\monelis\system\Database\MySQLi\Connection.php(174): mysqli->real_connect('localhost', 'root', '', 'db_monelis', 3306, '', 0)
#1 D:\Tugas Akhir\Codeigniter\monelis\system\Database\BaseConnection.php(391): CodeIgniter\Database\MySQLi\Connection->connect(false)
#2 D:\Tugas Akhir\Codeigniter\monelis\system\Database\BaseConnection.php(574): CodeIgniter\Database\BaseConnection->initialize()
#3 D:\Tugas Akhir\Codeigniter\monelis\system\Database\BaseBuilder.php(1645): CodeIgniter\Database\BaseConnection->query('SELECT COUNT(*)...', NULL, false)
#4 D:\Tugas Akhir\Codeigniter\monelis\app\Models\DashboardModel.php(20): CodeIgniter\Database\BaseBuilder->countAll()
#5 D:\Tugas Akhir\Codeigniter\monelis\app\Controllers\Dashboard.php(24): App\Models\DashboardModel->totalDevices()
#6 D:\Tugas Akhir\Codeigniter\monelis\system\CodeIgniter.php(934): App\Controllers\Dashboard->index()
#7 D:\Tugas Akhir\Codeigniter\monelis\system\CodeIgniter.php(499): CodeIgniter\CodeIgniter->runController(Object(App\Controllers\Dashboard))
#8 D:\Tugas Akhir\Codeigniter\monelis\system\CodeIgniter.php(368): CodeIgniter\CodeIgniter->handleRequest(NULL, Object(Config\Cache), false)
#9 D:\Tugas Akhir\Codeigniter\monelis\public\index.php(67): CodeIgniter\CodeIgniter->run()
#10 D:\Tugas Akhir\Codeigniter\monelis\system\Commands\Server\rewrite.php(47): require_once('D:\\Tugas Akhir\\...')
#11 {main}

Next CodeIgniter\Database\Exceptions\DatabaseException: No connection could be made because the target machine actively refused it in D:\Tugas Akhir\Codeigniter\monelis\system\Database\MySQLi\Connection.php:218
Stack trace:
#0 D:\Tugas Akhir\Codeigniter\monelis\system\Database\BaseConnection.php(391): CodeIgniter\Database\MySQLi\Connection->connect(false)
#1 D:\Tugas Akhir\Codeigniter\monelis\system\Database\BaseConnection.php(574): CodeIgniter\Database\BaseConnection->initialize()
#2 D:\Tugas Akhir\Codeigniter\monelis\system\Database\BaseBuilder.php(1645): CodeIgniter\Database\BaseConnection->query('SELECT COUNT(*)...', NULL, false)
#3 D:\Tugas Akhir\Codeigniter\monelis\app\Models\DashboardModel.php(20): CodeIgniter\Database\BaseBuilder->countAll()
#4 D:\Tugas Akhir\Codeigniter\monelis\app\Controllers\Dashboard.php(24): App\Models\DashboardModel->totalDevices()
#5 D:\Tugas Akhir\Codeigniter\monelis\system\CodeIgniter.php(934): App\Controllers\Dashboard->index()
#6 D:\Tugas Akhir\Codeigniter\monelis\system\CodeIgniter.php(499): CodeIgniter\CodeIgniter->runController(Object(App\Controllers\Dashboard))
#7 D:\Tugas Akhir\Codeigniter\monelis\system\CodeIgniter.php(368): CodeIgniter\CodeIgniter->handleRequest(NULL, Object(Config\Cache), false)
#8 D:\Tugas Akhir\Codeigniter\monelis\public\index.php(67): CodeIgniter\CodeIgniter->run()
#9 D:\Tugas Akhir\Codeigniter\monelis\system\Commands\Server\rewrite.php(47): require_once('D:\\Tugas Akhir\\...')
#10 {main}
CRITICAL - 2023-05-25 13:10:32 --> Unable to connect to the database.
Main connection [MySQLi]: No connection could be made because the target machine actively refused it
in SYSTEMPATH\Database\BaseConnection.php on line 427.
 1 SYSTEMPATH\Database\BaseConnection.php(574): CodeIgniter\Database\BaseConnection->initialize()
 2 SYSTEMPATH\Database\BaseBuilder.php(1645): CodeIgniter\Database\BaseConnection->query('SELECT COUNT(*) AS `numrows` FROM `devices`', null, false)
 3 APPPATH\Models\DashboardModel.php(20): CodeIgniter\Database\BaseBuilder->countAll()
 4 APPPATH\Controllers\Dashboard.php(24): App\Models\DashboardModel->totalDevices()
 5 SYSTEMPATH\CodeIgniter.php(934): App\Controllers\Dashboard->index()
 6 SYSTEMPATH\CodeIgniter.php(499): CodeIgniter\CodeIgniter->runController(Object(App\Controllers\Dashboard))
 7 SYSTEMPATH\CodeIgniter.php(368): CodeIgniter\CodeIgniter->handleRequest(null, Object(Config\Cache), false)
 8 FCPATH\index.php(67): CodeIgniter\CodeIgniter->run()
 9 SYSTEMPATH\Commands\Server\rewrite.php(47): require_once('D:\\Tugas Akhir\\Codeigniter\\monelis\\public\\index.php')
ERROR - 2023-05-25 13:10:36 --> Error connecting to the database: mysqli_sql_exception: No connection could be made because the target machine actively refused it in D:\Tugas Akhir\Codeigniter\monelis\system\Database\MySQLi\Connection.php:174
Stack trace:
#0 D:\Tugas Akhir\Codeigniter\monelis\system\Database\MySQLi\Connection.php(174): mysqli->real_connect('localhost', 'root', '', 'db_monelis', 3306, '', 0)
#1 D:\Tugas Akhir\Codeigniter\monelis\system\Database\BaseConnection.php(391): CodeIgniter\Database\MySQLi\Connection->connect(false)
#2 D:\Tugas Akhir\Codeigniter\monelis\system\Database\BaseConnection.php(574): CodeIgniter\Database\BaseConnection->initialize()
#3 D:\Tugas Akhir\Codeigniter\monelis\system\Database\BaseBuilder.php(1645): CodeIgniter\Database\BaseConnection->query('SELECT COUNT(*)...', NULL, false)
#4 D:\Tugas Akhir\Codeigniter\monelis\app\Models\DashboardModel.php(20): CodeIgniter\Database\BaseBuilder->countAll()
#5 D:\Tugas Akhir\Codeigniter\monelis\app\Controllers\Dashboard.php(24): App\Models\DashboardModel->totalDevices()
#6 D:\Tugas Akhir\Codeigniter\monelis\system\CodeIgniter.php(934): App\Controllers\Dashboard->index()
#7 D:\Tugas Akhir\Codeigniter\monelis\system\CodeIgniter.php(499): CodeIgniter\CodeIgniter->runController(Object(App\Controllers\Dashboard))
#8 D:\Tugas Akhir\Codeigniter\monelis\system\CodeIgniter.php(368): CodeIgniter\CodeIgniter->handleRequest(NULL, Object(Config\Cache), false)
#9 D:\Tugas Akhir\Codeigniter\monelis\public\index.php(67): CodeIgniter\CodeIgniter->run()
#10 D:\Tugas Akhir\Codeigniter\monelis\system\Commands\Server\rewrite.php(47): require_once('D:\\Tugas Akhir\\...')
#11 {main}

Next CodeIgniter\Database\Exceptions\DatabaseException: No connection could be made because the target machine actively refused it in D:\Tugas Akhir\Codeigniter\monelis\system\Database\MySQLi\Connection.php:218
Stack trace:
#0 D:\Tugas Akhir\Codeigniter\monelis\system\Database\BaseConnection.php(391): CodeIgniter\Database\MySQLi\Connection->connect(false)
#1 D:\Tugas Akhir\Codeigniter\monelis\system\Database\BaseConnection.php(574): CodeIgniter\Database\BaseConnection->initialize()
#2 D:\Tugas Akhir\Codeigniter\monelis\system\Database\BaseBuilder.php(1645): CodeIgniter\Database\BaseConnection->query('SELECT COUNT(*)...', NULL, false)
#3 D:\Tugas Akhir\Codeigniter\monelis\app\Models\DashboardModel.php(20): CodeIgniter\Database\BaseBuilder->countAll()
#4 D:\Tugas Akhir\Codeigniter\monelis\app\Controllers\Dashboard.php(24): App\Models\DashboardModel->totalDevices()
#5 D:\Tugas Akhir\Codeigniter\monelis\system\CodeIgniter.php(934): App\Controllers\Dashboard->index()
#6 D:\Tugas Akhir\Codeigniter\monelis\system\CodeIgniter.php(499): CodeIgniter\CodeIgniter->runController(Object(App\Controllers\Dashboard))
#7 D:\Tugas Akhir\Codeigniter\monelis\system\CodeIgniter.php(368): CodeIgniter\CodeIgniter->handleRequest(NULL, Object(Config\Cache), false)
#8 D:\Tugas Akhir\Codeigniter\monelis\public\index.php(67): CodeIgniter\CodeIgniter->run()
#9 D:\Tugas Akhir\Codeigniter\monelis\system\Commands\Server\rewrite.php(47): require_once('D:\\Tugas Akhir\\...')
#10 {main}
CRITICAL - 2023-05-25 13:10:36 --> Unable to connect to the database.
Main connection [MySQLi]: No connection could be made because the target machine actively refused it
in SYSTEMPATH\Database\BaseConnection.php on line 427.
 1 SYSTEMPATH\Database\BaseConnection.php(574): CodeIgniter\Database\BaseConnection->initialize()
 2 SYSTEMPATH\Database\BaseBuilder.php(1645): CodeIgniter\Database\BaseConnection->query('SELECT COUNT(*) AS `numrows` FROM `devices`', null, false)
 3 APPPATH\Models\DashboardModel.php(20): CodeIgniter\Database\BaseBuilder->countAll()
 4 APPPATH\Controllers\Dashboard.php(24): App\Models\DashboardModel->totalDevices()
 5 SYSTEMPATH\CodeIgniter.php(934): App\Controllers\Dashboard->index()
 6 SYSTEMPATH\CodeIgniter.php(499): CodeIgniter\CodeIgniter->runController(Object(App\Controllers\Dashboard))
 7 SYSTEMPATH\CodeIgniter.php(368): CodeIgniter\CodeIgniter->handleRequest(null, Object(Config\Cache), false)
 8 FCPATH\index.php(67): CodeIgniter\CodeIgniter->run()
 9 SYSTEMPATH\Commands\Server\rewrite.php(47): require_once('D:\\Tugas Akhir\\Codeigniter\\monelis\\public\\index.php')
INFO - 2023-05-25 13:27:34 --> Session: Class initialized using 'CodeIgniter\Session\Handlers\FileHandler' driver.
INFO - 2023-05-25 13:27:43 --> Session: Class initialized using 'CodeIgniter\Session\Handlers\FileHandler' driver.
