CRITICAL - 2023-05-24 11:39:15 --> Undefined variable $totalAlerts
in APPPATH\Views\content\dashboard.php on line 40.
 1 APPPATH\Views\content\dashboard.php(40): CodeIgniter\Debug\Exceptions->errorHandler(2, 'Undefined variable $totalAlerts', 'D:\\Tugas Akhir\\Codeigniter\\monelis\\app\\Views\\content\\dashboard.php', 40)
 2 SYSTEMPATH\View\View.php(213): include('D:\\Tugas Akhir\\Codeigniter\\monelis\\app\\Views\\content\\dashboard.php')
 3 SYSTEMPATH\View\View.php(216): CodeIgniter\View\View->CodeIgniter\View\{closure}()
 4 SYSTEMPATH\Common.php(1184): CodeIgniter\View\View->render('content/dashboard', [], true)
 5 APPPATH\Controllers\Dashboard.php(28): view('content/dashboard', [...])
 6 SYSTEMPATH\CodeIgniter.php(934): App\Controllers\Dashboard->index()
 7 SYSTEMPATH\CodeIgniter.php(499): CodeIgniter\CodeIgniter->runController(Object(App\Controllers\Dashboard))
 8 SYSTEMPATH\CodeIgniter.php(368): CodeIgniter\CodeIgniter->handleRequest(null, Object(Config\Cache), false)
 9 FCPATH\index.php(67): CodeIgniter\CodeIgniter->run()
10 SYSTEMPATH\Commands\Server\rewrite.php(47): require_once('D:\\Tugas Akhir\\Codeigniter\\monelis\\public\\index.php')
INFO - 2023-05-24 12:06:19 --> Session: Class initialized using 'CodeIgniter\Session\Handlers\FileHandler' driver.
INFO - 2023-05-24 12:53:43 --> Session: Class initialized using 'CodeIgniter\Session\Handlers\FileHandler' driver.
ERROR - 2023-05-24 12:53:50 --> mysqli_sql_exception: Cannot delete or update a parent row: a foreign key constraint fails (`db_monelis`.`alert`, CONSTRAINT `alert_ibfk_1` FOREIGN KEY (`id_device`) REFERENCES `devices` (`id_device`) ON DELETE NO ACTION) in D:\Tugas Akhir\Codeigniter\monelis\system\Database\MySQLi\Connection.php:295
Stack trace:
#0 D:\Tugas Akhir\Codeigniter\monelis\system\Database\MySQLi\Connection.php(295): mysqli->query('DELETE FROM `de...', 0)
#1 D:\Tugas Akhir\Codeigniter\monelis\system\Database\BaseConnection.php(692): CodeIgniter\Database\MySQLi\Connection->execute('DELETE FROM `de...')
#2 D:\Tugas Akhir\Codeigniter\monelis\system\Database\BaseConnection.php(606): CodeIgniter\Database\BaseConnection->simpleQuery('DELETE FROM `de...')
#3 D:\Tugas Akhir\Codeigniter\monelis\system\Database\BaseBuilder.php(2791): CodeIgniter\Database\BaseConnection->query('DELETE FROM `de...', Array, false)
#4 D:\Tugas Akhir\Codeigniter\monelis\system\Model.php(456): CodeIgniter\Database\BaseBuilder->delete()
#5 D:\Tugas Akhir\Codeigniter\monelis\system\BaseModel.php(1065): CodeIgniter\Model->doDelete(Array, false)
#6 D:\Tugas Akhir\Codeigniter\monelis\app\Controllers\Device.php(51): CodeIgniter\BaseModel->delete(Array)
#7 D:\Tugas Akhir\Codeigniter\monelis\system\CodeIgniter.php(934): App\Controllers\Device->delete('9')
#8 D:\Tugas Akhir\Codeigniter\monelis\system\CodeIgniter.php(499): CodeIgniter\CodeIgniter->runController(Object(App\Controllers\Device))
#9 D:\Tugas Akhir\Codeigniter\monelis\system\CodeIgniter.php(368): CodeIgniter\CodeIgniter->handleRequest(NULL, Object(Config\Cache), false)
#10 D:\Tugas Akhir\Codeigniter\monelis\public\index.php(67): CodeIgniter\CodeIgniter->run()
#11 D:\Tugas Akhir\Codeigniter\monelis\system\Commands\Server\rewrite.php(47): require_once('D:\\Tugas Akhir\\...')
#12 {main}
CRITICAL - 2023-05-24 12:53:50 --> Cannot delete or update a parent row: a foreign key constraint fails (`db_monelis`.`alert`, CONSTRAINT `alert_ibfk_1` FOREIGN KEY (`id_device`) REFERENCES `devices` (`id_device`) ON DELETE NO ACTION)
in SYSTEMPATH\Database\MySQLi\Connection.php on line 295.
 1 SYSTEMPATH\Database\MySQLi\Connection.php(295): mysqli->query('DELETE FROM `devices`
WHERE `id_device` IN (\'9\')', 0)
 2 SYSTEMPATH\Database\BaseConnection.php(692): CodeIgniter\Database\MySQLi\Connection->execute('DELETE FROM `devices`
WHERE `id_device` IN (\'9\')')
 3 SYSTEMPATH\Database\BaseConnection.php(606): CodeIgniter\Database\BaseConnection->simpleQuery('DELETE FROM `devices`
WHERE `id_device` IN (\'9\')')
 4 SYSTEMPATH\Database\BaseBuilder.php(2791): CodeIgniter\Database\BaseConnection->query('DELETE FROM `devices`
WHERE `id_device` IN :id_device:', [...], false)
 5 SYSTEMPATH\Model.php(456): CodeIgniter\Database\BaseBuilder->delete()
 6 SYSTEMPATH\BaseModel.php(1065): CodeIgniter\Model->doDelete([...], false)
 7 APPPATH\Controllers\Device.php(51): CodeIgniter\BaseModel->delete([...])
 8 SYSTEMPATH\CodeIgniter.php(934): App\Controllers\Device->delete('9')
 9 SYSTEMPATH\CodeIgniter.php(499): CodeIgniter\CodeIgniter->runController(Object(App\Controllers\Device))
10 SYSTEMPATH\CodeIgniter.php(368): CodeIgniter\CodeIgniter->handleRequest(null, Object(Config\Cache), false)
11 FCPATH\index.php(67): CodeIgniter\CodeIgniter->run()
12 SYSTEMPATH\Commands\Server\rewrite.php(47): require_once('D:\\Tugas Akhir\\Codeigniter\\monelis\\public\\index.php')
INFO - 2023-05-24 12:54:14 --> Session: Class initialized using 'CodeIgniter\Session\Handlers\FileHandler' driver.
